============================= test session starts =============================
platform win32 -- Python 3.14.2, pytest-9.0.3, pluggy-1.6.0 -- C:\Users\�⺣��\AppData\Local\Python\pythoncore-3.14-64\python.exe
cachedir: .pytest_cache
rootdir: D:\AUTO-EVO-AI-V0.1
configfile: pytest.ini (WARNING: ignoring pytest config in pyproject.toml!)
plugins: anyio-4.12.1, langsmith-0.7.33, cov-7.1.0
collecting ... collected 7 items

tests/test_e2e_workflows.py::TestAuthWorkflow::test_jwt_issue_and_verify PASSED [ 14%]
tests/test_e2e_workflows.py::TestAuthWorkflow::test_rbac_full_flow FAILED [ 28%]
tests/test_e2e_workflows.py::TestDataWorkflow::test_data_analysis PASSED [ 42%]
tests/test_e2e_workflows.py::TestDataWorkflow::test_forex PASSED         [ 57%]
tests/test_e2e_workflows.py::TestDataWorkflow::test_recommend PASSED     [ 71%]
tests/test_e2e_workflows.py::TestSecurityWorkflow::test_audit PASSED     [ 85%]
tests/test_e2e_workflows.py::TestSecurityWorkflow::test_rate_limiter PASSED [100%]

================================== FAILURES ===================================
____________________ TestAuthWorkflow.test_rbac_full_flow _____________________

self = <tests.test_e2e_workflows.TestAuthWorkflow object at 0x000001BB64CC5090>

    def test_rbac_full_flow(self):
        """RBAC ������ɫ�������У������"""
        po("/api/modules/permission_rbac/execute", {"action":"create_role","role_id":"e2e_role2","permissions":["read","write","delete"]})
        po("/api/modules/permission_rbac/execute", {"action":"assign_role","user_id":"e2e_user2","role_id":"e2e_role2"})
        _, d1 = po("/api/modules/permission_rbac/execute", {"action":"check","user_id":"e2e_user2","permission":"delete"})
        # has_permission �� result Ƕ�׽ṹ��
        r = d1.get("result", d1)
>       assert r.get("has_permission") or d1.get("has_permission"), f"check delete failed: {d1}"
E       AssertionError: check delete failed: {'success': True, 'result': {'success': True, 'has_permission': False, 'permission': '', 'user_id': ''}, 'error': None}
E       assert (False or None)
E        +  where False = <built-in method get of dict object at 0x000001BB64DA3540>('has_permission')
E        +    where <built-in method get of dict object at 0x000001BB64DA3540> = {'success': True, 'has_permission': False, 'permission': '', 'user_id': ''}.get
E        +  and   None = <built-in method get of dict object at 0x000001BB64DA3500>('has_permission')
E        +    where <built-in method get of dict object at 0x000001BB64DA3500> = {'success': True, 'result': {'success': True, 'has_permission': False, 'permission': '', 'user_id': ''}, 'error': None}.get

tests\test_e2e_workflows.py:36: AssertionError
=========================== short test summary info ===========================
FAILED tests/test_e2e_workflows.py::TestAuthWorkflow::test_rbac_full_flow - AssertionError: check delete failed: {'success': True, 'result': {'success': True, 'has_permission': False, 'permission': '', 'user_id': ''}, 'error': None}
assert (False or None)
 +  where False = <built-in method get of dict object at 0x000001BB64DA3540>('has_permission')
 +    where <built-in method get of dict object at 0x000001BB64DA3540> = {'success': True, 'has_permission': False, 'permission': '', 'user_id': ''}.get
 +  and   None = <built-in method get of dict object at 0x000001BB64DA3500>('has_permission')
 +    where <built-in method get of dict object at 0x000001BB64DA3500> = {'success': True, 'result': {'success': True, 'has_permission': False, 'permission': '', 'user_id': ''}, 'error': None}.get
======================== 1 failed, 6 passed in 25.24s =========================
