============================= test session starts =============================
platform win32 -- Python 3.14.2, pytest-9.0.3, pluggy-1.6.0 -- C:\Users\�⺣��\AppData\Local\Python\pythoncore-3.14-64\python.exe
cachedir: .pytest_cache
rootdir: D:\AUTO-EVO-AI-V0.1
configfile: pytest.ini (WARNING: ignoring pytest config in pyproject.toml!)
plugins: anyio-4.12.1, langsmith-0.7.33, cov-7.1.0
collecting ... collected 3409 items

tests/test_e2e_workflows.py::TestAuthWorkflow::test_jwt_issue_and_verify PASSED [  0%]
tests/test_e2e_workflows.py::TestAuthWorkflow::test_rbac_full_flow PASSED [  0%]
tests/test_e2e_workflows.py::TestDataWorkflow::test_data_analysis PASSED [  0%]
tests/test_e2e_workflows.py::TestDataWorkflow::test_forex PASSED         [  0%]
tests/test_e2e_workflows.py::TestDataWorkflow::test_recommend PASSED     [  0%]
tests/test_e2e_workflows.py::TestSecurityWorkflow::test_audit PASSED     [  0%]
tests/test_e2e_workflows.py::TestSecurityWorkflow::test_rate_limiter PASSED [  0%]
tests/test_load_all.py::TestAllModules::test_compile[access_control.py] PASSED [  0%]
tests/test_load_all.py::TestAllModules::test_compile[advanced_resilience.py] PASSED [  0%]
tests/test_load_all.py::TestAllModules::test_compile[aegis_governance.py] PASSED [  0%]
tests/test_load_all.py::TestAllModules::test_compile[agency_swarm.py] PASSED [  0%]
tests/test_load_all.py::TestAllModules::test_compile[agent_apollo.py] PASSED [  0%]
tests/test_load_all.py::TestAllModules::test_compile[agent_athena.py] PASSED [  0%]
tests/test_load_all.py::TestAllModules::test_compile[agent_boreas.py] PASSED [  0%]
tests/test_load_all.py::TestAllModules::test_compile[agent_cronus.py] PASSED [  0%]
tests/test_load_all.py::TestAllModules::test_compile[agent_demeter.py] PASSED [  0%]
tests/test_load_all.py::TestAllModules::test_compile[agent_eros.py] PASSED [  0%]
tests/test_load_all.py::TestAllModules::test_compile[agent_hecate.py] PASSED [  0%]
tests/test_load_all.py::TestAllModules::test_compile[agent_hephaestus.py] PASSED [  0%]
tests/test_load_all.py::TestAllModules::test_compile[agent_hera.py] PASSED [  0%]
tests/test_load_all.py::TestAllModules::test_compile[agent_hermes.py] PASSED [  0%]
tests/test_load_all.py::TestAllModules::test_compile[agent_iris.py] PASSED [  0%]
tests/test_load_all.py::TestAllModules::test_compile[agent_market.py] PASSED [  0%]
tests/test_load_all.py::TestAllModules::test_compile[agent_marketplace.py] PASSED [  0%]
tests/test_load_all.py::TestAllModules::test_compile[agent_mas.py] PASSED [  0%]
tests/test_load_all.py::TestAllModules::test_compile[agent_minerva.py] PASSED [  0%]
tests/test_load_all.py::TestAllModules::test_compile[agent_nemesis.py] PASSED [  0%]
tests/test_load_all.py::TestAllModules::test_compile[agent_orchestrator.py] PASSED [  0%]
tests/test_load_all.py::TestAllModules::test_compile[agent_phoebus.py] PASSED [  0%]
tests/test_load_all.py::TestAllModules::test_compile[agent_planner.py] PASSED [  0%]
tests/test_load_all.py::TestAllModules::test_compile[agent_poseidon.py] PASSED [  0%]
tests/test_load_all.py::TestAllModules::test_compile[agent_resource_control.py] PASSED [  0%]
tests/test_load_all.py::TestAllModules::test_compile[agent_themis.py] PASSED [  0%]
tests/test_load_all.py::TestAllModules::test_compile[agentguard_sec.py] PASSED [  0%]
tests/test_load_all.py::TestAllModules::test_compile[agentseek.py] PASSED [  1%]
tests/test_load_all.py::TestAllModules::test_compile[ai_gateway.py] PASSED [  1%]
tests/test_load_all.py::TestAllModules::test_compile[aiops_monitor.py] PASSED [  1%]
tests/test_load_all.py::TestAllModules::test_compile[alert_manager.py] PASSED [  1%]
tests/test_load_all.py::TestAllModules::test_compile[ansible_runner.py] PASSED [  1%]
tests/test_load_all.py::TestAllModules::test_compile[api_cache.py] PASSED [  1%]
tests/test_load_all.py::TestAllModules::test_compile[api_gateway.py] PASSED [  1%]
tests/test_load_all.py::TestAllModules::test_compile[api_mock.py] PASSED [  1%]
tests/test_load_all.py::TestAllModules::test_compile[api_rate_guard.py] PASSED [  1%]
tests/test_load_all.py::TestAllModules::test_compile[api_rate_limiter.py] PASSED [  1%]
tests/test_load_all.py::TestAllModules::test_compile[api_tester.py] PASSED [  1%]
tests/test_load_all.py::TestAllModules::test_compile[api_versioning.py] PASSED [  1%]
tests/test_load_all.py::TestAllModules::test_compile[argocd_deploy.py] PASSED [  1%]
tests/test_load_all.py::TestAllModules::test_compile[atom_code.py] PASSED [  1%]
tests/test_load_all.py::TestAllModules::test_compile[audio_transcription.py] PASSED [  1%]
tests/test_load_all.py::TestAllModules::test_compile[audit_log.py] PASSED [  1%]
tests/test_load_all.py::TestAllModules::test_compile[audit_trail.py] PASSED [  1%]
tests/test_load_all.py::TestAllModules::test_compile[auto_failover.py] PASSED [  1%]
tests/test_load_all.py::TestAllModules::test_compile[auto_healing.py] PASSED [  1%]
tests/test_load_all.py::TestAllModules::test_compile[auto_optimizer.py] PASSED [  1%]
tests/test_load_all.py::TestAllModules::test_compile[auto_recovery.py] PASSED [  1%]
tests/test_load_all.py::TestAllModules::test_compile[auto_restart.py] PASSED [  1%]
tests/test_load_all.py::TestAllModules::test_compile[auto_scale.py] PASSED [  1%]
tests/test_load_all.py::TestAllModules::test_compile[auto_setup_autonomous.py] PASSED [  1%]
tests/test_load_all.py::TestAllModules::test_compile[auto_summary.py] PASSED [  1%]
tests/test_load_all.py::TestAllModules::test_compile[auto_update.py] PASSED [  1%]
tests/test_load_all.py::TestAllModules::test_compile[autogen_studio.py] PASSED [  1%]
tests/test_load_all.py::TestAllModules::test_compile[automation_hub.py] PASSED [  1%]
tests/test_load_all.py::TestAllModules::test_compile[autonomous_agent.py] PASSED [  1%]
tests/test_load_all.py::TestAllModules::test_compile[autonomous_decision_engine.py] PASSED [  1%]
tests/test_load_all.py::TestAllModules::test_compile[autorecovery.py] PASSED [  1%]
tests/test_load_all.py::TestAllModules::test_compile[autoskills.py] PASSED [  1%]
tests/test_load_all.py::TestAllModules::test_compile[awesome_design_md.py] PASSED [  1%]
tests/test_load_all.py::TestAllModules::test_compile[backup_checksum.py] PASSED [  1%]
tests/test_load_all.py::TestAllModules::test_compile[backup_engine.py] PASSED [  2%]
tests/test_load_all.py::TestAllModules::test_compile[backup_manager.py] PASSED [  2%]
tests/test_load_all.py::TestAllModules::test_compile[backup_redis.py] PASSED [  2%]
tests/test_load_all.py::TestAllModules::test_compile[backup_scheduler.py] PASSED [  2%]
tests/test_load_all.py::TestAllModules::test_compile[backup_verify.py] PASSED [  2%]
tests/test_load_all.py::TestAllModules::test_compile[batch_processor.py] PASSED [  2%]
tests/test_load_all.py::TestAllModules::test_compile[bettafish_forecast.py] PASSED [  2%]
tests/test_load_all.py::TestAllModules::test_compile[big_key_detection.py] PASSED [  2%]
tests/test_load_all.py::TestAllModules::test_compile[billion_group_os.py] PASSED [  2%]
tests/test_load_all.py::TestAllModules::test_compile[biometric_auth.py] PASSED [  2%]
tests/test_load_all.py::TestAllModules::test_compile[bitmap_operations.py] PASSED [  2%]
tests/test_load_all.py::TestAllModules::test_compile[block_device.py] PASSED [  2%]
tests/test_load_all.py::TestAllModules::test_compile[blockchain_web3.py] PASSED [  2%]
tests/test_load_all.py::TestAllModules::test_compile[bloom_filter.py] PASSED [  2%]
tests/test_load_all.py::TestAllModules::test_compile[blue_green.py] PASSED [  2%]
tests/test_load_all.py::TestAllModules::test_compile[bot_detection.py] PASSED [  2%]
tests/test_load_all.py::TestAllModules::test_compile[bot_handler.py] PASSED [  2%]
tests/test_load_all.py::TestAllModules::test_compile[browser_auto.py] PASSED [  2%]
tests/test_load_all.py::TestAllModules::test_compile[browser_use.py] PASSED [  2%]
tests/test_load_all.py::TestAllModules::test_compile[bucket_policy.py] PASSED [  2%]
tests/test_load_all.py::TestAllModules::test_compile[business_analyst.py] PASSED [  2%]
tests/test_load_all.py::TestAllModules::test_compile[bytecodestudio.py] PASSED [  2%]
tests/test_load_all.py::TestAllModules::test_compile[cache_engine.py] PASSED [  2%]
tests/test_load_all.py::TestAllModules::test_compile[cache_manager.py] PASSED [  2%]
tests/test_load_all.py::TestAllModules::test_compile[canary_release.py] PASSED [  2%]
tests/test_load_all.py::TestAllModules::test_compile[capacity_planner.py] PASSED [  2%]
tests/test_load_all.py::TestAllModules::test_compile[cdn_invalidate.py] PASSED [  2%]
tests/test_load_all.py::TestAllModules::test_compile[cdn_manager.py] PASSED [  2%]
tests/test_load_all.py::TestAllModules::test_compile[cerbos_permission.py] PASSED [  2%]
tests/test_load_all.py::TestAllModules::test_compile[chaos_engine.py] PASSED [  2%]
tests/test_load_all.py::TestAllModules::test_compile[chaos_engineering.py] PASSED [  2%]
tests/test_load_all.py::TestAllModules::test_compile[chart_engine.py] PASSED [  2%]
tests/test_load_all.py::TestAllModules::test_compile[chatwise.py] PASSED [  2%]
tests/test_load_all.py::TestAllModules::test_compile[cicd_pipeline.py] PASSED [  2%]
tests/test_load_all.py::TestAllModules::test_compile[circuit_breaker.py] PASSED [  3%]
tests/test_load_all.py::TestAllModules::test_compile[circuit_breaker_pattern.py] PASSED [  3%]
tests/test_load_all.py::TestAllModules::test_compile[claw_gateway.py] PASSED [  3%]
tests/test_load_all.py::TestAllModules::test_compile[cli_interface.py] PASSED [  3%]
tests/test_load_all.py::TestAllModules::test_compile[clickhouse_olap.py] PASSED [  3%]
tests/test_load_all.py::TestAllModules::test_compile[client_pool.py] PASSED [  3%]
tests/test_load_all.py::TestAllModules::test_compile[clone_database.py] PASSED [  3%]
tests/test_load_all.py::TestAllModules::test_compile[cloud_connector.py] PASSED [  3%]
tests/test_load_all.py::TestAllModules::test_compile[cloud_sync.py] PASSED [  3%]
tests/test_load_all.py::TestAllModules::test_compile[cluster_proxy.py] PASSED [  3%]
tests/test_load_all.py::TestAllModules::test_compile[cluster_shard.py] PASSED [  3%]
tests/test_load_all.py::TestAllModules::test_compile[code_generator.py] PASSED [  3%]
tests/test_load_all.py::TestAllModules::test_compile[code_quality.py] PASSED [  3%]
tests/test_load_all.py::TestAllModules::test_compile[code_review.py] PASSED [  3%]
tests/test_load_all.py::TestAllModules::test_compile[code_sandbox.py] PASSED [  3%]
tests/test_load_all.py::TestAllModules::test_compile[code_template.py] PASSED [  3%]
tests/test_load_all.py::TestAllModules::test_compile[code_understand.py] PASSED [  3%]
tests/test_load_all.py::TestAllModules::test_compile[command_stats.py] PASSED [  3%]
tests/test_load_all.py::TestAllModules::test_compile[compaction_topic.py] PASSED [  3%]
tests/test_load_all.py::TestAllModules::test_compile[compliance_auditor.py] PASSED [  3%]
tests/test_load_all.py::TestAllModules::test_compile[component_lib.py] PASSED [  3%]
tests/test_load_all.py::TestAllModules::test_compile[composio_tools.py] PASSED [  3%]
tests/test_load_all.py::TestAllModules::test_compile[compress_algorithm.py] PASSED [  3%]
tests/test_load_all.py::TestAllModules::test_compile[config_center.py] PASSED [  3%]
tests/test_load_all.py::TestAllModules::test_compile[config_manager.py] PASSED [  3%]
tests/test_load_all.py::TestAllModules::test_compile[config_reloader.py] PASSED [  3%]
tests/test_load_all.py::TestAllModules::test_compile[config_service.py] PASSED [  3%]
tests/test_load_all.py::TestAllModules::test_compile[config_ui.py] PASSED [  3%]
tests/test_load_all.py::TestAllModules::test_compile[connection_draining.py] PASSED [  3%]
tests/test_load_all.py::TestAllModules::test_compile[connection_pool.py] PASSED [  3%]
tests/test_load_all.py::TestAllModules::test_compile[consumer_group.py] PASSED [  3%]
tests/test_load_all.py::TestAllModules::test_compile[content_service.py] PASSED [  3%]
tests/test_load_all.py::TestAllModules::test_compile[coordination.py] PASSED [  3%]
tests/test_load_all.py::TestAllModules::test_compile[copilotkit.py] PASSED [  3%]
tests/test_load_all.py::TestAllModules::test_compile[cors_config.py] PASSED [  4%]
tests/test_load_all.py::TestAllModules::test_compile[cors_manager.py] PASSED [  4%]
tests/test_load_all.py::TestAllModules::test_compile[cpu_profiler.py] PASSED [  4%]
tests/test_load_all.py::TestAllModules::test_compile[crewai.py] PASSED   [  4%]
tests/test_load_all.py::TestAllModules::test_compile[crewai_strategy.py] PASSED [  4%]
tests/test_load_all.py::TestAllModules::test_compile[cron_engine.py] PASSED [  4%]
tests/test_load_all.py::TestAllModules::test_compile[cron_scheduler.py] PASSED [  4%]
tests/test_load_all.py::TestAllModules::test_compile[cross_platform_adapter.py] PASSED [  4%]
tests/test_load_all.py::TestAllModules::test_compile[cross_region.py] PASSED [  4%]
tests/test_load_all.py::TestAllModules::test_compile[crypto_api.py] PASSED [  4%]
tests/test_load_all.py::TestAllModules::test_compile[cte_query.py] PASSED [  4%]
tests/test_load_all.py::TestAllModules::test_compile[customer_chatbot.py] PASSED [  4%]
tests/test_load_all.py::TestAllModules::test_compile[daemon_controller.py] PASSED [  4%]
tests/test_load_all.py::TestAllModules::test_compile[dashboard.py] PASSED [  4%]
tests/test_load_all.py::TestAllModules::test_compile[data_analysis.py] PASSED [  4%]
tests/test_load_all.py::TestAllModules::test_compile[data_archival.py] PASSED [  4%]
tests/test_load_all.py::TestAllModules::test_compile[data_catalog.py] PASSED [  4%]
tests/test_load_all.py::TestAllModules::test_compile[data_encrypt.py] PASSED [  4%]
tests/test_load_all.py::TestAllModules::test_compile[data_lineage.py] PASSED [  4%]
tests/test_load_all.py::TestAllModules::test_compile[data_masking.py] PASSED [  4%]
tests/test_load_all.py::TestAllModules::test_compile[data_pipeline.py] PASSED [  4%]
tests/test_load_all.py::TestAllModules::test_compile[data_quality.py] PASSED [  4%]
tests/test_load_all.py::TestAllModules::test_compile[data_scraping.py] PASSED [  4%]
tests/test_load_all.py::TestAllModules::test_compile[data_sync.py] PASSED [  4%]
tests/test_load_all.py::TestAllModules::test_compile[data_validator.py] PASSED [  4%]
tests/test_load_all.py::TestAllModules::test_compile[data_visualizer.py] PASSED [  4%]
tests/test_load_all.py::TestAllModules::test_compile[data_watermark.py] PASSED [  4%]
tests/test_load_all.py::TestAllModules::test_compile[database_client.py] PASSED [  4%]
tests/test_load_all.py::TestAllModules::test_compile[database_connector.py] PASSED [  4%]
tests/test_load_all.py::TestAllModules::test_compile[database_manager.py] PASSED [  4%]
tests/test_load_all.py::TestAllModules::test_compile[ddos_protection.py] PASSED [  4%]
tests/test_load_all.py::TestAllModules::test_compile[dead_letter.py] PASSED [  4%]
tests/test_load_all.py::TestAllModules::test_compile[deadlock_detector.py] PASSED [  4%]
tests/test_load_all.py::TestAllModules::test_compile[debug_panel.py] PASSED [  4%]
tests/test_load_all.py::TestAllModules::test_compile[decision_engine.py] PASSED [  5%]
tests/test_load_all.py::TestAllModules::test_compile[delay_queue.py] PASSED [  5%]
tests/test_load_all.py::TestAllModules::test_compile[dependency_injector.py] PASSED [  5%]
tests/test_load_all.py::TestAllModules::test_compile[dependency_manager.py] PASSED [  5%]
tests/test_load_all.py::TestAllModules::test_compile[dify.py] PASSED     [  5%]
tests/test_load_all.py::TestAllModules::test_compile[distributed_counter.py] PASSED [  5%]
tests/test_load_all.py::TestAllModules::test_compile[distributed_lock.py] PASSED [  5%]
tests/test_load_all.py::TestAllModules::test_compile[distributed_tracer.py] PASSED [  5%]
tests/test_load_all.py::TestAllModules::test_compile[dns_manager.py] PASSED [  5%]
tests/test_load_all.py::TestAllModules::test_compile[dns_resolver.py] PASSED [  5%]
tests/test_load_all.py::TestAllModules::test_compile[doc_automation.py] PASSED [  5%]
tests/test_load_all.py::TestAllModules::test_compile[docker_deploy.py] PASSED [  5%]
tests/test_load_all.py::TestAllModules::test_compile[docker_manager.py] PASSED [  5%]
tests/test_load_all.py::TestAllModules::test_compile[document_automation.py] PASSED [  5%]
tests/test_load_all.py::TestAllModules::test_compile[document_intelligence.py] PASSED [  5%]
tests/test_load_all.py::TestAllModules::test_compile[document_qa.py] PASSED [  5%]
tests/test_load_all.py::TestAllModules::test_compile[ecommerce_agent.py] PASSED [  5%]
tests/test_load_all.py::TestAllModules::test_compile[edge_agent.py] PASSED [  5%]
tests/test_load_all.py::TestAllModules::test_compile[elasticsearch_search.py] PASSED [  5%]
tests/test_load_all.py::TestAllModules::test_compile[email_automation.py] PASSED [  5%]
tests/test_load_all.py::TestAllModules::test_compile[email_pro.py] PASSED [  5%]
tests/test_load_all.py::TestAllModules::test_compile[embedding_huggingface.py] PASSED [  5%]
tests/test_load_all.py::TestAllModules::test_compile[embedding_openai.py] PASSED [  5%]
tests/test_load_all.py::TestAllModules::test_compile[encryption_service.py] PASSED [  5%]
tests/test_load_all.py::TestAllModules::test_compile[enterprise_notifier.py] PASSED [  5%]
tests/test_load_all.py::TestAllModules::test_compile[entity_extraction.py] PASSED [  5%]
tests/test_load_all.py::TestAllModules::test_compile[error_aggregator.py] PASSED [  5%]
tests/test_load_all.py::TestAllModules::test_compile[event_bus.py] PASSED [  5%]
tests/test_load_all.py::TestAllModules::test_compile[event_bus_blinker.py] PASSED [  5%]
tests/test_load_all.py::TestAllModules::test_compile[event_bus_pro.py] PASSED [  5%]
tests/test_load_all.py::TestAllModules::test_compile[event_trigger.py] PASSED [  5%]
tests/test_load_all.py::TestAllModules::test_compile[evo_adaptive.py] PASSED [  5%]
tests/test_load_all.py::TestAllModules::test_compile[evo_backup.py] PASSED [  5%]
tests/test_load_all.py::TestAllModules::test_compile[evo_ecology.py] PASSED [  5%]
tests/test_load_all.py::TestAllModules::test_compile[evo_engine_v2.py] PASSED [  6%]
tests/test_load_all.py::TestAllModules::test_compile[evo_monitor.py] PASSED [  6%]
tests/test_load_all.py::TestAllModules::test_compile[evo_nexus_core.py] PASSED [  6%]
tests/test_load_all.py::TestAllModules::test_compile[evo_plugin_market.py] PASSED [  6%]
tests/test_load_all.py::TestAllModules::test_compile[evo_safety.py] PASSED [  6%]
tests/test_load_all.py::TestAllModules::test_compile[exactly_once.py] PASSED [  6%]
tests/test_load_all.py::TestAllModules::test_compile[excel_engine.py] PASSED [  6%]
tests/test_load_all.py::TestAllModules::test_compile[experience_base.py] PASSED [  6%]
tests/test_load_all.py::TestAllModules::test_compile[experience_bridge.py] PASSED [  6%]
tests/test_load_all.py::TestAllModules::test_compile[export_engine.py] PASSED [  6%]
tests/test_load_all.py::TestAllModules::test_compile[external_executor.py] PASSED [  6%]
tests/test_load_all.py::TestAllModules::test_compile[fanout_queue.py] PASSED [  6%]
tests/test_load_all.py::TestAllModules::test_compile[fastagency.py] PASSED [  6%]
tests/test_load_all.py::TestAllModules::test_compile[feature_flag.py] PASSED [  6%]
tests/test_load_all.py::TestAllModules::test_compile[feature_flags.py] PASSED [  6%]
tests/test_load_all.py::TestAllModules::test_compile[feishu_notifier.py] PASSED [  6%]
tests/test_load_all.py::TestAllModules::test_compile[feishu_notify.py] PASSED [  6%]
tests/test_load_all.py::TestAllModules::test_compile[file_manager.py] PASSED [  6%]
tests/test_load_all.py::TestAllModules::test_compile[file_system.py] PASSED [  6%]
tests/test_load_all.py::TestAllModules::test_compile[file_watcher.py] PASSED [  6%]
tests/test_load_all.py::TestAllModules::test_compile[file_watcher_engine.py] PASSED [  6%]
tests/test_load_all.py::TestAllModules::test_compile[finance_data.py] PASSED [  6%]
tests/test_load_all.py::TestAllModules::test_compile[finance_legal_agent.py] PASSED [  6%]
tests/test_load_all.py::TestAllModules::test_compile[fincept_terminal.py] PASSED [  6%]
tests/test_load_all.py::TestAllModules::test_compile[firewall_rules.py] PASSED [  6%]
tests/test_load_all.py::TestAllModules::test_compile[first_run_setup.py] PASSED [  6%]
tests/test_load_all.py::TestAllModules::test_compile[flow_engine.py] PASSED [  6%]
tests/test_load_all.py::TestAllModules::test_compile[flowise.py] PASSED  [  6%]
tests/test_load_all.py::TestAllModules::test_compile[forex_api.py] PASSED [  6%]
tests/test_load_all.py::TestAllModules::test_compile[form_builder.py] PASSED [  6%]
tests/test_load_all.py::TestAllModules::test_compile[form_engine.py] PASSED [  6%]
tests/test_load_all.py::TestAllModules::test_compile[fts_query.py] PASSED [  6%]
tests/test_load_all.py::TestAllModules::test_compile[fund_api.py] PASSED [  6%]
tests/test_load_all.py::TestAllModules::test_compile[futures_api.py] PASSED [  6%]
tests/test_load_all.py::TestAllModules::test_compile[game_simulation.py] PASSED [  7%]
tests/test_load_all.py::TestAllModules::test_compile[gdpr_compliance.py] PASSED [  7%]
tests/test_load_all.py::TestAllModules::test_compile[geo_index.py] PASSED [  7%]
tests/test_load_all.py::TestAllModules::test_compile[geo_replication.py] PASSED [  7%]
tests/test_load_all.py::TestAllModules::test_compile[geo_search.py] PASSED [  7%]
tests/test_load_all.py::TestAllModules::test_compile[git_ops.py] PASSED  [  7%]
tests/test_load_all.py::TestAllModules::test_compile[github_scanner.py] PASSED [  7%]
tests/test_load_all.py::TestAllModules::test_compile[githubtrending.py] PASSED [  7%]
tests/test_load_all.py::TestAllModules::test_compile[gitlab_repo.py] PASSED [  7%]
tests/test_load_all.py::TestAllModules::test_compile[goal_tracker.py] PASSED [  7%]
tests/test_load_all.py::TestAllModules::test_compile[goose_coder.py] PASSED [  7%]
tests/test_load_all.py::TestAllModules::test_compile[grafana_monitor.py] PASSED [  7%]
tests/test_load_all.py::TestAllModules::test_compile[graph_engine.py] PASSED [  7%]
tests/test_load_all.py::TestAllModules::test_compile[graphql_gateway.py] PASSED [  7%]
tests/test_load_all.py::TestAllModules::test_compile[grpc_proxy.py] PASSED [  7%]
tests/test_load_all.py::TestAllModules::test_compile[guide_manager.py] PASSED [  7%]
tests/test_load_all.py::TestAllModules::test_compile[header_injector.py] PASSED [  7%]
tests/test_load_all.py::TestAllModules::test_compile[health_check.py] PASSED [  7%]
tests/test_load_all.py::TestAllModules::test_compile[health_checker.py] PASSED [  7%]
tests/test_load_all.py::TestAllModules::test_compile[health_dashboard.py] PASSED [  7%]
tests/test_load_all.py::TestAllModules::test_compile[health_monitor.py] PASSED [  7%]
tests/test_load_all.py::TestAllModules::test_compile[health_ping.py] PASSED [  7%]
tests/test_load_all.py::TestAllModules::test_compile[heatmap_generator.py] PASSED [  7%]
tests/test_load_all.py::TestAllModules::test_compile[help_docs.py] PASSED [  7%]
tests/test_load_all.py::TestAllModules::test_compile[hermes_gateway.py] PASSED [  7%]
tests/test_load_all.py::TestAllModules::test_compile[hermes_solo.py] PASSED [  7%]
tests/test_load_all.py::TestAllModules::test_compile[hermes_webui.py] PASSED [  7%]
tests/test_load_all.py::TestAllModules::test_compile[hot_key_detection.py] PASSED [  7%]
tests/test_load_all.py::TestAllModules::test_compile[hotkey_events.py] PASSED [  7%]
tests/test_load_all.py::TestAllModules::test_compile[http_client.py] PASSED [  7%]
tests/test_load_all.py::TestAllModules::test_compile[hyperframes_video.py] PASSED [  7%]
tests/test_load_all.py::TestAllModules::test_compile[hyperloglog.py] PASSED [  7%]
tests/test_load_all.py::TestAllModules::test_compile[i18n_engine.py] PASSED [  7%]
tests/test_load_all.py::TestAllModules::test_compile[i18n_gateway.py] PASSED [  7%]
tests/test_load_all.py::TestAllModules::test_compile[icon_manager.py] PASSED [  8%]
tests/test_load_all.py::TestAllModules::test_compile[idempotent.py] PASSED [  8%]
tests/test_load_all.py::TestAllModules::test_compile[idempotent_msg.py] PASSED [  8%]
tests/test_load_all.py::TestAllModules::test_compile[identity_manager.py] PASSED [  8%]
tests/test_load_all.py::TestAllModules::test_compile[image_engine.py] PASSED [  8%]
tests/test_load_all.py::TestAllModules::test_compile[image_generation.py] PASSED [  8%]
tests/test_load_all.py::TestAllModules::test_compile[image_understand.py] PASSED [  8%]
tests/test_load_all.py::TestAllModules::test_compile[incident_manager.py] PASSED [  8%]
tests/test_load_all.py::TestAllModules::test_compile[incident_response.py] PASSED [  8%]
tests/test_load_all.py::TestAllModules::test_compile[incremental_backup.py] PASSED [  8%]
tests/test_load_all.py::TestAllModules::test_compile[index_advisor.py] PASSED [  8%]
tests/test_load_all.py::TestAllModules::test_compile[industrial_ops_agent.py] PASSED [  8%]
tests/test_load_all.py::TestAllModules::test_compile[infra_as_code.py] PASSED [  8%]
tests/test_load_all.py::TestAllModules::test_compile[instant_messaging.py] PASSED [  8%]
tests/test_load_all.py::TestAllModules::test_compile[io_monitor.py] PASSED [  8%]
tests/test_load_all.py::TestAllModules::test_compile[iot_edge.py] PASSED [  8%]
tests/test_load_all.py::TestAllModules::test_compile[ip_access_control.py] PASSED [  8%]
tests/test_load_all.py::TestAllModules::test_compile[ip_whitelist.py] PASSED [  8%]
tests/test_load_all.py::TestAllModules::test_compile[jenkins_ci.py] PASSED [  8%]
tests/test_load_all.py::TestAllModules::test_compile[job_scheduler.py] PASSED [  8%]
tests/test_load_all.py::TestAllModules::test_compile[json_store.py] PASSED [  8%]
tests/test_load_all.py::TestAllModules::test_compile[jwt_token.py] PASSED [  8%]
tests/test_load_all.py::TestAllModules::test_compile[k8s_orch.py] PASSED [  8%]
tests/test_load_all.py::TestAllModules::test_compile[kafka_producer.py] PASSED [  8%]
tests/test_load_all.py::TestAllModules::test_compile[key_insights.py] PASSED [  8%]
tests/test_load_all.py::TestAllModules::test_compile[keyword_extract.py] PASSED [  8%]
tests/test_load_all.py::TestAllModules::test_compile[knowledge_base.py] PASSED [  8%]
tests/test_load_all.py::TestAllModules::test_compile[knowledge_graph.py] PASSED [  8%]
tests/test_load_all.py::TestAllModules::test_compile[kubernetes_orchestrator.py] PASSED [  8%]
tests/test_load_all.py::TestAllModules::test_compile[kv_cache.py] PASSED [  8%]
tests/test_load_all.py::TestAllModules::test_compile[label_manager.py] PASSED [  8%]
tests/test_load_all.py::TestAllModules::test_compile[langfuse_monitor.py] PASSED [  8%]
tests/test_load_all.py::TestAllModules::test_compile[langgraph_decision.py] PASSED [  8%]
tests/test_load_all.py::TestAllModules::test_compile[lifecycle_policy.py] PASSED [  8%]
tests/test_load_all.py::TestAllModules::test_compile[litellm_gateway.py] PASSED [  9%]
tests/test_load_all.py::TestAllModules::test_compile[llamaparse.py] PASSED [  9%]
tests/test_load_all.py::TestAllModules::test_compile[llm_agent_framework.py] PASSED [  9%]
tests/test_load_all.py::TestAllModules::test_compile[llm_claude.py] PASSED [  9%]
tests/test_load_all.py::TestAllModules::test_compile[llm_gemini.py] PASSED [  9%]
tests/test_load_all.py::TestAllModules::test_compile[llm_local.py] PASSED [  9%]
tests/test_load_all.py::TestAllModules::test_compile[llm_openai.py] PASSED [  9%]
tests/test_load_all.py::TestAllModules::test_compile[load_balancer.py] PASSED [  9%]
tests/test_load_all.py::TestAllModules::test_compile[lobehub_ui.py] PASSED [  9%]
tests/test_load_all.py::TestAllModules::test_compile[local_monitor.py] PASSED [  9%]
tests/test_load_all.py::TestAllModules::test_compile[log_aggregator.py] PASSED [  9%]
tests/test_load_all.py::TestAllModules::test_compile[log_analyzer.py] PASSED [  9%]
tests/test_load_all.py::TestAllModules::test_compile[log_collector.py] PASSED [  9%]
tests/test_load_all.py::TestAllModules::test_compile[log_manager.py] PASSED [  9%]
tests/test_load_all.py::TestAllModules::test_compile[longterm_memory.py] PASSED [  9%]
tests/test_load_all.py::TestAllModules::test_compile[loongclaw.py] PASSED [  9%]
tests/test_load_all.py::TestAllModules::test_compile[lua_script.py] PASSED [  9%]
tests/test_load_all.py::TestAllModules::test_compile[m49_push_notify.py] PASSED [  9%]
tests/test_load_all.py::TestAllModules::test_compile[m50_mobile_gateway.py] PASSED [  9%]
tests/test_load_all.py::TestAllModules::test_compile[m51_web_remote.py] PASSED [  9%]
tests/test_load_all.py::TestAllModules::test_compile[m52_tunnel_manager.py] PASSED [  9%]
tests/test_load_all.py::TestAllModules::test_compile[m53_finance_data.py] PASSED [  9%]
tests/test_load_all.py::TestAllModules::test_compile[m54_browser_auto.py] PASSED [  9%]
tests/test_load_all.py::TestAllModules::test_compile[m55_voice_notify.py] PASSED [  9%]
tests/test_load_all.py::TestAllModules::test_compile[m56_scheduler_pro.py] PASSED [  9%]
tests/test_load_all.py::TestAllModules::test_compile[macro_api.py] PASSED [  9%]
tests/test_load_all.py::TestAllModules::test_compile[mano_predictor.py] PASSED [  9%]
tests/test_load_all.py::TestAllModules::test_compile[masfactory_orch.py] PASSED [  9%]
tests/test_load_all.py::TestAllModules::test_compile[materialized_view.py] PASSED [  9%]
tests/test_load_all.py::TestAllModules::test_compile[mcp_client.py] PASSED [  9%]
tests/test_load_all.py::TestAllModules::test_compile[mcp_integration.py] PASSED [  9%]
tests/test_load_all.py::TestAllModules::test_compile[mcp_servers.py] PASSED [  9%]
tests/test_load_all.py::TestAllModules::test_compile[media_content_agent.py] PASSED [  9%]
tests/test_load_all.py::TestAllModules::test_compile[meeting_transcribe.py] PASSED [  9%]
tests/test_load_all.py::TestAllModules::test_compile[mem0_memory.py] PASSED [ 10%]
tests/test_load_all.py::TestAllModules::test_compile[memgpt.py] PASSED   [ 10%]
tests/test_load_all.py::TestAllModules::test_compile[memory_guard.py] PASSED [ 10%]
tests/test_load_all.py::TestAllModules::test_compile[memory_leak_detect.py] PASSED [ 10%]
tests/test_load_all.py::TestAllModules::test_compile[memory_optimize.py] PASSED [ 10%]
tests/test_load_all.py::TestAllModules::test_compile[memos.py] PASSED    [ 10%]
tests/test_load_all.py::TestAllModules::test_compile[mercury_core.py] PASSED [ 10%]
tests/test_load_all.py::TestAllModules::test_compile[message_broker.py] PASSED [ 10%]
tests/test_load_all.py::TestAllModules::test_compile[message_queue.py] PASSED [ 10%]
tests/test_load_all.py::TestAllModules::test_compile[message_trace.py] PASSED [ 10%]
tests/test_load_all.py::TestAllModules::test_compile[metric_collector.py] PASSED [ 10%]
tests/test_load_all.py::TestAllModules::test_compile[microservice_bus.py] PASSED [ 10%]
tests/test_load_all.py::TestAllModules::test_compile[migration_tool.py] PASSED [ 10%]
tests/test_load_all.py::TestAllModules::test_compile[milvus_vector.py] PASSED [ 10%]
tests/test_load_all.py::TestAllModules::test_compile[mindmap_generator.py] PASSED [ 10%]
tests/test_load_all.py::TestAllModules::test_compile[mindmapgenerator.py] PASSED [ 10%]
tests/test_load_all.py::TestAllModules::test_compile[mirofish_analysis.py] PASSED [ 10%]
tests/test_load_all.py::TestAllModules::test_compile[mirror_maker.py] PASSED [ 10%]
tests/test_load_all.py::TestAllModules::test_compile[ml_intern.py] PASSED [ 10%]
tests/test_load_all.py::TestAllModules::test_compile[ml_pipeline.py] PASSED [ 10%]
tests/test_load_all.py::TestAllModules::test_compile[mobile_gateway.py] PASSED [ 10%]
tests/test_load_all.py::TestAllModules::test_compile[modal_manager.py] PASSED [ 10%]
tests/test_load_all.py::TestAllModules::test_compile[model_deployment.py] PASSED [ 10%]
tests/test_load_all.py::TestAllModules::test_compile[model_evaluation.py] PASSED [ 10%]
tests/test_load_all.py::TestAllModules::test_compile[model_registry.py] PASSED [ 10%]
tests/test_load_all.py::TestAllModules::test_compile[model_router.py] PASSED [ 10%]
tests/test_load_all.py::TestAllModules::test_compile[model_tuning.py] PASSED [ 10%]
tests/test_load_all.py::TestAllModules::test_compile[module_adapter.py] PASSED [ 10%]
tests/test_load_all.py::TestAllModules::test_compile[mongodb_nosql.py] PASSED [ 10%]
tests/test_load_all.py::TestAllModules::test_compile[monthly_report.py] PASSED [ 10%]
tests/test_load_all.py::TestAllModules::test_compile[multi_agent_crew.py] PASSED [ 10%]
tests/test_load_all.py::TestAllModules::test_compile[multica_team.py] PASSED [ 10%]
tests/test_load_all.py::TestAllModules::test_compile[multipart_upload.py] PASSED [ 10%]
tests/test_load_all.py::TestAllModules::test_compile[n8n.py] PASSED      [ 10%]
tests/test_load_all.py::TestAllModules::test_compile[neo4j_graph.py] PASSED [ 11%]
tests/test_load_all.py::TestAllModules::test_compile[network_healer.py] PASSED [ 11%]
tests/test_load_all.py::TestAllModules::test_compile[network_proxy.py] PASSED [ 11%]
tests/test_load_all.py::TestAllModules::test_compile[nlp_engine.py] PASSED [ 11%]
tests/test_load_all.py::TestAllModules::test_compile[notification_center.py] PASSED [ 11%]
tests/test_load_all.py::TestAllModules::test_compile[notion_sync.py] PASSED [ 11%]
tests/test_load_all.py::TestAllModules::test_compile[oauth_provider.py] PASSED [ 11%]
tests/test_load_all.py::TestAllModules::test_compile[oauth_server.py] PASSED [ 11%]
tests/test_load_all.py::TestAllModules::test_compile[object_storage.py] PASSED [ 11%]
tests/test_load_all.py::TestAllModules::test_compile[obsidian_link.py] PASSED [ 11%]
tests/test_load_all.py::TestAllModules::test_compile[ocr_engine.py] PASSED [ 11%]
tests/test_load_all.py::TestAllModules::test_compile[offset_commit.py] PASSED [ 11%]
tests/test_load_all.py::TestAllModules::test_compile[opa_policy_engine.py] PASSED [ 11%]
tests/test_load_all.py::TestAllModules::test_compile[open_chronicle.py] PASSED [ 11%]
tests/test_load_all.py::TestAllModules::test_compile[open_interpreter_bridge.py] PASSED [ 11%]
tests/test_load_all.py::TestAllModules::test_compile[open_lovable.py] PASSED [ 11%]
tests/test_load_all.py::TestAllModules::test_compile[openclaw_gateway.py] PASSED [ 11%]
tests/test_load_all.py::TestAllModules::test_compile[openhands_agent.py] PASSED [ 11%]
tests/test_load_all.py::TestAllModules::test_compile[openinterpreter.py] PASSED [ 11%]
tests/test_load_all.py::TestAllModules::test_compile[opentelemetry_bridge.py] PASSED [ 11%]
tests/test_load_all.py::TestAllModules::test_compile[orchestrator_core.py] PASSED [ 11%]
tests/test_load_all.py::TestAllModules::test_compile[outbox_pattern.py] PASSED [ 11%]
tests/test_load_all.py::TestAllModules::test_compile[output_formatter.py] PASSED [ 11%]
tests/test_load_all.py::TestAllModules::test_compile[page_cache.py] PASSED [ 11%]
tests/test_load_all.py::TestAllModules::test_compile[parallel_executor.py] PASSED [ 11%]
tests/test_load_all.py::TestAllModules::test_compile[payment_center.py] PASSED [ 11%]
tests/test_load_all.py::TestAllModules::test_compile[pdf_report.py] PASSED [ 11%]
tests/test_load_all.py::TestAllModules::test_compile[perf_monitor.py] PASSED [ 11%]
tests/test_load_all.py::TestAllModules::test_compile[perf_profiler.py] PASSED [ 11%]
tests/test_load_all.py::TestAllModules::test_compile[performance_optimizer.py] PASSED [ 11%]
tests/test_load_all.py::TestAllModules::test_compile[permission_guard.py] PASSED [ 11%]
tests/test_load_all.py::TestAllModules::test_compile[permission_rbac.py] PASSED [ 11%]
tests/test_load_all.py::TestAllModules::test_compile[pgvector.py] PASSED [ 11%]
tests/test_load_all.py::TestAllModules::test_compile[pii_detection.py] PASSED [ 11%]
tests/test_load_all.py::TestAllModules::test_compile[pinecone_managed.py] PASSED [ 11%]
tests/test_load_all.py::TestAllModules::test_compile[pipeline_batch.py] PASSED [ 12%]
tests/test_load_all.py::TestAllModules::test_compile[pitr_postgres.py] PASSED [ 12%]
tests/test_load_all.py::TestAllModules::test_compile[pixelle_video.py] PASSED [ 12%]
tests/test_load_all.py::TestAllModules::test_compile[plugin_loader.py] PASSED [ 12%]
tests/test_load_all.py::TestAllModules::test_compile[plugin_market.py] PASSED [ 12%]
tests/test_load_all.py::TestAllModules::test_compile[point_time_recover.py] PASSED [ 12%]
tests/test_load_all.py::TestAllModules::test_compile[postgres_db.py] PASSED [ 12%]
tests/test_load_all.py::TestAllModules::test_compile[pr_manager.py] PASSED [ 12%]
tests/test_load_all.py::TestAllModules::test_compile[praisonai_agent.py] PASSED [ 12%]
tests/test_load_all.py::TestAllModules::test_compile[priority_queue.py] PASSED [ 12%]
tests/test_load_all.py::TestAllModules::test_compile[process_watchdog.py] PASSED [ 12%]
tests/test_load_all.py::TestAllModules::test_compile[project_manager.py] PASSED [ 12%]
tests/test_load_all.py::TestAllModules::test_compile[project_mgmt.py] PASSED [ 12%]
tests/test_load_all.py::TestAllModules::test_compile[prometheus_metrics.py] PASSED [ 12%]
tests/test_load_all.py::TestAllModules::test_compile[pub_sub.py] PASSED  [ 12%]
tests/test_load_all.py::TestAllModules::test_compile[push_notify.py] PASSED [ 12%]
tests/test_load_all.py::TestAllModules::test_compile[pushnotify.py] PASSED [ 12%]
tests/test_load_all.py::TestAllModules::test_compile[qdrant_vector.py] PASSED [ 12%]
tests/test_load_all.py::TestAllModules::test_compile[query_cache.py] PASSED [ 12%]
tests/test_load_all.py::TestAllModules::test_compile[query_cache_layer.py] PASSED [ 12%]
tests/test_load_all.py::TestAllModules::test_compile[quota_manager.py] PASSED [ 12%]
tests/test_load_all.py::TestAllModules::test_compile[rag_knowledge_engine.py] PASSED [ 12%]
tests/test_load_all.py::TestAllModules::test_compile[rag_pipeline.py] PASSED [ 12%]
tests/test_load_all.py::TestAllModules::test_compile[ragflow.py] PASSED  [ 12%]
tests/test_load_all.py::TestAllModules::test_compile[rate_limit_redis.py] PASSED [ 12%]
tests/test_load_all.py::TestAllModules::test_compile[rate_limiter.py] PASSED [ 12%]
tests/test_load_all.py::TestAllModules::test_compile[read_write_split.py] PASSED [ 12%]
tests/test_load_all.py::TestAllModules::test_compile[realtime_collaboration.py] PASSED [ 12%]
tests/test_load_all.py::TestAllModules::test_compile[rebalance_protocol.py] PASSED [ 12%]
tests/test_load_all.py::TestAllModules::test_compile[recommendation_system.py] PASSED [ 12%]
tests/test_load_all.py::TestAllModules::test_compile[redis_cache.py] PASSED [ 12%]
tests/test_load_all.py::TestAllModules::test_compile[registry_center.py] PASSED [ 12%]
tests/test_load_all.py::TestAllModules::test_compile[release_manager.py] PASSED [ 12%]
tests/test_load_all.py::TestAllModules::test_compile[replication_cross.py] PASSED [ 12%]
tests/test_load_all.py::TestAllModules::test_compile[replication_monitor.py] PASSED [ 13%]
tests/test_load_all.py::TestAllModules::test_compile[report_generator.py] PASSED [ 13%]
tests/test_load_all.py::TestAllModules::test_compile[reportgenerator.py] PASSED [ 13%]
tests/test_load_all.py::TestAllModules::test_compile[request_id.py] PASSED [ 13%]
tests/test_load_all.py::TestAllModules::test_compile[request_tracing.py] PASSED [ 13%]
tests/test_load_all.py::TestAllModules::test_compile[rerank_cohere.py] PASSED [ 13%]
tests/test_load_all.py::TestAllModules::test_compile[resource_scheduler.py] PASSED [ 13%]
tests/test_load_all.py::TestAllModules::test_compile[resource_server.py] PASSED [ 13%]
tests/test_load_all.py::TestAllModules::test_compile[rest_proxy.py] PASSED [ 13%]
tests/test_load_all.py::TestAllModules::test_compile[retention_policy.py] PASSED [ 13%]
tests/test_load_all.py::TestAllModules::test_compile[reverse_proxy.py] PASSED [ 13%]
tests/test_load_all.py::TestAllModules::test_compile[risk_control.py] PASSED [ 13%]
tests/test_load_all.py::TestAllModules::test_compile[rollback_manager.py] PASSED [ 13%]
tests/test_load_all.py::TestAllModules::test_compile[rpa_control.py] PASSED [ 13%]
tests/test_load_all.py::TestAllModules::test_compile[rpa_controller.py] PASSED [ 13%]
tests/test_load_all.py::TestAllModules::test_compile[rpa_fault_tolerance.py] PASSED [ 13%]
tests/test_load_all.py::TestAllModules::test_compile[rule_engine.py] PASSED [ 13%]
tests/test_load_all.py::TestAllModules::test_compile[ruoyi_ai.py] PASSED [ 13%]
tests/test_load_all.py::TestAllModules::test_compile[saga_pattern.py] PASSED [ 13%]
tests/test_load_all.py::TestAllModules::test_compile[scan_iterator.py] PASSED [ 13%]
tests/test_load_all.py::TestAllModules::test_compile[scheduler_pro.py] PASSED [ 13%]
tests/test_load_all.py::TestAllModules::test_compile[schema_evolution.py] PASSED [ 13%]
tests/test_load_all.py::TestAllModules::test_compile[schema_registry.py] PASSED [ 13%]
tests/test_load_all.py::TestAllModules::test_compile[search_engine.py] PASSED [ 13%]
tests/test_load_all.py::TestAllModules::test_compile[second_brain.py] PASSED [ 13%]
tests/test_load_all.py::TestAllModules::test_compile[secret_manager.py] PASSED [ 13%]
tests/test_load_all.py::TestAllModules::test_compile[secret_vault.py] PASSED [ 13%]
tests/test_load_all.py::TestAllModules::test_compile[security_scanner.py] PASSED [ 13%]
tests/test_load_all.py::TestAllModules::test_compile[self_evolving_engine.py] PASSED [ 13%]
tests/test_load_all.py::TestAllModules::test_compile[self_healing.py] PASSED [ 13%]
tests/test_load_all.py::TestAllModules::test_compile[self_healing_v31.py] PASSED [ 13%]
tests/test_load_all.py::TestAllModules::test_compile[sentiment_analysis.py] PASSED [ 13%]
tests/test_load_all.py::TestAllModules::test_compile[sentinel_mode.py] PASSED [ 13%]
tests/test_load_all.py::TestAllModules::test_compile[service_discovery.py] PASSED [ 13%]
tests/test_load_all.py::TestAllModules::test_compile[service_mesh.py] PASSED [ 14%]
tests/test_load_all.py::TestAllModules::test_compile[session_manager.py] PASSED [ 14%]
tests/test_load_all.py::TestAllModules::test_compile[session_store.py] PASSED [ 14%]
tests/test_load_all.py::TestAllModules::test_compile[sharding_proxy.py] PASSED [ 14%]
tests/test_load_all.py::TestAllModules::test_compile[signed_url.py] PASSED [ 14%]
tests/test_load_all.py::TestAllModules::test_compile[skill_marketplace.py] PASSED [ 14%]
tests/test_load_all.py::TestAllModules::test_compile[sla_monitor.py] PASSED [ 14%]
tests/test_load_all.py::TestAllModules::test_compile[slow_log.py] PASSED [ 14%]
tests/test_load_all.py::TestAllModules::test_compile[slow_query.py] PASSED [ 14%]
tests/test_load_all.py::TestAllModules::test_compile[smart_scheduler.py] PASSED [ 14%]
tests/test_load_all.py::TestAllModules::test_compile[snapshot_volume.py] PASSED [ 14%]
tests/test_load_all.py::TestAllModules::test_compile[sort_set.py] PASSED [ 14%]
tests/test_load_all.py::TestAllModules::test_compile[soul_identity.py] PASSED [ 14%]
tests/test_load_all.py::TestAllModules::test_compile[speech_to_text.py] PASSED [ 14%]
tests/test_load_all.py::TestAllModules::test_compile[sql_generator.py] PASSED [ 14%]
tests/test_load_all.py::TestAllModules::test_compile[sse_stream.py] PASSED [ 14%]
tests/test_load_all.py::TestAllModules::test_compile[ssl_cert_manager.py] PASSED [ 14%]
tests/test_load_all.py::TestAllModules::test_compile[sso_auth.py] PASSED [ 14%]
tests/test_load_all.py::TestAllModules::test_compile[stable_diffusion.py] PASSED [ 14%]
tests/test_load_all.py::TestAllModules::test_compile[state_machine.py] PASSED [ 14%]
tests/test_load_all.py::TestAllModules::test_compile[static_cache.py] PASSED [ 14%]
tests/test_load_all.py::TestAllModules::test_compile[static_website.py] PASSED [ 14%]
tests/test_load_all.py::TestAllModules::test_compile[stock_api.py] PASSED [ 14%]
tests/test_load_all.py::TestAllModules::test_compile[storage_encryption.py] PASSED [ 14%]
tests/test_load_all.py::TestAllModules::test_compile[storage_tiering.py] PASSED [ 14%]
tests/test_load_all.py::TestAllModules::test_compile[stream_process.py] PASSED [ 14%]
tests/test_load_all.py::TestAllModules::test_compile[stream_replay.py] PASSED [ 14%]
tests/test_load_all.py::TestAllModules::test_compile[summarization_engine.py] PASSED [ 14%]
tests/test_load_all.py::TestAllModules::test_compile[superagent.py] PASSED [ 14%]
tests/test_load_all.py::TestAllModules::test_compile[supermemory.py] PASSED [ 14%]
tests/test_load_all.py::TestAllModules::test_compile[system_command.py] PASSED [ 14%]
tests/test_load_all.py::TestAllModules::test_compile[system_coordinator.py] PASSED [ 14%]
tests/test_load_all.py::TestAllModules::test_compile[system_coordinator_v3.py] PASSED [ 14%]
tests/test_load_all.py::TestAllModules::test_compile[system_monitor.py] PASSED [ 14%]
tests/test_load_all.py::TestAllModules::test_compile[systemmonitor.py] PASSED [ 15%]
tests/test_load_all.py::TestAllModules::test_compile[table_engine.py] PASSED [ 15%]
tests/test_load_all.py::TestAllModules::test_compile[table_partition.py] PASSED [ 15%]
tests/test_load_all.py::TestAllModules::test_compile[table_understand.py] PASSED [ 15%]
tests/test_load_all.py::TestAllModules::test_compile[task_heatmap.py] PASSED [ 15%]
tests/test_load_all.py::TestAllModules::test_compile[task_queue.py] PASSED [ 15%]
tests/test_load_all.py::TestAllModules::test_compile[telegram_bridge.py] PASSED [ 15%]
tests/test_load_all.py::TestAllModules::test_compile[template_market.py] PASSED [ 15%]
tests/test_load_all.py::TestAllModules::test_compile[template_registry.py] PASSED [ 15%]
tests/test_load_all.py::TestAllModules::test_compile[temporal_approval.py] PASSED [ 15%]
tests/test_load_all.py::TestAllModules::test_compile[tenant_isolation.py] PASSED [ 15%]
tests/test_load_all.py::TestAllModules::test_compile[terraform_iac.py] PASSED [ 15%]
tests/test_load_all.py::TestAllModules::test_compile[text_summarize.py] PASSED [ 15%]
tests/test_load_all.py::TestAllModules::test_compile[threat_detector.py] PASSED [ 15%]
tests/test_load_all.py::TestAllModules::test_compile[three_d_ar.py] PASSED [ 15%]
tests/test_load_all.py::TestAllModules::test_compile[time_series.py] PASSED [ 15%]
tests/test_load_all.py::TestAllModules::test_compile[token_budget.py] PASSED [ 15%]
tests/test_load_all.py::TestAllModules::test_compile[transaction_warp.py] PASSED [ 15%]
tests/test_load_all.py::TestAllModules::test_compile[transfer_acceleration.py] PASSED [ 15%]
tests/test_load_all.py::TestAllModules::test_compile[translation_service.py] PASSED [ 15%]
tests/test_load_all.py::TestAllModules::test_compile[trendaradar_trend.py] PASSED [ 15%]
tests/test_load_all.py::TestAllModules::test_compile[trigger_engine.py] PASSED [ 15%]
tests/test_load_all.py::TestAllModules::test_compile[ttl_manager.py] PASSED [ 15%]
tests/test_load_all.py::TestAllModules::test_compile[tts_elevenlabs.py] PASSED [ 15%]
tests/test_load_all.py::TestAllModules::test_compile[tunnel_manager.py] PASSED [ 15%]
tests/test_load_all.py::TestAllModules::test_compile[turix_cua_bridge.py] PASSED [ 15%]
tests/test_load_all.py::TestAllModules::test_compile[ui_renderer.py] PASSED [ 15%]
tests/test_load_all.py::TestAllModules::test_compile[ui_tars_bridge.py] PASSED [ 15%]
tests/test_load_all.py::TestAllModules::test_compile[uni_comm_gateway.py] PASSED [ 15%]
tests/test_load_all.py::TestAllModules::test_compile[unified_api_adapter.py] PASSED [ 15%]
tests/test_load_all.py::TestAllModules::test_compile[unstructured.py] PASSED [ 15%]
tests/test_load_all.py::TestAllModules::test_compile[usage_stats.py] PASSED [ 15%]
tests/test_load_all.py::TestAllModules::test_compile[user_profile.py] PASSED [ 15%]
tests/test_load_all.py::TestAllModules::test_compile[verl.py] PASSED     [ 15%]
tests/test_load_all.py::TestAllModules::test_compile[versioning_object.py] PASSED [ 16%]
tests/test_load_all.py::TestAllModules::test_compile[video_engine.py] PASSED [ 16%]
tests/test_load_all.py::TestAllModules::test_compile[vision_rpa.py] PASSED [ 16%]
tests/test_load_all.py::TestAllModules::test_compile[visual_rpa_core.py] PASSED [ 16%]
tests/test_load_all.py::TestAllModules::test_compile[voice_command.py] PASSED [ 16%]
tests/test_load_all.py::TestAllModules::test_compile[voice_interaction.py] PASSED [ 16%]
tests/test_load_all.py::TestAllModules::test_compile[voice_notify.py] PASSED [ 16%]
tests/test_load_all.py::TestAllModules::test_compile[voice_recorder.py] PASSED [ 16%]
tests/test_load_all.py::TestAllModules::test_compile[voicerecorder.py] PASSED [ 16%]
tests/test_load_all.py::TestAllModules::test_compile[vpn_gateway.py] PASSED [ 16%]
tests/test_load_all.py::TestAllModules::test_compile[weaviate_new.py] PASSED [ 16%]
tests/test_load_all.py::TestAllModules::test_compile[weaviate_semantic.py] PASSED [ 16%]
tests/test_load_all.py::TestAllModules::test_compile[web_remote.py] PASSED [ 16%]
tests/test_load_all.py::TestAllModules::test_compile[web_scraper.py] PASSED [ 16%]
tests/test_load_all.py::TestAllModules::test_compile[webhook_dispatcher.py] PASSED [ 16%]
tests/test_load_all.py::TestAllModules::test_compile[webhook_handler.py] PASSED [ 16%]
tests/test_load_all.py::TestAllModules::test_compile[webtoapp.py] PASSED [ 16%]
tests/test_load_all.py::TestAllModules::test_compile[weekly_report.py] PASSED [ 16%]
tests/test_load_all.py::TestAllModules::test_compile[whisper_asr.py] PASSED [ 16%]
tests/test_load_all.py::TestAllModules::test_compile[win_control.py] PASSED [ 16%]
tests/test_load_all.py::TestAllModules::test_compile[window_function.py] PASSED [ 16%]
tests/test_load_all.py::TestAllModules::test_compile[window_manager.py] PASSED [ 16%]
tests/test_load_all.py::TestAllModules::test_compile[windows_control.py] PASSED [ 16%]
tests/test_load_all.py::TestAllModules::test_compile[workflow_bpmn.py] PASSED [ 16%]
tests/test_load_all.py::TestAllModules::test_compile[workflow_engine.py] PASSED [ 16%]
tests/test_load_all.py::TestAllModules::test_compile[workflow_manager.py] PASSED [ 16%]
tests/test_load_all.py::TestAllModules::test_compile[workflow_orchestrator.py] PASSED [ 16%]
tests/test_load_all.py::TestAllModules::test_compile[workflowmanager.py] PASSED [ 16%]
tests/test_load_all.py::TestAllModules::test_compile[ws_manager.py] PASSED [ 16%]
tests/test_load_all.py::TestAllModules::test_meta[access_control.py] PASSED [ 16%]
tests/test_load_all.py::TestAllModules::test_meta[advanced_resilience.py] PASSED [ 16%]
tests/test_load_all.py::TestAllModules::test_meta[aegis_governance.py] PASSED [ 16%]
tests/test_load_all.py::TestAllModules::test_meta[agency_swarm.py] PASSED [ 16%]
tests/test_load_all.py::TestAllModules::test_meta[agent_apollo.py] PASSED [ 16%]
tests/test_load_all.py::TestAllModules::test_meta[agent_athena.py] PASSED [ 17%]
tests/test_load_all.py::TestAllModules::test_meta[agent_boreas.py] PASSED [ 17%]
tests/test_load_all.py::TestAllModules::test_meta[agent_cronus.py] PASSED [ 17%]
tests/test_load_all.py::TestAllModules::test_meta[agent_demeter.py] PASSED [ 17%]
tests/test_load_all.py::TestAllModules::test_meta[agent_eros.py] PASSED  [ 17%]
tests/test_load_all.py::TestAllModules::test_meta[agent_hecate.py] PASSED [ 17%]
tests/test_load_all.py::TestAllModules::test_meta[agent_hephaestus.py] PASSED [ 17%]
tests/test_load_all.py::TestAllModules::test_meta[agent_hera.py] PASSED  [ 17%]
tests/test_load_all.py::TestAllModules::test_meta[agent_hermes.py] PASSED [ 17%]
tests/test_load_all.py::TestAllModules::test_meta[agent_iris.py] PASSED  [ 17%]
tests/test_load_all.py::TestAllModules::test_meta[agent_market.py] PASSED [ 17%]
tests/test_load_all.py::TestAllModules::test_meta[agent_marketplace.py] PASSED [ 17%]
tests/test_load_all.py::TestAllModules::test_meta[agent_mas.py] PASSED   [ 17%]
tests/test_load_all.py::TestAllModules::test_meta[agent_minerva.py] PASSED [ 17%]
tests/test_load_all.py::TestAllModules::test_meta[agent_nemesis.py] PASSED [ 17%]
tests/test_load_all.py::TestAllModules::test_meta[agent_orchestrator.py] PASSED [ 17%]
tests/test_load_all.py::TestAllModules::test_meta[agent_phoebus.py] PASSED [ 17%]
tests/test_load_all.py::TestAllModules::test_meta[agent_planner.py] PASSED [ 17%]
tests/test_load_all.py::TestAllModules::test_meta[agent_poseidon.py] PASSED [ 17%]
tests/test_load_all.py::TestAllModules::test_meta[agent_resource_control.py] PASSED [ 17%]
tests/test_load_all.py::TestAllModules::test_meta[agent_themis.py] PASSED [ 17%]
tests/test_load_all.py::TestAllModules::test_meta[agentguard_sec.py] PASSED [ 17%]
tests/test_load_all.py::TestAllModules::test_meta[agentseek.py] PASSED   [ 17%]
tests/test_load_all.py::TestAllModules::test_meta[ai_gateway.py] PASSED  [ 17%]
tests/test_load_all.py::TestAllModules::test_meta[aiops_monitor.py] PASSED [ 17%]
tests/test_load_all.py::TestAllModules::test_meta[alert_manager.py] PASSED [ 17%]
tests/test_load_all.py::TestAllModules::test_meta[ansible_runner.py] PASSED [ 17%]
tests/test_load_all.py::TestAllModules::test_meta[api_cache.py] PASSED   [ 17%]
tests/test_load_all.py::TestAllModules::test_meta[api_gateway.py] PASSED [ 17%]
tests/test_load_all.py::TestAllModules::test_meta[api_mock.py] PASSED    [ 17%]
tests/test_load_all.py::TestAllModules::test_meta[api_rate_guard.py] PASSED [ 17%]
tests/test_load_all.py::TestAllModules::test_meta[api_rate_limiter.py] PASSED [ 17%]
tests/test_load_all.py::TestAllModules::test_meta[api_tester.py] PASSED  [ 17%]
tests/test_load_all.py::TestAllModules::test_meta[api_versioning.py] PASSED [ 17%]
tests/test_load_all.py::TestAllModules::test_meta[argocd_deploy.py] PASSED [ 18%]
tests/test_load_all.py::TestAllModules::test_meta[atom_code.py] PASSED   [ 18%]
tests/test_load_all.py::TestAllModules::test_meta[audio_transcription.py] PASSED [ 18%]
tests/test_load_all.py::TestAllModules::test_meta[audit_log.py] PASSED   [ 18%]
tests/test_load_all.py::TestAllModules::test_meta[audit_trail.py] PASSED [ 18%]
tests/test_load_all.py::TestAllModules::test_meta[auto_failover.py] PASSED [ 18%]
tests/test_load_all.py::TestAllModules::test_meta[auto_healing.py] PASSED [ 18%]
tests/test_load_all.py::TestAllModules::test_meta[auto_optimizer.py] PASSED [ 18%]
tests/test_load_all.py::TestAllModules::test_meta[auto_recovery.py] PASSED [ 18%]
tests/test_load_all.py::TestAllModules::test_meta[auto_restart.py] PASSED [ 18%]
tests/test_load_all.py::TestAllModules::test_meta[auto_scale.py] PASSED  [ 18%]
tests/test_load_all.py::TestAllModules::test_meta[auto_setup_autonomous.py] PASSED [ 18%]
tests/test_load_all.py::TestAllModules::test_meta[auto_summary.py] PASSED [ 18%]
tests/test_load_all.py::TestAllModules::test_meta[auto_update.py] PASSED [ 18%]
tests/test_load_all.py::TestAllModules::test_meta[autogen_studio.py] PASSED [ 18%]
tests/test_load_all.py::TestAllModules::test_meta[automation_hub.py] PASSED [ 18%]
tests/test_load_all.py::TestAllModules::test_meta[autonomous_agent.py] PASSED [ 18%]
tests/test_load_all.py::TestAllModules::test_meta[autonomous_decision_engine.py] PASSED [ 18%]
tests/test_load_all.py::TestAllModules::test_meta[autorecovery.py] PASSED [ 18%]
tests/test_load_all.py::TestAllModules::test_meta[autoskills.py] PASSED  [ 18%]
tests/test_load_all.py::TestAllModules::test_meta[awesome_design_md.py] PASSED [ 18%]
tests/test_load_all.py::TestAllModules::test_meta[backup_checksum.py] PASSED [ 18%]
tests/test_load_all.py::TestAllModules::test_meta[backup_engine.py] PASSED [ 18%]
tests/test_load_all.py::TestAllModules::test_meta[backup_manager.py] PASSED [ 18%]
tests/test_load_all.py::TestAllModules::test_meta[backup_redis.py] PASSED [ 18%]
tests/test_load_all.py::TestAllModules::test_meta[backup_scheduler.py] PASSED [ 18%]
tests/test_load_all.py::TestAllModules::test_meta[backup_verify.py] PASSED [ 18%]
tests/test_load_all.py::TestAllModules::test_meta[batch_processor.py] PASSED [ 18%]
tests/test_load_all.py::TestAllModules::test_meta[bettafish_forecast.py] PASSED [ 18%]
tests/test_load_all.py::TestAllModules::test_meta[big_key_detection.py] PASSED [ 18%]
tests/test_load_all.py::TestAllModules::test_meta[billion_group_os.py] PASSED [ 18%]
tests/test_load_all.py::TestAllModules::test_meta[biometric_auth.py] PASSED [ 18%]
tests/test_load_all.py::TestAllModules::test_meta[bitmap_operations.py] PASSED [ 18%]
tests/test_load_all.py::TestAllModules::test_meta[block_device.py] PASSED [ 18%]
tests/test_load_all.py::TestAllModules::test_meta[blockchain_web3.py] PASSED [ 19%]
tests/test_load_all.py::TestAllModules::test_meta[bloom_filter.py] PASSED [ 19%]
tests/test_load_all.py::TestAllModules::test_meta[blue_green.py] PASSED  [ 19%]
tests/test_load_all.py::TestAllModules::test_meta[bot_detection.py] PASSED [ 19%]
tests/test_load_all.py::TestAllModules::test_meta[bot_handler.py] PASSED [ 19%]
tests/test_load_all.py::TestAllModules::test_meta[browser_auto.py] PASSED [ 19%]
tests/test_load_all.py::TestAllModules::test_meta[browser_use.py] PASSED [ 19%]
tests/test_load_all.py::TestAllModules::test_meta[bucket_policy.py] PASSED [ 19%]
tests/test_load_all.py::TestAllModules::test_meta[business_analyst.py] PASSED [ 19%]
tests/test_load_all.py::TestAllModules::test_meta[bytecodestudio.py] PASSED [ 19%]
tests/test_load_all.py::TestAllModules::test_meta[cache_engine.py] PASSED [ 19%]
tests/test_load_all.py::TestAllModules::test_meta[cache_manager.py] PASSED [ 19%]
tests/test_load_all.py::TestAllModules::test_meta[canary_release.py] PASSED [ 19%]
tests/test_load_all.py::TestAllModules::test_meta[capacity_planner.py] PASSED [ 19%]
tests/test_load_all.py::TestAllModules::test_meta[cdn_invalidate.py] PASSED [ 19%]
tests/test_load_all.py::TestAllModules::test_meta[cdn_manager.py] PASSED [ 19%]
tests/test_load_all.py::TestAllModules::test_meta[cerbos_permission.py] PASSED [ 19%]
tests/test_load_all.py::TestAllModules::test_meta[chaos_engine.py] PASSED [ 19%]
tests/test_load_all.py::TestAllModules::test_meta[chaos_engineering.py] PASSED [ 19%]
tests/test_load_all.py::TestAllModules::test_meta[chart_engine.py] PASSED [ 19%]
tests/test_load_all.py::TestAllModules::test_meta[chatwise.py] PASSED    [ 19%]
tests/test_load_all.py::TestAllModules::test_meta[cicd_pipeline.py] PASSED [ 19%]
tests/test_load_all.py::TestAllModules::test_meta[circuit_breaker.py] PASSED [ 19%]
tests/test_load_all.py::TestAllModules::test_meta[circuit_breaker_pattern.py] PASSED [ 19%]
tests/test_load_all.py::TestAllModules::test_meta[claw_gateway.py] PASSED [ 19%]
tests/test_load_all.py::TestAllModules::test_meta[cli_interface.py] PASSED [ 19%]
tests/test_load_all.py::TestAllModules::test_meta[clickhouse_olap.py] PASSED [ 19%]
tests/test_load_all.py::TestAllModules::test_meta[client_pool.py] PASSED [ 19%]
tests/test_load_all.py::TestAllModules::test_meta[clone_database.py] PASSED [ 19%]
tests/test_load_all.py::TestAllModules::test_meta[cloud_connector.py] PASSED [ 19%]
tests/test_load_all.py::TestAllModules::test_meta[cloud_sync.py] PASSED  [ 19%]
tests/test_load_all.py::TestAllModules::test_meta[cluster_proxy.py] PASSED [ 19%]
tests/test_load_all.py::TestAllModules::test_meta[cluster_shard.py] PASSED [ 19%]
tests/test_load_all.py::TestAllModules::test_meta[code_generator.py] PASSED [ 19%]
tests/test_load_all.py::TestAllModules::test_meta[code_quality.py] PASSED [ 20%]
tests/test_load_all.py::TestAllModules::test_meta[code_review.py] PASSED [ 20%]
tests/test_load_all.py::TestAllModules::test_meta[code_sandbox.py] PASSED [ 20%]
tests/test_load_all.py::TestAllModules::test_meta[code_template.py] PASSED [ 20%]
tests/test_load_all.py::TestAllModules::test_meta[code_understand.py] PASSED [ 20%]
tests/test_load_all.py::TestAllModules::test_meta[command_stats.py] PASSED [ 20%]
tests/test_load_all.py::TestAllModules::test_meta[compaction_topic.py] PASSED [ 20%]
tests/test_load_all.py::TestAllModules::test_meta[compliance_auditor.py] PASSED [ 20%]
tests/test_load_all.py::TestAllModules::test_meta[component_lib.py] PASSED [ 20%]
tests/test_load_all.py::TestAllModules::test_meta[composio_tools.py] PASSED [ 20%]
tests/test_load_all.py::TestAllModules::test_meta[compress_algorithm.py] PASSED [ 20%]
tests/test_load_all.py::TestAllModules::test_meta[config_center.py] PASSED [ 20%]
tests/test_load_all.py::TestAllModules::test_meta[config_manager.py] PASSED [ 20%]
tests/test_load_all.py::TestAllModules::test_meta[config_reloader.py] PASSED [ 20%]
tests/test_load_all.py::TestAllModules::test_meta[config_service.py] PASSED [ 20%]
tests/test_load_all.py::TestAllModules::test_meta[config_ui.py] PASSED   [ 20%]
tests/test_load_all.py::TestAllModules::test_meta[connection_draining.py] PASSED [ 20%]
tests/test_load_all.py::TestAllModules::test_meta[connection_pool.py] PASSED [ 20%]
tests/test_load_all.py::TestAllModules::test_meta[consumer_group.py] PASSED [ 20%]
tests/test_load_all.py::TestAllModules::test_meta[content_service.py] PASSED [ 20%]
tests/test_load_all.py::TestAllModules::test_meta[coordination.py] PASSED [ 20%]
tests/test_load_all.py::TestAllModules::test_meta[copilotkit.py] PASSED  [ 20%]
tests/test_load_all.py::TestAllModules::test_meta[cors_config.py] PASSED [ 20%]
tests/test_load_all.py::TestAllModules::test_meta[cors_manager.py] PASSED [ 20%]
tests/test_load_all.py::TestAllModules::test_meta[cpu_profiler.py] PASSED [ 20%]
tests/test_load_all.py::TestAllModules::test_meta[crewai.py] PASSED      [ 20%]
tests/test_load_all.py::TestAllModules::test_meta[crewai_strategy.py] PASSED [ 20%]
tests/test_load_all.py::TestAllModules::test_meta[cron_engine.py] PASSED [ 20%]
tests/test_load_all.py::TestAllModules::test_meta[cron_scheduler.py] PASSED [ 20%]
tests/test_load_all.py::TestAllModules::test_meta[cross_platform_adapter.py] PASSED [ 20%]
tests/test_load_all.py::TestAllModules::test_meta[cross_region.py] PASSED [ 20%]
tests/test_load_all.py::TestAllModules::test_meta[crypto_api.py] PASSED  [ 20%]
tests/test_load_all.py::TestAllModules::test_meta[cte_query.py] PASSED   [ 20%]
tests/test_load_all.py::TestAllModules::test_meta[customer_chatbot.py] PASSED [ 20%]
tests/test_load_all.py::TestAllModules::test_meta[daemon_controller.py] PASSED [ 21%]
tests/test_load_all.py::TestAllModules::test_meta[dashboard.py] PASSED   [ 21%]
tests/test_load_all.py::TestAllModules::test_meta[data_analysis.py] PASSED [ 21%]
tests/test_load_all.py::TestAllModules::test_meta[data_archival.py] PASSED [ 21%]
tests/test_load_all.py::TestAllModules::test_meta[data_catalog.py] PASSED [ 21%]
tests/test_load_all.py::TestAllModules::test_meta[data_encrypt.py] PASSED [ 21%]
tests/test_load_all.py::TestAllModules::test_meta[data_lineage.py] PASSED [ 21%]
tests/test_load_all.py::TestAllModules::test_meta[data_masking.py] PASSED [ 21%]
tests/test_load_all.py::TestAllModules::test_meta[data_pipeline.py] PASSED [ 21%]
tests/test_load_all.py::TestAllModules::test_meta[data_quality.py] PASSED [ 21%]
tests/test_load_all.py::TestAllModules::test_meta[data_scraping.py] PASSED [ 21%]
tests/test_load_all.py::TestAllModules::test_meta[data_sync.py] PASSED   [ 21%]
tests/test_load_all.py::TestAllModules::test_meta[data_validator.py] PASSED [ 21%]
tests/test_load_all.py::TestAllModules::test_meta[data_visualizer.py] PASSED [ 21%]
tests/test_load_all.py::TestAllModules::test_meta[data_watermark.py] PASSED [ 21%]
tests/test_load_all.py::TestAllModules::test_meta[database_client.py] PASSED [ 21%]
tests/test_load_all.py::TestAllModules::test_meta[database_connector.py] PASSED [ 21%]
tests/test_load_all.py::TestAllModules::test_meta[database_manager.py] PASSED [ 21%]
tests/test_load_all.py::TestAllModules::test_meta[ddos_protection.py] PASSED [ 21%]
tests/test_load_all.py::TestAllModules::test_meta[dead_letter.py] PASSED [ 21%]
tests/test_load_all.py::TestAllModules::test_meta[deadlock_detector.py] PASSED [ 21%]
tests/test_load_all.py::TestAllModules::test_meta[debug_panel.py] PASSED [ 21%]
tests/test_load_all.py::TestAllModules::test_meta[decision_engine.py] PASSED [ 21%]
tests/test_load_all.py::TestAllModules::test_meta[delay_queue.py] PASSED [ 21%]
tests/test_load_all.py::TestAllModules::test_meta[dependency_injector.py] PASSED [ 21%]
tests/test_load_all.py::TestAllModules::test_meta[dependency_manager.py] PASSED [ 21%]
tests/test_load_all.py::TestAllModules::test_meta[dify.py] PASSED        [ 21%]
tests/test_load_all.py::TestAllModules::test_meta[distributed_counter.py] PASSED [ 21%]
tests/test_load_all.py::TestAllModules::test_meta[distributed_lock.py] PASSED [ 21%]
tests/test_load_all.py::TestAllModules::test_meta[distributed_tracer.py] PASSED [ 21%]
tests/test_load_all.py::TestAllModules::test_meta[dns_manager.py] PASSED [ 21%]
tests/test_load_all.py::TestAllModules::test_meta[dns_resolver.py] PASSED [ 21%]
tests/test_load_all.py::TestAllModules::test_meta[doc_automation.py] PASSED [ 21%]
tests/test_load_all.py::TestAllModules::test_meta[docker_deploy.py] PASSED [ 21%]
tests/test_load_all.py::TestAllModules::test_meta[docker_manager.py] PASSED [ 22%]
tests/test_load_all.py::TestAllModules::test_meta[document_automation.py] PASSED [ 22%]
tests/test_load_all.py::TestAllModules::test_meta[document_intelligence.py] PASSED [ 22%]
tests/test_load_all.py::TestAllModules::test_meta[document_qa.py] PASSED [ 22%]
tests/test_load_all.py::TestAllModules::test_meta[ecommerce_agent.py] PASSED [ 22%]
tests/test_load_all.py::TestAllModules::test_meta[edge_agent.py] PASSED  [ 22%]
tests/test_load_all.py::TestAllModules::test_meta[elasticsearch_search.py] PASSED [ 22%]
tests/test_load_all.py::TestAllModules::test_meta[email_automation.py] PASSED [ 22%]
tests/test_load_all.py::TestAllModules::test_meta[email_pro.py] PASSED   [ 22%]
tests/test_load_all.py::TestAllModules::test_meta[embedding_huggingface.py] PASSED [ 22%]
tests/test_load_all.py::TestAllModules::test_meta[embedding_openai.py] PASSED [ 22%]
tests/test_load_all.py::TestAllModules::test_meta[encryption_service.py] PASSED [ 22%]
tests/test_load_all.py::TestAllModules::test_meta[enterprise_notifier.py] PASSED [ 22%]
tests/test_load_all.py::TestAllModules::test_meta[entity_extraction.py] PASSED [ 22%]
tests/test_load_all.py::TestAllModules::test_meta[error_aggregator.py] PASSED [ 22%]
tests/test_load_all.py::TestAllModules::test_meta[event_bus.py] PASSED   [ 22%]
tests/test_load_all.py::TestAllModules::test_meta[event_bus_blinker.py] PASSED [ 22%]
tests/test_load_all.py::TestAllModules::test_meta[event_bus_pro.py] PASSED [ 22%]
tests/test_load_all.py::TestAllModules::test_meta[event_trigger.py] PASSED [ 22%]
tests/test_load_all.py::TestAllModules::test_meta[evo_adaptive.py] PASSED [ 22%]
tests/test_load_all.py::TestAllModules::test_meta[evo_backup.py] PASSED  [ 22%]
tests/test_load_all.py::TestAllModules::test_meta[evo_ecology.py] PASSED [ 22%]
tests/test_load_all.py::TestAllModules::test_meta[evo_engine_v2.py] PASSED [ 22%]
tests/test_load_all.py::TestAllModules::test_meta[evo_monitor.py] PASSED [ 22%]
tests/test_load_all.py::TestAllModules::test_meta[evo_nexus_core.py] PASSED [ 22%]
tests/test_load_all.py::TestAllModules::test_meta[evo_plugin_market.py] PASSED [ 22%]
tests/test_load_all.py::TestAllModules::test_meta[evo_safety.py] PASSED  [ 22%]
tests/test_load_all.py::TestAllModules::test_meta[exactly_once.py] PASSED [ 22%]
tests/test_load_all.py::TestAllModules::test_meta[excel_engine.py] PASSED [ 22%]
tests/test_load_all.py::TestAllModules::test_meta[experience_base.py] PASSED [ 22%]
tests/test_load_all.py::TestAllModules::test_meta[experience_bridge.py] PASSED [ 22%]
tests/test_load_all.py::TestAllModules::test_meta[export_engine.py] PASSED [ 22%]
tests/test_load_all.py::TestAllModules::test_meta[external_executor.py] PASSED [ 22%]
tests/test_load_all.py::TestAllModules::test_meta[fanout_queue.py] PASSED [ 22%]
tests/test_load_all.py::TestAllModules::test_meta[fastagency.py] PASSED  [ 22%]
tests/test_load_all.py::TestAllModules::test_meta[feature_flag.py] PASSED [ 23%]
tests/test_load_all.py::TestAllModules::test_meta[feature_flags.py] PASSED [ 23%]
tests/test_load_all.py::TestAllModules::test_meta[feishu_notifier.py] PASSED [ 23%]
tests/test_load_all.py::TestAllModules::test_meta[feishu_notify.py] PASSED [ 23%]
tests/test_load_all.py::TestAllModules::test_meta[file_manager.py] PASSED [ 23%]
tests/test_load_all.py::TestAllModules::test_meta[file_system.py] PASSED [ 23%]
tests/test_load_all.py::TestAllModules::test_meta[file_watcher.py] PASSED [ 23%]
tests/test_load_all.py::TestAllModules::test_meta[file_watcher_engine.py] PASSED [ 23%]
tests/test_load_all.py::TestAllModules::test_meta[finance_data.py] PASSED [ 23%]
tests/test_load_all.py::TestAllModules::test_meta[finance_legal_agent.py] PASSED [ 23%]
tests/test_load_all.py::TestAllModules::test_meta[fincept_terminal.py] PASSED [ 23%]
tests/test_load_all.py::TestAllModules::test_meta[firewall_rules.py] PASSED [ 23%]
tests/test_load_all.py::TestAllModules::test_meta[first_run_setup.py] PASSED [ 23%]
tests/test_load_all.py::TestAllModules::test_meta[flow_engine.py] PASSED [ 23%]
tests/test_load_all.py::TestAllModules::test_meta[flowise.py] PASSED     [ 23%]
tests/test_load_all.py::TestAllModules::test_meta[forex_api.py] PASSED   [ 23%]
tests/test_load_all.py::TestAllModules::test_meta[form_builder.py] PASSED [ 23%]
tests/test_load_all.py::TestAllModules::test_meta[form_engine.py] PASSED [ 23%]
tests/test_load_all.py::TestAllModules::test_meta[fts_query.py] PASSED   [ 23%]
tests/test_load_all.py::TestAllModules::test_meta[fund_api.py] PASSED    [ 23%]
tests/test_load_all.py::TestAllModules::test_meta[futures_api.py] PASSED [ 23%]
tests/test_load_all.py::TestAllModules::test_meta[game_simulation.py] PASSED [ 23%]
tests/test_load_all.py::TestAllModules::test_meta[gdpr_compliance.py] PASSED [ 23%]
tests/test_load_all.py::TestAllModules::test_meta[geo_index.py] PASSED   [ 23%]
tests/test_load_all.py::TestAllModules::test_meta[geo_replication.py] PASSED [ 23%]
tests/test_load_all.py::TestAllModules::test_meta[geo_search.py] PASSED  [ 23%]
tests/test_load_all.py::TestAllModules::test_meta[git_ops.py] PASSED     [ 23%]
tests/test_load_all.py::TestAllModules::test_meta[github_scanner.py] PASSED [ 23%]
tests/test_load_all.py::TestAllModules::test_meta[githubtrending.py] PASSED [ 23%]
tests/test_load_all.py::TestAllModules::test_meta[gitlab_repo.py] PASSED [ 23%]
tests/test_load_all.py::TestAllModules::test_meta[goal_tracker.py] PASSED [ 23%]
tests/test_load_all.py::TestAllModules::test_meta[goose_coder.py] PASSED [ 23%]
tests/test_load_all.py::TestAllModules::test_meta[grafana_monitor.py] PASSED [ 23%]
tests/test_load_all.py::TestAllModules::test_meta[graph_engine.py] PASSED [ 23%]
tests/test_load_all.py::TestAllModules::test_meta[graphql_gateway.py] PASSED [ 24%]
tests/test_load_all.py::TestAllModules::test_meta[grpc_proxy.py] PASSED  [ 24%]
tests/test_load_all.py::TestAllModules::test_meta[guide_manager.py] PASSED [ 24%]
tests/test_load_all.py::TestAllModules::test_meta[header_injector.py] PASSED [ 24%]
tests/test_load_all.py::TestAllModules::test_meta[health_check.py] PASSED [ 24%]
tests/test_load_all.py::TestAllModules::test_meta[health_checker.py] PASSED [ 24%]
tests/test_load_all.py::TestAllModules::test_meta[health_dashboard.py] PASSED [ 24%]
tests/test_load_all.py::TestAllModules::test_meta[health_monitor.py] PASSED [ 24%]
tests/test_load_all.py::TestAllModules::test_meta[health_ping.py] PASSED [ 24%]
tests/test_load_all.py::TestAllModules::test_meta[heatmap_generator.py] PASSED [ 24%]
tests/test_load_all.py::TestAllModules::test_meta[help_docs.py] PASSED   [ 24%]
tests/test_load_all.py::TestAllModules::test_meta[hermes_gateway.py] PASSED [ 24%]
tests/test_load_all.py::TestAllModules::test_meta[hermes_solo.py] PASSED [ 24%]
tests/test_load_all.py::TestAllModules::test_meta[hermes_webui.py] PASSED [ 24%]
tests/test_load_all.py::TestAllModules::test_meta[hot_key_detection.py] PASSED [ 24%]
tests/test_load_all.py::TestAllModules::test_meta[hotkey_events.py] PASSED [ 24%]
tests/test_load_all.py::TestAllModules::test_meta[http_client.py] PASSED [ 24%]
tests/test_load_all.py::TestAllModules::test_meta[hyperframes_video.py] PASSED [ 24%]
tests/test_load_all.py::TestAllModules::test_meta[hyperloglog.py] PASSED [ 24%]
tests/test_load_all.py::TestAllModules::test_meta[i18n_engine.py] PASSED [ 24%]
tests/test_load_all.py::TestAllModules::test_meta[i18n_gateway.py] PASSED [ 24%]
tests/test_load_all.py::TestAllModules::test_meta[icon_manager.py] PASSED [ 24%]
tests/test_load_all.py::TestAllModules::test_meta[idempotent.py] PASSED  [ 24%]
tests/test_load_all.py::TestAllModules::test_meta[idempotent_msg.py] PASSED [ 24%]
tests/test_load_all.py::TestAllModules::test_meta[identity_manager.py] PASSED [ 24%]
tests/test_load_all.py::TestAllModules::test_meta[image_engine.py] PASSED [ 24%]
tests/test_load_all.py::TestAllModules::test_meta[image_generation.py] PASSED [ 24%]
tests/test_load_all.py::TestAllModules::test_meta[image_understand.py] PASSED [ 24%]
tests/test_load_all.py::TestAllModules::test_meta[incident_manager.py] PASSED [ 24%]
tests/test_load_all.py::TestAllModules::test_meta[incident_response.py] PASSED [ 24%]
tests/test_load_all.py::TestAllModules::test_meta[incremental_backup.py] PASSED [ 24%]
tests/test_load_all.py::TestAllModules::test_meta[index_advisor.py] PASSED [ 24%]
tests/test_load_all.py::TestAllModules::test_meta[industrial_ops_agent.py] PASSED [ 24%]
tests/test_load_all.py::TestAllModules::test_meta[infra_as_code.py] PASSED [ 24%]
tests/test_load_all.py::TestAllModules::test_meta[instant_messaging.py] PASSED [ 25%]
tests/test_load_all.py::TestAllModules::test_meta[io_monitor.py] PASSED  [ 25%]
tests/test_load_all.py::TestAllModules::test_meta[iot_edge.py] PASSED    [ 25%]
tests/test_load_all.py::TestAllModules::test_meta[ip_access_control.py] PASSED [ 25%]
tests/test_load_all.py::TestAllModules::test_meta[ip_whitelist.py] PASSED [ 25%]
tests/test_load_all.py::TestAllModules::test_meta[jenkins_ci.py] PASSED  [ 25%]
tests/test_load_all.py::TestAllModules::test_meta[job_scheduler.py] PASSED [ 25%]
tests/test_load_all.py::TestAllModules::test_meta[json_store.py] PASSED  [ 25%]
tests/test_load_all.py::TestAllModules::test_meta[jwt_token.py] PASSED   [ 25%]
tests/test_load_all.py::TestAllModules::test_meta[k8s_orch.py] PASSED    [ 25%]
tests/test_load_all.py::TestAllModules::test_meta[kafka_producer.py] PASSED [ 25%]
tests/test_load_all.py::TestAllModules::test_meta[key_insights.py] PASSED [ 25%]
tests/test_load_all.py::TestAllModules::test_meta[keyword_extract.py] PASSED [ 25%]
tests/test_load_all.py::TestAllModules::test_meta[knowledge_base.py] PASSED [ 25%]
tests/test_load_all.py::TestAllModules::test_meta[knowledge_graph.py] PASSED [ 25%]
tests/test_load_all.py::TestAllModules::test_meta[kubernetes_orchestrator.py] PASSED [ 25%]
tests/test_load_all.py::TestAllModules::test_meta[kv_cache.py] PASSED    [ 25%]
tests/test_load_all.py::TestAllModules::test_meta[label_manager.py] PASSED [ 25%]
tests/test_load_all.py::TestAllModules::test_meta[langfuse_monitor.py] PASSED [ 25%]
tests/test_load_all.py::TestAllModules::test_meta[langgraph_decision.py] PASSED [ 25%]
tests/test_load_all.py::TestAllModules::test_meta[lifecycle_policy.py] PASSED [ 25%]
tests/test_load_all.py::TestAllModules::test_meta[litellm_gateway.py] PASSED [ 25%]
tests/test_load_all.py::TestAllModules::test_meta[llamaparse.py] PASSED  [ 25%]
tests/test_load_all.py::TestAllModules::test_meta[llm_agent_framework.py] PASSED [ 25%]
tests/test_load_all.py::TestAllModules::test_meta[llm_claude.py] PASSED  [ 25%]
tests/test_load_all.py::TestAllModules::test_meta[llm_gemini.py] PASSED  [ 25%]
tests/test_load_all.py::TestAllModules::test_meta[llm_local.py] PASSED   [ 25%]
tests/test_load_all.py::TestAllModules::test_meta[llm_openai.py] PASSED  [ 25%]
tests/test_load_all.py::TestAllModules::test_meta[load_balancer.py] PASSED [ 25%]
tests/test_load_all.py::TestAllModules::test_meta[lobehub_ui.py] PASSED  [ 25%]
tests/test_load_all.py::TestAllModules::test_meta[local_monitor.py] PASSED [ 25%]
tests/test_load_all.py::TestAllModules::test_meta[log_aggregator.py] PASSED [ 25%]
tests/test_load_all.py::TestAllModules::test_meta[log_analyzer.py] PASSED [ 25%]
tests/test_load_all.py::TestAllModules::test_meta[log_collector.py] PASSED [ 25%]
tests/test_load_all.py::TestAllModules::test_meta[log_manager.py] PASSED [ 26%]
tests/test_load_all.py::TestAllModules::test_meta[longterm_memory.py] PASSED [ 26%]
tests/test_load_all.py::TestAllModules::test_meta[loongclaw.py] PASSED   [ 26%]
tests/test_load_all.py::TestAllModules::test_meta[lua_script.py] PASSED  [ 26%]
tests/test_load_all.py::TestAllModules::test_meta[m49_push_notify.py] PASSED [ 26%]
tests/test_load_all.py::TestAllModules::test_meta[m50_mobile_gateway.py] PASSED [ 26%]
tests/test_load_all.py::TestAllModules::test_meta[m51_web_remote.py] PASSED [ 26%]
tests/test_load_all.py::TestAllModules::test_meta[m52_tunnel_manager.py] PASSED [ 26%]
tests/test_load_all.py::TestAllModules::test_meta[m53_finance_data.py] PASSED [ 26%]
tests/test_load_all.py::TestAllModules::test_meta[m54_browser_auto.py] PASSED [ 26%]
tests/test_load_all.py::TestAllModules::test_meta[m55_voice_notify.py] PASSED [ 26%]
tests/test_load_all.py::TestAllModules::test_meta[m56_scheduler_pro.py] PASSED [ 26%]
tests/test_load_all.py::TestAllModules::test_meta[macro_api.py] PASSED   [ 26%]
tests/test_load_all.py::TestAllModules::test_meta[mano_predictor.py] PASSED [ 26%]
tests/test_load_all.py::TestAllModules::test_meta[masfactory_orch.py] PASSED [ 26%]
tests/test_load_all.py::TestAllModules::test_meta[materialized_view.py] PASSED [ 26%]
tests/test_load_all.py::TestAllModules::test_meta[mcp_client.py] PASSED  [ 26%]
tests/test_load_all.py::TestAllModules::test_meta[mcp_integration.py] PASSED [ 26%]
tests/test_load_all.py::TestAllModules::test_meta[mcp_servers.py] PASSED [ 26%]
tests/test_load_all.py::TestAllModules::test_meta[media_content_agent.py] PASSED [ 26%]
tests/test_load_all.py::TestAllModules::test_meta[meeting_transcribe.py] PASSED [ 26%]
tests/test_load_all.py::TestAllModules::test_meta[mem0_memory.py] PASSED [ 26%]
tests/test_load_all.py::TestAllModules::test_meta[memgpt.py] PASSED      [ 26%]
tests/test_load_all.py::TestAllModules::test_meta[memory_guard.py] PASSED [ 26%]
tests/test_load_all.py::TestAllModules::test_meta[memory_leak_detect.py] PASSED [ 26%]
tests/test_load_all.py::TestAllModules::test_meta[memory_optimize.py] PASSED [ 26%]
tests/test_load_all.py::TestAllModules::test_meta[memos.py] PASSED       [ 26%]
tests/test_load_all.py::TestAllModules::test_meta[mercury_core.py] PASSED [ 26%]
tests/test_load_all.py::TestAllModules::test_meta[message_broker.py] PASSED [ 26%]
tests/test_load_all.py::TestAllModules::test_meta[message_queue.py] PASSED [ 26%]
tests/test_load_all.py::TestAllModules::test_meta[message_trace.py] PASSED [ 26%]
tests/test_load_all.py::TestAllModules::test_meta[metric_collector.py] PASSED [ 26%]
tests/test_load_all.py::TestAllModules::test_meta[microservice_bus.py] PASSED [ 26%]
tests/test_load_all.py::TestAllModules::test_meta[migration_tool.py] PASSED [ 26%]
tests/test_load_all.py::TestAllModules::test_meta[milvus_vector.py] PASSED [ 27%]
tests/test_load_all.py::TestAllModules::test_meta[mindmap_generator.py] PASSED [ 27%]
tests/test_load_all.py::TestAllModules::test_meta[mindmapgenerator.py] PASSED [ 27%]
tests/test_load_all.py::TestAllModules::test_meta[mirofish_analysis.py] PASSED [ 27%]
tests/test_load_all.py::TestAllModules::test_meta[mirror_maker.py] PASSED [ 27%]
tests/test_load_all.py::TestAllModules::test_meta[ml_intern.py] PASSED   [ 27%]
tests/test_load_all.py::TestAllModules::test_meta[ml_pipeline.py] PASSED [ 27%]
tests/test_load_all.py::TestAllModules::test_meta[mobile_gateway.py] PASSED [ 27%]
tests/test_load_all.py::TestAllModules::test_meta[modal_manager.py] PASSED [ 27%]
tests/test_load_all.py::TestAllModules::test_meta[model_deployment.py] PASSED [ 27%]
tests/test_load_all.py::TestAllModules::test_meta[model_evaluation.py] PASSED [ 27%]
tests/test_load_all.py::TestAllModules::test_meta[model_registry.py] PASSED [ 27%]
tests/test_load_all.py::TestAllModules::test_meta[model_router.py] PASSED [ 27%]
tests/test_load_all.py::TestAllModules::test_meta[model_tuning.py] PASSED [ 27%]
tests/test_load_all.py::TestAllModules::test_meta[module_adapter.py] PASSED [ 27%]
tests/test_load_all.py::TestAllModules::test_meta[mongodb_nosql.py] PASSED [ 27%]
tests/test_load_all.py::TestAllModules::test_meta[monthly_report.py] PASSED [ 27%]
tests/test_load_all.py::TestAllModules::test_meta[multi_agent_crew.py] PASSED [ 27%]
tests/test_load_all.py::TestAllModules::test_meta[multica_team.py] PASSED [ 27%]
tests/test_load_all.py::TestAllModules::test_meta[multipart_upload.py] PASSED [ 27%]
tests/test_load_all.py::TestAllModules::test_meta[n8n.py] PASSED         [ 27%]
[...]
tests/test_load_all.py::TestAllModules::test_importable[ml_intern.py] PASSED [ 93%]
tests/test_load_all.py::TestAllModules::test_importable[ml_pipeline.py] PASSED [ 93%]
tests/test_load_all.py::TestAllModules::test_importable[mobile_gateway.py] PASSED [ 93%]
tests/test_load_all.py::TestAllModules::test_importable[modal_manager.py] PASSED [ 93%]
tests/test_load_all.py::TestAllModules::test_importable[model_deployment.py] PASSED [ 93%]
tests/test_load_all.py::TestAllModules::test_importable[model_evaluation.py] PASSED [ 93%]
tests/test_load_all.py::TestAllModules::test_importable[model_registry.py] PASSED [ 93%]
tests/test_load_all.py::TestAllModules::test_importable[model_router.py] PASSED [ 93%]
tests/test_load_all.py::TestAllModules::test_importable[model_tuning.py] PASSED [ 93%]
tests/test_load_all.py::TestAllModules::test_importable[module_adapter.py] PASSED [ 93%]
tests/test_load_all.py::TestAllModules::test_importable[mongodb_nosql.py] PASSED [ 93%]
tests/test_load_all.py::TestAllModules::test_importable[monthly_report.py] PASSED [ 94%]
tests/test_load_all.py::TestAllModules::test_importable[multi_agent_crew.py] PASSED [ 94%]
tests/test_load_all.py::TestAllModules::test_importable[multica_team.py] PASSED [ 94%]
tests/test_load_all.py::TestAllModules::test_importable[multipart_upload.py] PASSED [ 94%]
tests/test_load_all.py::TestAllModules::test_importable[n8n.py] PASSED   [ 94%]
tests/test_load_all.py::TestAllModules::test_importable[neo4j_graph.py] PASSED [ 94%]
tests/test_load_all.py::TestAllModules::test_importable[network_healer.py] PASSED [ 94%]
tests/test_load_all.py::TestAllModules::test_importable[network_proxy.py] PASSED [ 94%]
tests/test_load_all.py::TestAllModules::test_importable[nlp_engine.py] PASSED [ 94%]
tests/test_load_all.py::TestAllModules::test_importable[notification_center.py] PASSED [ 94%]
tests/test_load_all.py::TestAllModules::test_importable[notion_sync.py] PASSED [ 94%]
tests/test_load_all.py::TestAllModules::test_importable[oauth_provider.py] PASSED [ 94%]
tests/test_load_all.py::TestAllModules::test_importable[oauth_server.py] PASSED [ 94%]
tests/test_load_all.py::TestAllModules::test_importable[object_storage.py] PASSED [ 94%]
tests/test_load_all.py::TestAllModules::test_importable[obsidian_link.py] PASSED [ 94%]
tests/test_load_all.py::TestAllModules::test_importable[ocr_engine.py] PASSED [ 94%]
tests/test_load_all.py::TestAllModules::test_importable[offset_commit.py] PASSED [ 94%]
tests/test_load_all.py::TestAllModules::test_importable[opa_policy_engine.py] PASSED [ 94%]
tests/test_load_all.py::TestAllModules::test_importable[open_chronicle.py] PASSED [ 94%]
tests/test_load_all.py::TestAllModules::test_importable[open_interpreter_bridge.py] PASSED [ 94%]
tests/test_load_all.py::TestAllModules::test_importable[open_lovable.py] PASSED [ 94%]
tests/test_load_all.py::TestAllModules::test_importable[openclaw_gateway.py] PASSED [ 94%]
tests/test_load_all.py::TestAllModules::test_importable[openhands_agent.py] PASSED [ 94%]
tests/test_load_all.py::TestAllModules::test_importable[openinterpreter.py] PASSED [ 94%]
tests/test_load_all.py::TestAllModules::test_importable[opentelemetry_bridge.py] PASSED [ 94%]
tests/test_load_all.py::TestAllModules::test_importable[orchestrator_core.py] PASSED [ 94%]
tests/test_load_all.py::TestAllModules::test_importable[outbox_pattern.py] PASSED [ 94%]
tests/test_load_all.py::TestAllModules::test_importable[output_formatter.py] PASSED [ 94%]
tests/test_load_all.py::TestAllModules::test_importable[page_cache.py] PASSED [ 94%]
tests/test_load_all.py::TestAllModules::test_importable[parallel_executor.py] PASSED [ 94%]
tests/test_load_all.py::TestAllModules::test_importable[payment_center.py] PASSED [ 94%]
tests/test_load_all.py::TestAllModules::test_importable[pdf_report.py] PASSED [ 94%]
tests/test_load_all.py::TestAllModules::test_importable[perf_monitor.py] PASSED [ 94%]
tests/test_load_all.py::TestAllModules::test_importable[perf_profiler.py] PASSED [ 94%]
tests/test_load_all.py::TestAllModules::test_importable[performance_optimizer.py] PASSED [ 95%]
tests/test_load_all.py::TestAllModules::test_importable[permission_guard.py] PASSED [ 95%]
tests/test_load_all.py::TestAllModules::test_importable[permission_rbac.py] PASSED [ 95%]
tests/test_load_all.py::TestAllModules::test_importable[pgvector.py] PASSED [ 95%]
tests/test_load_all.py::TestAllModules::test_importable[pii_detection.py] PASSED [ 95%]
tests/test_load_all.py::TestAllModules::test_importable[pinecone_managed.py] PASSED [ 95%]
tests/test_load_all.py::TestAllModules::test_importable[pipeline_batch.py] PASSED [ 95%]
tests/test_load_all.py::TestAllModules::test_importable[pitr_postgres.py] PASSED [ 95%]
tests/test_load_all.py::TestAllModules::test_importable[pixelle_video.py] PASSED [ 95%]
tests/test_load_all.py::TestAllModules::test_importable[plugin_loader.py] PASSED [ 95%]
tests/test_load_all.py::TestAllModules::test_importable[plugin_market.py] PASSED [ 95%]
tests/test_load_all.py::TestAllModules::test_importable[point_time_recover.py] PASSED [ 95%]
tests/test_load_all.py::TestAllModules::test_importable[postgres_db.py] PASSED [ 95%]
tests/test_load_all.py::TestAllModules::test_importable[pr_manager.py] PASSED [ 95%]
tests/test_load_all.py::TestAllModules::test_importable[praisonai_agent.py] PASSED [ 95%]
tests/test_load_all.py::TestAllModules::test_importable[priority_queue.py] PASSED [ 95%]
tests/test_load_all.py::TestAllModules::test_importable[process_watchdog.py] PASSED [ 95%]
tests/test_load_all.py::TestAllModules::test_importable[project_manager.py] PASSED [ 95%]
tests/test_load_all.py::TestAllModules::test_importable[project_mgmt.py] PASSED [ 95%]
tests/test_load_all.py::TestAllModules::test_importable[prometheus_metrics.py] PASSED [ 95%]
tests/test_load_all.py::TestAllModules::test_importable[pub_sub.py] PASSED [ 95%]
tests/test_load_all.py::TestAllModules::test_importable[push_notify.py] PASSED [ 95%]
tests/test_load_all.py::TestAllModules::test_importable[pushnotify.py] PASSED [ 95%]
tests/test_load_all.py::TestAllModules::test_importable[qdrant_vector.py] PASSED [ 95%]
tests/test_load_all.py::TestAllModules::test_importable[query_cache.py] PASSED [ 95%]
tests/test_load_all.py::TestAllModules::test_importable[query_cache_layer.py] PASSED [ 95%]
tests/test_load_all.py::TestAllModules::test_importable[quota_manager.py] PASSED [ 95%]
tests/test_load_all.py::TestAllModules::test_importable[rag_knowledge_engine.py] PASSED [ 95%]
tests/test_load_all.py::TestAllModules::test_importable[rag_pipeline.py] PASSED [ 95%]
tests/test_load_all.py::TestAllModules::test_importable[ragflow.py] PASSED [ 95%]
tests/test_load_all.py::TestAllModules::test_importable[rate_limit_redis.py] PASSED [ 95%]
tests/test_load_all.py::TestAllModules::test_importable[rate_limiter.py] PASSED [ 95%]
tests/test_load_all.py::TestAllModules::test_importable[read_write_split.py] PASSED [ 95%]
tests/test_load_all.py::TestAllModules::test_importable[realtime_collaboration.py] PASSED [ 95%]
tests/test_load_all.py::TestAllModules::test_importable[rebalance_protocol.py] PASSED [ 96%]
tests/test_load_all.py::TestAllModules::test_importable[recommendation_system.py] PASSED [ 96%]
tests/test_load_all.py::TestAllModules::test_importable[redis_cache.py] PASSED [ 96%]
tests/test_load_all.py::TestAllModules::test_importable[registry_center.py] PASSED [ 96%]
tests/test_load_all.py::TestAllModules::test_importable[release_manager.py] PASSED [ 96%]
tests/test_load_all.py::TestAllModules::test_importable[replication_cross.py] PASSED [ 96%]
tests/test_load_all.py::TestAllModules::test_importable[replication_monitor.py] PASSED [ 96%]
tests/test_load_all.py::TestAllModules::test_importable[report_generator.py] PASSED [ 96%]
tests/test_load_all.py::TestAllModules::test_importable[reportgenerator.py] PASSED [ 96%]
tests/test_load_all.py::TestAllModules::test_importable[request_id.py] PASSED [ 96%]
tests/test_load_all.py::TestAllModules::test_importable[request_tracing.py] PASSED [ 96%]
tests/test_load_all.py::TestAllModules::test_importable[rerank_cohere.py] PASSED [ 96%]
tests/test_load_all.py::TestAllModules::test_importable[resource_scheduler.py] PASSED [ 96%]
tests/test_load_all.py::TestAllModules::test_importable[resource_server.py] PASSED [ 96%]
tests/test_load_all.py::TestAllModules::test_importable[rest_proxy.py] PASSED [ 96%]
tests/test_load_all.py::TestAllModules::test_importable[retention_policy.py] PASSED [ 96%]
tests/test_load_all.py::TestAllModules::test_importable[reverse_proxy.py] PASSED [ 96%]
tests/test_load_all.py::TestAllModules::test_importable[risk_control.py] PASSED [ 96%]
tests/test_load_all.py::TestAllModules::test_importable[rollback_manager.py] PASSED [ 96%]
tests/test_load_all.py::TestAllModules::test_importable[rpa_control.py] PASSED [ 96%]
tests/test_load_all.py::TestAllModules::test_importable[rpa_controller.py] PASSED [ 96%]
tests/test_load_all.py::TestAllModules::test_importable[rpa_fault_tolerance.py] PASSED [ 96%]
tests/test_load_all.py::TestAllModules::test_importable[rule_engine.py] PASSED [ 96%]
tests/test_load_all.py::TestAllModules::test_importable[ruoyi_ai.py] PASSED [ 96%]
tests/test_load_all.py::TestAllModules::test_importable[saga_pattern.py] PASSED [ 96%]
tests/test_load_all.py::TestAllModules::test_importable[scan_iterator.py] PASSED [ 96%]
tests/test_load_all.py::TestAllModules::test_importable[scheduler_pro.py] PASSED [ 96%]
tests/test_load_all.py::TestAllModules::test_importable[schema_evolution.py] PASSED [ 96%]
tests/test_load_all.py::TestAllModules::test_importable[schema_registry.py] PASSED [ 96%]
tests/test_load_all.py::TestAllModules::test_importable[search_engine.py] PASSED [ 96%]
tests/test_load_all.py::TestAllModules::test_importable[second_brain.py] PASSED [ 96%]
tests/test_load_all.py::TestAllModules::test_importable[secret_manager.py] PASSED [ 96%]
tests/test_load_all.py::TestAllModules::test_importable[secret_vault.py] PASSED [ 96%]
tests/test_load_all.py::TestAllModules::test_importable[security_scanner.py] PASSED [ 96%]
tests/test_load_all.py::TestAllModules::test_importable[self_evolving_engine.py] PASSED [ 97%]
tests/test_load_all.py::TestAllModules::test_importable[self_healing.py] PASSED [ 97%]
tests/test_load_all.py::TestAllModules::test_importable[self_healing_v31.py] PASSED [ 97%]
tests/test_load_all.py::TestAllModules::test_importable[sentiment_analysis.py] PASSED [ 97%]
tests/test_load_all.py::TestAllModules::test_importable[sentinel_mode.py] PASSED [ 97%]
tests/test_load_all.py::TestAllModules::test_importable[service_discovery.py] PASSED [ 97%]
tests/test_load_all.py::TestAllModules::test_importable[service_mesh.py] PASSED [ 97%]
tests/test_load_all.py::TestAllModules::test_importable[session_manager.py] PASSED [ 97%]
tests/test_load_all.py::TestAllModules::test_importable[session_store.py] PASSED [ 97%]
tests/test_load_all.py::TestAllModules::test_importable[sharding_proxy.py] PASSED [ 97%]
tests/test_load_all.py::TestAllModules::test_importable[signed_url.py] PASSED [ 97%]
tests/test_load_all.py::TestAllModules::test_importable[skill_marketplace.py] PASSED [ 97%]
tests/test_load_all.py::TestAllModules::test_importable[sla_monitor.py] PASSED [ 97%]
tests/test_load_all.py::TestAllModules::test_importable[slow_log.py] PASSED [ 97%]
tests/test_load_all.py::TestAllModules::test_importable[slow_query.py] PASSED [ 97%]
tests/test_load_all.py::TestAllModules::test_importable[smart_scheduler.py] PASSED [ 97%]
tests/test_load_all.py::TestAllModules::test_importable[snapshot_volume.py] PASSED [ 97%]
tests/test_load_all.py::TestAllModules::test_importable[sort_set.py] PASSED [ 97%]
tests/test_load_all.py::TestAllModules::test_importable[soul_identity.py] PASSED [ 97%]
tests/test_load_all.py::TestAllModules::test_importable[speech_to_text.py] PASSED [ 97%]
tests/test_load_all.py::TestAllModules::test_importable[sql_generator.py] PASSED [ 97%]
tests/test_load_all.py::TestAllModules::test_importable[sse_stream.py] PASSED [ 97%]
tests/test_load_all.py::TestAllModules::test_importable[ssl_cert_manager.py] PASSED [ 97%]
tests/test_load_all.py::TestAllModules::test_importable[sso_auth.py] PASSED [ 97%]
tests/test_load_all.py::TestAllModules::test_importable[stable_diffusion.py] PASSED [ 97%]
tests/test_load_all.py::TestAllModules::test_importable[state_machine.py] PASSED [ 97%]
tests/test_load_all.py::TestAllModules::test_importable[static_cache.py] PASSED [ 97%]
tests/test_load_all.py::TestAllModules::test_importable[static_website.py] PASSED [ 97%]
tests/test_load_all.py::TestAllModules::test_importable[stock_api.py] PASSED [ 97%]
tests/test_load_all.py::TestAllModules::test_importable[storage_encryption.py] PASSED [ 97%]
tests/test_load_all.py::TestAllModules::test_importable[storage_tiering.py] PASSED [ 97%]
tests/test_load_all.py::TestAllModules::test_importable[stream_process.py] PASSED [ 97%]
tests/test_load_all.py::TestAllModules::test_importable[stream_replay.py] PASSED [ 97%]
tests/test_load_all.py::TestAllModules::test_importable[summarization_engine.py] PASSED [ 97%]
tests/test_load_all.py::TestAllModules::test_importable[superagent.py] PASSED [ 98%]
tests/test_load_all.py::TestAllModules::test_importable[supermemory.py] PASSED [ 98%]
tests/test_load_all.py::TestAllModules::test_importable[system_command.py] PASSED [ 98%]
tests/test_load_all.py::TestAllModules::test_importable[system_coordinator.py] PASSED [ 98%]
tests/test_load_all.py::TestAllModules::test_importable[system_coordinator_v3.py] PASSED [ 98%]
tests/test_load_all.py::TestAllModules::test_importable[system_monitor.py] PASSED [ 98%]
tests/test_load_all.py::TestAllModules::test_importable[systemmonitor.py] PASSED [ 98%]
tests/test_load_all.py::TestAllModules::test_importable[table_engine.py] PASSED [ 98%]
tests/test_load_all.py::TestAllModules::test_importable[table_partition.py] PASSED [ 98%]
tests/test_load_all.py::TestAllModules::test_importable[table_understand.py] PASSED [ 98%]
tests/test_load_all.py::TestAllModules::test_importable[task_heatmap.py] PASSED [ 98%]
tests/test_load_all.py::TestAllModules::test_importable[task_queue.py] PASSED [ 98%]
tests/test_load_all.py::TestAllModules::test_importable[telegram_bridge.py] PASSED [ 98%]
tests/test_load_all.py::TestAllModules::test_importable[template_market.py] PASSED [ 98%]
tests/test_load_all.py::TestAllModules::test_importable[template_registry.py] PASSED [ 98%]
tests/test_load_all.py::TestAllModules::test_importable[temporal_approval.py] PASSED [ 98%]
tests/test_load_all.py::TestAllModules::test_importable[tenant_isolation.py] PASSED [ 98%]
tests/test_load_all.py::TestAllModules::test_importable[terraform_iac.py] PASSED [ 98%]
tests/test_load_all.py::TestAllModules::test_importable[text_summarize.py] PASSED [ 98%]
tests/test_load_all.py::TestAllModules::test_importable[threat_detector.py] PASSED [ 98%]
tests/test_load_all.py::TestAllModules::test_importable[three_d_ar.py] PASSED [ 98%]
tests/test_load_all.py::TestAllModules::test_importable[time_series.py] PASSED [ 98%]
tests/test_load_all.py::TestAllModules::test_importable[token_budget.py] PASSED [ 98%]
tests/test_load_all.py::TestAllModules::test_importable[transaction_warp.py] PASSED [ 98%]
tests/test_load_all.py::TestAllModules::test_importable[transfer_acceleration.py] PASSED [ 98%]
tests/test_load_all.py::TestAllModules::test_importable[translation_service.py] PASSED [ 98%]
tests/test_load_all.py::TestAllModules::test_importable[trendaradar_trend.py] PASSED [ 98%]
tests/test_load_all.py::TestAllModules::test_importable[trigger_engine.py] PASSED [ 98%]
tests/test_load_all.py::TestAllModules::test_importable[ttl_manager.py] PASSED [ 98%]
tests/test_load_all.py::TestAllModules::test_importable[tts_elevenlabs.py] PASSED [ 98%]
tests/test_load_all.py::TestAllModules::test_importable[tunnel_manager.py] PASSED [ 98%]
tests/test_load_all.py::TestAllModules::test_importable[turix_cua_bridge.py] PASSED [ 98%]
tests/test_load_all.py::TestAllModules::test_importable[ui_renderer.py] PASSED [ 98%]
tests/test_load_all.py::TestAllModules::test_importable[ui_tars_bridge.py] PASSED [ 98%]
tests/test_load_all.py::TestAllModules::test_importable[uni_comm_gateway.py] PASSED [ 99%]
tests/test_load_all.py::TestAllModules::test_importable[unified_api_adapter.py] PASSED [ 99%]
tests/test_load_all.py::TestAllModules::test_importable[unstructured.py] PASSED [ 99%]
tests/test_load_all.py::TestAllModules::test_importable[usage_stats.py] PASSED [ 99%]
tests/test_load_all.py::TestAllModules::test_importable[user_profile.py] PASSED [ 99%]
tests/test_load_all.py::TestAllModules::test_importable[verl.py] PASSED  [ 99%]
tests/test_load_all.py::TestAllModules::test_importable[versioning_object.py] PASSED [ 99%]
tests/test_load_all.py::TestAllModules::test_importable[video_engine.py] PASSED [ 99%]
tests/test_load_all.py::TestAllModules::test_importable[vision_rpa.py] PASSED [ 99%]
tests/test_load_all.py::TestAllModules::test_importable[visual_rpa_core.py] PASSED [ 99%]
tests/test_load_all.py::TestAllModules::test_importable[voice_command.py] PASSED [ 99%]
tests/test_load_all.py::TestAllModules::test_importable[voice_interaction.py] PASSED [ 99%]
tests/test_load_all.py::TestAllModules::test_importable[voice_notify.py] PASSED [ 99%]
tests/test_load_all.py::TestAllModules::test_importable[voice_recorder.py] PASSED [ 99%]
tests/test_load_all.py::TestAllModules::test_importable[voicerecorder.py] PASSED [ 99%]
tests/test_load_all.py::TestAllModules::test_importable[vpn_gateway.py] PASSED [ 99%]
tests/test_load_all.py::TestAllModules::test_importable[weaviate_new.py] PASSED [ 99%]
tests/test_load_all.py::TestAllModules::test_importable[weaviate_semantic.py] PASSED [ 99%]
tests/test_load_all.py::TestAllModules::test_importable[web_remote.py] PASSED [ 99%]
tests/test_load_all.py::TestAllModules::test_importable[web_scraper.py] PASSED [ 99%]
tests/test_load_all.py::TestAllModules::test_importable[webhook_dispatcher.py] PASSED [ 99%]
tests/test_load_all.py::TestAllModules::test_importable[webhook_handler.py] PASSED [ 99%]
tests/test_load_all.py::TestAllModules::test_importable[webtoapp.py] PASSED [ 99%]
tests/test_load_all.py::TestAllModules::test_importable[weekly_report.py] PASSED [ 99%]
tests/test_load_all.py::TestAllModules::test_importable[whisper_asr.py] PASSED [ 99%]
tests/test_load_all.py::TestAllModules::test_importable[win_control.py] PASSED [ 99%]
tests/test_load_all.py::TestAllModules::test_importable[window_function.py] PASSED [ 99%]
tests/test_load_all.py::TestAllModules::test_importable[window_manager.py] PASSED [ 99%]
tests/test_load_all.py::TestAllModules::test_importable[windows_control.py] PASSED [ 99%]
tests/test_load_all.py::TestAllModules::test_importable[workflow_bpmn.py] PASSED [ 99%]
tests/test_load_all.py::TestAllModules::test_importable[workflow_engine.py] PASSED [ 99%]
tests/test_load_all.py::TestAllModules::test_importable[workflow_manager.py] PASSED [ 99%]
tests/test_load_all.py::TestAllModules::test_importable[workflow_orchestrator.py] PASSED [ 99%]
tests/test_load_all.py::TestAllModules::test_importable[workflowmanager.py] PASSED [ 99%]
tests/test_load_all.py::TestAllModules::test_importable[ws_manager.py] PASSED [100%]

============================== warnings summary ===============================
tests/test_load_all.py: 214 warnings
  D:\AUTO-EVO-AI-V0.1\modules\_base\tracing.py:230: DeprecationWarning: 'asyncio.iscoroutinefunction' is deprecated and slated for removal in Python 3.16; use inspect.iscoroutinefunction() instead
    if asyncio.iscoroutinefunction(func):

tests/test_load_all.py: 37 warnings
  D:\AUTO-EVO-AI-V0.1\modules\_base\metrics.py:292: DeprecationWarning: 'asyncio.iscoroutinefunction' is deprecated and slated for removal in Python 3.16; use inspect.iscoroutinefunction() instead
    if asyncio.iscoroutinefunction(func):

-- Docs: https://docs.pytest.org/en/stable/how-to/capture-warnings.html
===================== 3409 passed, 251 warnings in 49.48s =====================
