============================= test session starts =============================
platform win32 -- Python 3.14.2, pytest-9.0.3, pluggy-1.6.0 -- C:\Users\�⺣��\AppData\Local\Python\pythoncore-3.14-64\python.exe
cachedir: .pytest_cache
rootdir: D:\AUTO-EVO-AI-V0.1
configfile: pytest.ini (WARNING: ignoring pytest config in pyproject.toml!)
plugins: anyio-4.12.1, langsmith-0.7.33, cov-7.1.0
collecting ... collected 3549 items

tests/test_api.py::test_system_root PASSED                               [  0%]
tests/test_api.py::test_system_status PASSED                             [  0%]
tests/test_api.py::test_system_health PASSED                             [  0%]
tests/test_api.py::test_list_modules PASSED                              [  0%]
tests/test_api.py::test_module_categories PASSED                         [  0%]
tests/test_api.py::test_module_detail PASSED                             [  0%]
tests/test_api.py::test_module_health PASSED                             [  0%]
tests/test_api.py::test_search_modules PASSED                            [  0%]
tests/test_api.py::test_batch_execute PASSED                             [  0%]
tests/test_api.py::test_config_list PASSED                               [  0%]
tests/test_api.py::test_scheduler_status PASSED                          [  0%]
tests/test_api.py::test_scheduler_tasks PASSED                           [  0%]
tests/test_api.py::test_llm_providers FAILED                             [  0%]
tests/test_api.py::test_notify_channels PASSED                           [  0%]
tests/test_api.py::test_pipeline_stats PASSED                            [  0%]
tests/test_api.py::test_version_consistency PASSED                       [  0%]
tests/test_api.py::test_security_status PASSED                           [  0%]
tests/test_api.py::test_system_diagnosis FAILED                          [  0%]
tests/test_api.py::test_dashboard_served PASSED                          [  0%]
tests/test_api.py::test_manifest_served PASSED                           [  0%]
tests/test_api.py::test_metrics_served PASSED                            [  0%]
tests/test_api.py::test_system_backup_list PASSED                        [  0%]
tests/test_api.py::test_execution_log PASSED                             [  0%]
tests/test_api_integration.py::TestSystem::test_root PASSED              [  0%]
tests/test_api_integration.py::TestSystem::test_status PASSED            [  0%]
tests/test_api_integration.py::TestSystem::test_health PASSED            [  0%]
tests/test_api_integration.py::TestSystem::test_metrics PASSED           [  0%]
tests/test_api_integration.py::TestSystem::test_manifest PASSED          [  0%]
tests/test_api_integration.py::TestModuleRoutes::test_list_modules PASSED [  0%]
tests/test_api_integration.py::TestModuleRoutes::test_search_modules PASSED [  0%]
tests/test_api_integration.py::TestModuleRoutes::test_category_modules PASSED [  0%]
tests/test_api_integration.py::TestConfig::test_get_config PASSED        [  0%]
tests/test_api_integration.py::TestConfig::test_save_config PASSED       [  0%]
tests/test_api_integration.py::TestAuth::test_auth_status PASSED         [  0%]
tests/test_api_integration.py::TestAuth::test_security_status PASSED     [  0%]
tests/test_api_integration.py::TestScheduler::test_scheduler_status PASSED [  1%]
tests/test_api_integration.py::TestScheduler::test_scheduler_tasks PASSED [  1%]
tests/test_api_integration.py::TestLLM::test_providers FAILED            [  1%]
tests/test_api_integration.py::TestNotify::test_channels PASSED          [  1%]
tests/test_api_integration.py::TestNotify::test_notify_templates PASSED  [  1%]
tests/test_api_integration.py::TestCICD::test_git_status PASSED          [  1%]
tests/test_api_integration.py::TestCICD::test_github_config PASSED       [  1%]
tests/test_api_integration.py::TestCICD::test_webhooks PASSED            [  1%]
tests/test_api_integration.py::TestBrowser::test_browser_status PASSED   [  1%]
tests/test_api_integration.py::TestPlugins::test_plugins_list PASSED     [  1%]
tests/test_api_integration.py::TestDocs::test_docs_files PASSED          [  1%]
tests/test_api_integration.py::TestEvents::test_events_stats PASSED      [  1%]
tests/test_api_integration.py::TestEvents::test_events_recent PASSED     [  1%]
tests/test_api_integration.py::TestSystemAPI::test_diagnosis PASSED      [  1%]
tests/test_api_integration.py::TestSystemAPI::test_rate_limit PASSED     [  1%]
tests/test_api_integration.py::TestSystemAPI::test_logs PASSED           [  1%]
tests/test_api_integration.py::TestSystemAPI::test_sys_metrics PASSED    [  1%]
tests/test_api_integration.py::TestPersistence::test_persistence_status PASSED [  1%]
tests/test_api_integration.py::TestTunnel::test_tunnel_status PASSED     [  1%]
tests/test_api_integration.py::TestFrontend::test_dashboard PASSED       [  1%]
tests/test_api_integration.py::TestFrontend::test_i18n PASSED            [  1%]
tests/test_core.py::TestSystemAPI::test_01_status PASSED                 [  1%]
tests/test_core.py::TestSystemAPI::test_02_scheduler FAILED              [  1%]
tests/test_core.py::TestSystemAPI::test_03_llm_providers FAILED          [  1%]
tests/test_core.py::TestSystemAPI::test_04_notify_channels FAILED        [  1%]
tests/test_core.py::TestSystemAPI::test_05_security FAILED               [  1%]
tests/test_core.py::TestSystemAPI::test_06_autonomous FAILED             [  1%]
tests/test_core.py::TestSystemAPI::test_07_module_quality FAILED         [  1%]
tests/test_core.py::TestSystemAPI::test_08_dashboard_served FAILED       [  1%]
tests/test_core.py::TestSystemAPI::test_09_wizard_served FAILED          [  1%]
tests/test_core.py::TestSystemAPI::test_10_i18n_served FAILED            [  1%]
tests/test_core.py::TestSchedulerTasks::test_tasks_registered FAILED     [  1%]
tests/test_core.py::TestFileIntegrity::test_core_modules PASSED          [  1%]
tests/test_core.py::TestFileIntegrity::test_docker_files PASSED          [  1%]
tests/test_core.py::TestFileIntegrity::test_i18n_exists PASSED           [  1%]
tests/test_core.py::TestFileIntegrity::test_index_exists PASSED          [  2%]
tests/test_core_modules.py::TestSystemAPI::test_scheduler_status PASSED  [  2%]
tests/test_core_modules.py::TestSystemAPI::test_llm_providers FAILED     [  2%]
tests/test_core_modules.py::TestSystemAPI::test_config PASSED            [  2%]
tests/test_core_modules.py::TestSystemAPI::test_health FAILED            [  2%]
tests/test_core_modules.py::TestSystemAPI::test_notify_channels PASSED   [  2%]
tests/test_core_modules.py::TestSystemAPI::test_security PASSED          [  2%]
tests/test_core_modules.py::TestSystemAPI::test_auth PASSED              [  2%]
tests/test_core_modules.py::TestSystemAPI::test_diagnosis FAILED         [  2%]
tests/test_core_modules.py::TestSystemAPI::test_events_stats PASSED      [  2%]
tests/test_e2e_workflows.py::TestAuthWorkflow::test_jwt_issue_and_verify FAILED [  2%]
tests/test_e2e_workflows.py::TestAuthWorkflow::test_rbac_full_flow FAILED [  2%]
tests/test_e2e_workflows.py::TestDataWorkflow::test_data_analysis PASSED [  2%]
tests/test_e2e_workflows.py::TestDataWorkflow::test_forex PASSED         [  2%]
tests/test_e2e_workflows.py::TestDataWorkflow::test_recommend FAILED     [  2%]
tests/test_e2e_workflows.py::TestSecurityWorkflow::test_audit PASSED     [  2%]
tests/test_e2e_workflows.py::TestSecurityWorkflow::test_rate_limiter FAILED [  2%]
tests/test_load_all.py::TestAllModules::test_compile[access_control.py] PASSED [  2%]
tests/test_load_all.py::TestAllModules::test_compile[advanced_resilience.py] PASSED [  2%]
tests/test_load_all.py::TestAllModules::test_compile[aegis_governance.py] PASSED [  2%]
tests/test_load_all.py::TestAllModules::test_compile[agency_swarm.py] PASSED [  2%]
tests/test_load_all.py::TestAllModules::test_compile[agent_apollo.py] PASSED [  2%]
tests/test_load_all.py::TestAllModules::test_compile[agent_athena.py] PASSED [  2%]
tests/test_load_all.py::TestAllModules::test_compile[agent_boreas.py] PASSED [  2%]
tests/test_load_all.py::TestAllModules::test_compile[agent_cronus.py] PASSED [  2%]
tests/test_load_all.py::TestAllModules::test_compile[agent_demeter.py] PASSED [  2%]
tests/test_load_all.py::TestAllModules::test_compile[agent_eros.py] PASSED [  2%]
tests/test_load_all.py::TestAllModules::test_compile[agent_hecate.py] PASSED [  2%]
tests/test_load_all.py::TestAllModules::test_compile[agent_hephaestus.py] PASSED [  2%]
tests/test_load_all.py::TestAllModules::test_compile[agent_hera.py] PASSED [  2%]
tests/test_load_all.py::TestAllModules::test_compile[agent_hermes.py] PASSED [  2%]
tests/test_load_all.py::TestAllModules::test_compile[agent_iris.py] PASSED [  2%]
tests/test_load_all.py::TestAllModules::test_compile[agent_market.py] PASSED [  2%]
tests/test_load_all.py::TestAllModules::test_compile[agent_marketplace.py] PASSED [  2%]
tests/test_load_all.py::TestAllModules::test_compile[agent_mas.py] PASSED [  2%]
tests/test_load_all.py::TestAllModules::test_compile[agent_minerva.py] PASSED [  2%]
tests/test_load_all.py::TestAllModules::test_compile[agent_nemesis.py] PASSED [  3%]
tests/test_load_all.py::TestAllModules::test_compile[agent_orchestrator.py] PASSED [  3%]
tests/test_load_all.py::TestAllModules::test_compile[agent_phoebus.py] PASSED [  3%]
tests/test_load_all.py::TestAllModules::test_compile[agent_planner.py] PASSED [  3%]
tests/test_load_all.py::TestAllModules::test_compile[agent_poseidon.py] PASSED [  3%]
tests/test_load_all.py::TestAllModules::test_compile[agent_resource_control.py] PASSED [  3%]
tests/test_load_all.py::TestAllModules::test_compile[agent_themis.py] PASSED [  3%]
tests/test_load_all.py::TestAllModules::test_compile[agentguard_sec.py] PASSED [  3%]
tests/test_load_all.py::TestAllModules::test_compile[agentseek.py] PASSED [  3%]
tests/test_load_all.py::TestAllModules::test_compile[ai_gateway.py] PASSED [  3%]
tests/test_load_all.py::TestAllModules::test_compile[aiops_monitor.py] PASSED [  3%]
tests/test_load_all.py::TestAllModules::test_compile[alert_manager.py] PASSED [  3%]
tests/test_load_all.py::TestAllModules::test_compile[ansible_runner.py] PASSED [  3%]
tests/test_load_all.py::TestAllModules::test_compile[api_cache.py] PASSED [  3%]
tests/test_load_all.py::TestAllModules::test_compile[api_gateway.py] PASSED [  3%]
tests/test_load_all.py::TestAllModules::test_compile[api_mock.py] PASSED [  3%]
tests/test_load_all.py::TestAllModules::test_compile[api_rate_guard.py] PASSED [  3%]
tests/test_load_all.py::TestAllModules::test_compile[api_rate_limiter.py] PASSED [  3%]
tests/test_load_all.py::TestAllModules::test_compile[api_tester.py] PASSED [  3%]
tests/test_load_all.py::TestAllModules::test_compile[api_versioning.py] PASSED [  3%]
tests/test_load_all.py::TestAllModules::test_compile[argocd_deploy.py] PASSED [  3%]
tests/test_load_all.py::TestAllModules::test_compile[atom_code.py] PASSED [  3%]
tests/test_load_all.py::TestAllModules::test_compile[audio_transcription.py] PASSED [  3%]
tests/test_load_all.py::TestAllModules::test_compile[audit_log.py] PASSED [  3%]
tests/test_load_all.py::TestAllModules::test_compile[audit_trail.py] PASSED [  3%]
tests/test_load_all.py::TestAllModules::test_compile[auto_failover.py] PASSED [  3%]
tests/test_load_all.py::TestAllModules::test_compile[auto_healing.py] PASSED [  3%]
tests/test_load_all.py::TestAllModules::test_compile[auto_optimizer.py] PASSED [  3%]
tests/test_load_all.py::TestAllModules::test_compile[auto_recovery.py] PASSED [  3%]
tests/test_load_all.py::TestAllModules::test_compile[auto_restart.py] PASSED [  3%]
tests/test_load_all.py::TestAllModules::test_compile[auto_scale.py] PASSED [  3%]
tests/test_load_all.py::TestAllModules::test_compile[auto_setup_autonomous.py] PASSED [  3%]
tests/test_load_all.py::TestAllModules::test_compile[auto_summary.py] PASSED [  3%]
tests/test_load_all.py::TestAllModules::test_compile[auto_update.py] PASSED [  3%]
tests/test_load_all.py::TestAllModules::test_compile[autogen_studio.py] PASSED [  3%]
tests/test_load_all.py::TestAllModules::test_compile[automation_hub.py] PASSED [  4%]
tests/test_load_all.py::TestAllModules::test_compile[autonomous_agent.py] PASSED [  4%]
tests/test_load_all.py::TestAllModules::test_compile[autonomous_decision_engine.py] PASSED [  4%]
tests/test_load_all.py::TestAllModules::test_compile[autorecovery.py] PASSED [  4%]
tests/test_load_all.py::TestAllModules::test_compile[autoskills.py] PASSED [  4%]
tests/test_load_all.py::TestAllModules::test_compile[awesome_design_md.py] PASSED [  4%]
tests/test_load_all.py::TestAllModules::test_compile[backup_checksum.py] PASSED [  4%]
tests/test_load_all.py::TestAllModules::test_compile[backup_engine.py] PASSED [  4%]
tests/test_load_all.py::TestAllModules::test_compile[backup_manager.py] PASSED [  4%]
tests/test_load_all.py::TestAllModules::test_compile[backup_redis.py] PASSED [  4%]
tests/test_load_all.py::TestAllModules::test_compile[backup_scheduler.py] PASSED [  4%]
tests/test_load_all.py::TestAllModules::test_compile[backup_verify.py] PASSED [  4%]
tests/test_load_all.py::TestAllModules::test_compile[batch_processor.py] PASSED [  4%]
tests/test_load_all.py::TestAllModules::test_compile[bettafish_forecast.py] PASSED [  4%]
tests/test_load_all.py::TestAllModules::test_compile[big_key_detection.py] PASSED [  4%]
tests/test_load_all.py::TestAllModules::test_compile[billion_group_os.py] PASSED [  4%]
tests/test_load_all.py::TestAllModules::test_compile[biometric_auth.py] PASSED [  4%]
tests/test_load_all.py::TestAllModules::test_compile[bitmap_operations.py] PASSED [  4%]
tests/test_load_all.py::TestAllModules::test_compile[block_device.py] PASSED [  4%]
tests/test_load_all.py::TestAllModules::test_compile[blockchain_web3.py] PASSED [  4%]
tests/test_load_all.py::TestAllModules::test_compile[bloom_filter.py] PASSED [  4%]
tests/test_load_all.py::TestAllModules::test_compile[blue_green.py] PASSED [  4%]
tests/test_load_all.py::TestAllModules::test_compile[bot_detection.py] PASSED [  4%]
tests/test_load_all.py::TestAllModules::test_compile[bot_handler.py] PASSED [  4%]
tests/test_load_all.py::TestAllModules::test_compile[browser_auto.py] PASSED [  4%]
tests/test_load_all.py::TestAllModules::test_compile[browser_use.py] PASSED [  4%]
tests/test_load_all.py::TestAllModules::test_compile[bucket_policy.py] PASSED [  4%]
tests/test_load_all.py::TestAllModules::test_compile[business_analyst.py] PASSED [  4%]
tests/test_load_all.py::TestAllModules::test_compile[bytecodestudio.py] PASSED [  4%]
tests/test_load_all.py::TestAllModules::test_compile[cache_engine.py] PASSED [  4%]
tests/test_load_all.py::TestAllModules::test_compile[cache_manager.py] PASSED [  4%]
tests/test_load_all.py::TestAllModules::test_compile[canary_release.py] PASSED [  4%]
tests/test_load_all.py::TestAllModules::test_compile[capacity_planner.py] PASSED [  4%]
tests/test_load_all.py::TestAllModules::test_compile[cdn_invalidate.py] PASSED [  4%]
tests/test_load_all.py::TestAllModules::test_compile[cdn_manager.py] PASSED [  4%]
tests/test_load_all.py::TestAllModules::test_compile[cerbos_permission.py] PASSED [  4%]
tests/test_load_all.py::TestAllModules::test_compile[chaos_engine.py] PASSED [  5%]
tests/test_load_all.py::TestAllModules::test_compile[chaos_engineering.py] PASSED [  5%]
tests/test_load_all.py::TestAllModules::test_compile[chart_engine.py] PASSED [  5%]
tests/test_load_all.py::TestAllModules::test_compile[chatwise.py] PASSED [  5%]
tests/test_load_all.py::TestAllModules::test_compile[cicd_pipeline.py] PASSED [  5%]
tests/test_load_all.py::TestAllModules::test_compile[circuit_breaker.py] PASSED [  5%]
tests/test_load_all.py::TestAllModules::test_compile[circuit_breaker_pattern.py] PASSED [  5%]
tests/test_load_all.py::TestAllModules::test_compile[claw_gateway.py] PASSED [  5%]
tests/test_load_all.py::TestAllModules::test_compile[cli_interface.py] PASSED [  5%]
tests/test_load_all.py::TestAllModules::test_compile[clickhouse_olap.py] PASSED [  5%]
tests/test_load_all.py::TestAllModules::test_compile[client_pool.py] PASSED [  5%]
tests/test_load_all.py::TestAllModules::test_compile[clone_database.py] PASSED [  5%]
tests/test_load_all.py::TestAllModules::test_compile[cloud_connector.py] PASSED [  5%]
tests/test_load_all.py::TestAllModules::test_compile[cloud_sync.py] PASSED [  5%]
tests/test_load_all.py::TestAllModules::test_compile[cluster_proxy.py] PASSED [  5%]
tests/test_load_all.py::TestAllModules::test_compile[cluster_shard.py] PASSED [  5%]
tests/test_load_all.py::TestAllModules::test_compile[code_generator.py] PASSED [  5%]
tests/test_load_all.py::TestAllModules::test_compile[code_quality.py] PASSED [  5%]
tests/test_load_all.py::TestAllModules::test_compile[code_review.py] PASSED [  5%]
tests/test_load_all.py::TestAllModules::test_compile[code_sandbox.py] PASSED [  5%]
tests/test_load_all.py::TestAllModules::test_compile[code_template.py] PASSED [  5%]
tests/test_load_all.py::TestAllModules::test_compile[code_understand.py] PASSED [  5%]
tests/test_load_all.py::TestAllModules::test_compile[command_stats.py] PASSED [  5%]
tests/test_load_all.py::TestAllModules::test_compile[compaction_topic.py] PASSED [  5%]
tests/test_load_all.py::TestAllModules::test_compile[compliance_auditor.py] PASSED [  5%]
tests/test_load_all.py::TestAllModules::test_compile[component_lib.py] PASSED [  5%]
tests/test_load_all.py::TestAllModules::test_compile[composio_tools.py] PASSED [  5%]
tests/test_load_all.py::TestAllModules::test_compile[compress_algorithm.py] PASSED [  5%]
tests/test_load_all.py::TestAllModules::test_compile[config_center.py] PASSED [  5%]
tests/test_load_all.py::TestAllModules::test_compile[config_manager.py] PASSED [  5%]
tests/test_load_all.py::TestAllModules::test_compile[config_reloader.py] PASSED [  5%]
tests/test_load_all.py::TestAllModules::test_compile[config_service.py] PASSED [  5%]
tests/test_load_all.py::TestAllModules::test_compile[config_ui.py] PASSED [  5%]
tests/test_load_all.py::TestAllModules::test_compile[connection_draining.py] PASSED [  5%]
tests/test_load_all.py::TestAllModules::test_compile[connection_pool.py] PASSED [  5%]
tests/test_load_all.py::TestAllModules::test_compile[consumer_group.py] PASSED [  6%]
tests/test_load_all.py::TestAllModules::test_compile[content_service.py] PASSED [  6%]
tests/test_load_all.py::TestAllModules::test_compile[coordination.py] PASSED [  6%]
tests/test_load_all.py::TestAllModules::test_compile[copilotkit.py] PASSED [  6%]
tests/test_load_all.py::TestAllModules::test_compile[cors_config.py] PASSED [  6%]
tests/test_load_all.py::TestAllModules::test_compile[cors_manager.py] PASSED [  6%]
tests/test_load_all.py::TestAllModules::test_compile[cpu_profiler.py] PASSED [  6%]
tests/test_load_all.py::TestAllModules::test_compile[crewai.py] PASSED   [  6%]
tests/test_load_all.py::TestAllModules::test_compile[crewai_strategy.py] PASSED [  6%]
tests/test_load_all.py::TestAllModules::test_compile[cron_engine.py] PASSED [  6%]
tests/test_load_all.py::TestAllModules::test_compile[cron_scheduler.py] PASSED [  6%]
tests/test_load_all.py::TestAllModules::test_compile[cross_platform_adapter.py] PASSED [  6%]
tests/test_load_all.py::TestAllModules::test_compile[cross_region.py] PASSED [  6%]
tests/test_load_all.py::TestAllModules::test_compile[crypto_api.py] PASSED [  6%]
tests/test_load_all.py::TestAllModules::test_compile[cte_query.py] PASSED [  6%]
tests/test_load_all.py::TestAllModules::test_compile[customer_chatbot.py] PASSED [  6%]
tests/test_load_all.py::TestAllModules::test_compile[daemon_controller.py] PASSED [  6%]
tests/test_load_all.py::TestAllModules::test_compile[dashboard.py] PASSED [  6%]
tests/test_load_all.py::TestAllModules::test_compile[data_analysis.py] PASSED [  6%]
tests/test_load_all.py::TestAllModules::test_compile[data_archival.py] PASSED [  6%]
tests/test_load_all.py::TestAllModules::test_compile[data_catalog.py] PASSED [  6%]
tests/test_load_all.py::TestAllModules::test_compile[data_encrypt.py] PASSED [  6%]
tests/test_load_all.py::TestAllModules::test_compile[data_lineage.py] PASSED [  6%]
tests/test_load_all.py::TestAllModules::test_compile[data_masking.py] PASSED [  6%]
tests/test_load_all.py::TestAllModules::test_compile[data_pipeline.py] PASSED [  6%]
tests/test_load_all.py::TestAllModules::test_compile[data_quality.py] PASSED [  6%]
tests/test_load_all.py::TestAllModules::test_compile[data_scraping.py] PASSED [  6%]
tests/test_load_all.py::TestAllModules::test_compile[data_sync.py] PASSED [  6%]
tests/test_load_all.py::TestAllModules::test_compile[data_validator.py] PASSED [  6%]
tests/test_load_all.py::TestAllModules::test_compile[data_visualizer.py] PASSED [  6%]
tests/test_load_all.py::TestAllModules::test_compile[data_watermark.py] PASSED [  6%]
tests/test_load_all.py::TestAllModules::test_compile[database_client.py] PASSED [  6%]
tests/test_load_all.py::TestAllModules::test_compile[database_connector.py] PASSED [  6%]
tests/test_load_all.py::TestAllModules::test_compile[database_manager.py] PASSED [  6%]
tests/test_load_all.py::TestAllModules::test_compile[ddos_protection.py] PASSED [  6%]
tests/test_load_all.py::TestAllModules::test_compile[dead_letter.py] PASSED [  6%]
tests/test_load_all.py::TestAllModules::test_compile[deadlock_detector.py] PASSED [  7%]
tests/test_load_all.py::TestAllModules::test_compile[debug_panel.py] PASSED [  7%]
tests/test_load_all.py::TestAllModules::test_compile[decision_engine.py] PASSED [  7%]
tests/test_load_all.py::TestAllModules::test_compile[delay_queue.py] PASSED [  7%]
tests/test_load_all.py::TestAllModules::test_compile[dependency_injector.py] PASSED [  7%]
tests/test_load_all.py::TestAllModules::test_compile[dependency_manager.py] PASSED [  7%]
tests/test_load_all.py::TestAllModules::test_compile[dify.py] PASSED     [  7%]
tests/test_load_all.py::TestAllModules::test_compile[distributed_counter.py] PASSED [  7%]
tests/test_load_all.py::TestAllModules::test_compile[distributed_lock.py] PASSED [  7%]
tests/test_load_all.py::TestAllModules::test_compile[distributed_tracer.py] PASSED [  7%]
tests/test_load_all.py::TestAllModules::test_compile[dns_manager.py] PASSED [  7%]
tests/test_load_all.py::TestAllModules::test_compile[dns_resolver.py] PASSED [  7%]
tests/test_load_all.py::TestAllModules::test_compile[doc_automation.py] PASSED [  7%]
tests/test_load_all.py::TestAllModules::test_compile[docker_deploy.py] PASSED [  7%]
tests/test_load_all.py::TestAllModules::test_compile[docker_manager.py] PASSED [  7%]
tests/test_load_all.py::TestAllModules::test_compile[document_automation.py] PASSED [  7%]
tests/test_load_all.py::TestAllModules::test_compile[document_intelligence.py] PASSED [  7%]
tests/test_load_all.py::TestAllModules::test_compile[document_qa.py] PASSED [  7%]
tests/test_load_all.py::TestAllModules::test_compile[ecommerce_agent.py] PASSED [  7%]
tests/test_load_all.py::TestAllModules::test_compile[edge_agent.py] PASSED [  7%]
tests/test_load_all.py::TestAllModules::test_compile[elasticsearch_search.py] PASSED [  7%]
tests/test_load_all.py::TestAllModules::test_compile[email_automation.py] PASSED [  7%]
tests/test_load_all.py::TestAllModules::test_compile[email_pro.py] PASSED [  7%]
tests/test_load_all.py::TestAllModules::test_compile[embedding_huggingface.py] PASSED [  7%]
tests/test_load_all.py::TestAllModules::test_compile[embedding_openai.py] PASSED [  7%]
tests/test_load_all.py::TestAllModules::test_compile[encryption_service.py] PASSED [  7%]
tests/test_load_all.py::TestAllModules::test_compile[enterprise_notifier.py] PASSED [  7%]
tests/test_load_all.py::TestAllModules::test_compile[entity_extraction.py] PASSED [  7%]
tests/test_load_all.py::TestAllModules::test_compile[error_aggregator.py] PASSED [  7%]
tests/test_load_all.py::TestAllModules::test_compile[event_bus.py] PASSED [  7%]
tests/test_load_all.py::TestAllModules::test_compile[event_bus_blinker.py] PASSED [  7%]
tests/test_load_all.py::TestAllModules::test_compile[event_bus_pro.py] PASSED [  7%]
tests/test_load_all.py::TestAllModules::test_compile[event_trigger.py] PASSED [  7%]
tests/test_load_all.py::TestAllModules::test_compile[evo_adaptive.py] PASSED [  7%]
tests/test_load_all.py::TestAllModules::test_compile[evo_backup.py] PASSED [  7%]
tests/test_load_all.py::TestAllModules::test_compile[evo_ecology.py] PASSED [  8%]
tests/test_load_all.py::TestAllModules::test_compile[evo_engine_v2.py] PASSED [  8%]
tests/test_load_all.py::TestAllModules::test_compile[evo_monitor.py] PASSED [  8%]
tests/test_load_all.py::TestAllModules::test_compile[evo_nexus_core.py] PASSED [  8%]
tests/test_load_all.py::TestAllModules::test_compile[evo_plugin_market.py] PASSED [  8%]
tests/test_load_all.py::TestAllModules::test_compile[evo_safety.py] PASSED [  8%]
tests/test_load_all.py::TestAllModules::test_compile[exactly_once.py] PASSED [  8%]
tests/test_load_all.py::TestAllModules::test_compile[excel_engine.py] PASSED [  8%]
tests/test_load_all.py::TestAllModules::test_compile[experience_base.py] PASSED [  8%]
tests/test_load_all.py::TestAllModules::test_compile[experience_bridge.py] PASSED [  8%]
tests/test_load_all.py::TestAllModules::test_compile[export_engine.py] PASSED [  8%]
tests/test_load_all.py::TestAllModules::test_compile[external_executor.py] PASSED [  8%]
tests/test_load_all.py::TestAllModules::test_compile[fanout_queue.py] PASSED [  8%]
tests/test_load_all.py::TestAllModules::test_compile[fastagency.py] PASSED [  8%]
tests/test_load_all.py::TestAllModules::test_compile[feature_flag.py] PASSED [  8%]
tests/test_load_all.py::TestAllModules::test_compile[feature_flags.py] PASSED [  8%]
tests/test_load_all.py::TestAllModules::test_compile[feishu_notifier.py] PASSED [  8%]
tests/test_load_all.py::TestAllModules::test_compile[feishu_notify.py] PASSED [  8%]
tests/test_load_all.py::TestAllModules::test_compile[file_manager.py] PASSED [  8%]
tests/test_load_all.py::TestAllModules::test_compile[file_system.py] PASSED [  8%]
tests/test_load_all.py::TestAllModules::test_compile[file_watcher.py] PASSED [  8%]
tests/test_load_all.py::TestAllModules::test_compile[file_watcher_engine.py] PASSED [  8%]
tests/test_load_all.py::TestAllModules::test_compile[finance_data.py] PASSED [  8%]
tests/test_load_all.py::TestAllModules::test_compile[finance_legal_agent.py] PASSED [  8%]
tests/test_load_all.py::TestAllModules::test_compile[fincept_terminal.py] PASSED [  8%]
tests/test_load_all.py::TestAllModules::test_compile[firewall_rules.py] PASSED [  8%]
tests/test_load_all.py::TestAllModules::test_compile[first_run_setup.py] PASSED [  8%]
tests/test_load_all.py::TestAllModules::test_compile[flow_engine.py] PASSED [  8%]
tests/test_load_all.py::TestAllModules::test_compile[flowise.py] PASSED  [  8%]
tests/test_load_all.py::TestAllModules::test_compile[forex_api.py] PASSED [  8%]
tests/test_load_all.py::TestAllModules::test_compile[form_builder.py] PASSED [  8%]
tests/test_load_all.py::TestAllModules::test_compile[form_engine.py] PASSED [  8%]
tests/test_load_all.py::TestAllModules::test_compile[fts_query.py] PASSED [  8%]
tests/test_load_all.py::TestAllModules::test_compile[fund_api.py] PASSED [  8%]
tests/test_load_all.py::TestAllModules::test_compile[futures_api.py] PASSED [  8%]
tests/test_load_all.py::TestAllModules::test_compile[game_simulation.py] PASSED [  8%]
tests/test_load_all.py::TestAllModules::test_compile[gdpr_compliance.py] PASSED [  9%]
tests/test_load_all.py::TestAllModules::test_compile[geo_index.py] PASSED [  9%]
tests/test_load_all.py::TestAllModules::test_compile[geo_replication.py] PASSED [  9%]
tests/test_load_all.py::TestAllModules::test_compile[geo_search.py] PASSED [  9%]
tests/test_load_all.py::TestAllModules::test_compile[git_ops.py] PASSED  [  9%]
tests/test_load_all.py::TestAllModules::test_compile[github_scanner.py] PASSED [  9%]
tests/test_load_all.py::TestAllModules::test_compile[githubtrending.py] PASSED [  9%]
tests/test_load_all.py::TestAllModules::test_compile[gitlab_repo.py] PASSED [  9%]
tests/test_load_all.py::TestAllModules::test_compile[goal_tracker.py] PASSED [  9%]
tests/test_load_all.py::TestAllModules::test_compile[goose_coder.py] PASSED [  9%]
tests/test_load_all.py::TestAllModules::test_compile[grafana_monitor.py] PASSED [  9%]
tests/test_load_all.py::TestAllModules::test_compile[graph_engine.py] PASSED [  9%]
tests/test_load_all.py::TestAllModules::test_compile[graphql_gateway.py] PASSED [  9%]
tests/test_load_all.py::TestAllModules::test_compile[grpc_proxy.py] PASSED [  9%]
tests/test_load_all.py::TestAllModules::test_compile[guide_manager.py] PASSED [  9%]
tests/test_load_all.py::TestAllModules::test_compile[header_injector.py] PASSED [  9%]
tests/test_load_all.py::TestAllModules::test_compile[health_check.py] PASSED [  9%]
tests/test_load_all.py::TestAllModules::test_compile[health_checker.py] PASSED [  9%]
tests/test_load_all.py::TestAllModules::test_compile[health_dashboard.py] PASSED [  9%]
tests/test_load_all.py::TestAllModules::test_compile[health_monitor.py] PASSED [  9%]
tests/test_load_all.py::TestAllModules::test_compile[health_ping.py] PASSED [  9%]
tests/test_load_all.py::TestAllModules::test_compile[heatmap_generator.py] PASSED [  9%]
tests/test_load_all.py::TestAllModules::test_compile[help_docs.py] PASSED [  9%]
tests/test_load_all.py::TestAllModules::test_compile[hermes_gateway.py] PASSED [  9%]
tests/test_load_all.py::TestAllModules::test_compile[hermes_solo.py] PASSED [  9%]
tests/test_load_all.py::TestAllModules::test_compile[hermes_webui.py] PASSED [  9%]
tests/test_load_all.py::TestAllModules::test_compile[hot_key_detection.py] PASSED [  9%]
tests/test_load_all.py::TestAllModules::test_compile[hotkey_events.py] PASSED [  9%]
tests/test_load_all.py::TestAllModules::test_compile[http_client.py] PASSED [  9%]
tests/test_load_all.py::TestAllModules::test_compile[hyperframes_video.py] PASSED [  9%]
tests/test_load_all.py::TestAllModules::test_compile[hyperloglog.py] PASSED [  9%]
tests/test_load_all.py::TestAllModules::test_compile[i18n_engine.py] PASSED [  9%]
tests/test_load_all.py::TestAllModules::test_compile[i18n_gateway.py] PASSED [  9%]
tests/test_load_all.py::TestAllModules::test_compile[icon_manager.py] PASSED [  9%]
tests/test_load_all.py::TestAllModules::test_compile[idempotent.py] PASSED [  9%]
tests/test_load_all.py::TestAllModules::test_compile[idempotent_msg.py] PASSED [ 10%]
tests/test_load_all.py::TestAllModules::test_compile[identity_manager.py] PASSED [ 10%]
tests/test_load_all.py::TestAllModules::test_compile[image_engine.py] PASSED [ 10%]
tests/test_load_all.py::TestAllModules::test_compile[image_generation.py] PASSED [ 10%]
tests/test_load_all.py::TestAllModules::test_compile[image_understand.py] PASSED [ 10%]
tests/test_load_all.py::TestAllModules::test_compile[incident_manager.py] PASSED [ 10%]
tests/test_load_all.py::TestAllModules::test_compile[incident_response.py] PASSED [ 10%]
tests/test_load_all.py::TestAllModules::test_compile[incremental_backup.py] PASSED [ 10%]
tests/test_load_all.py::TestAllModules::test_compile[index_advisor.py] PASSED [ 10%]
tests/test_load_all.py::TestAllModules::test_compile[industrial_ops_agent.py] PASSED [ 10%]
tests/test_load_all.py::TestAllModules::test_compile[infra_as_code.py] PASSED [ 10%]
tests/test_load_all.py::TestAllModules::test_compile[instant_messaging.py] PASSED [ 10%]
tests/test_load_all.py::TestAllModules::test_compile[io_monitor.py] PASSED [ 10%]
tests/test_load_all.py::TestAllModules::test_compile[iot_edge.py] PASSED [ 10%]
tests/test_load_all.py::TestAllModules::test_compile[ip_access_control.py] PASSED [ 10%]
tests/test_load_all.py::TestAllModules::test_compile[ip_whitelist.py] PASSED [ 10%]
tests/test_load_all.py::TestAllModules::test_compile[jenkins_ci.py] PASSED [ 10%]
tests/test_load_all.py::TestAllModules::test_compile[job_scheduler.py] PASSED [ 10%]
tests/test_load_all.py::TestAllModules::test_compile[json_store.py] PASSED [ 10%]
tests/test_load_all.py::TestAllModules::test_compile[jwt_token.py] PASSED [ 10%]
tests/test_load_all.py::TestAllModules::test_compile[k8s_orch.py] PASSED [ 10%]
tests/test_load_all.py::TestAllModules::test_compile[kafka_producer.py] PASSED [ 10%]
tests/test_load_all.py::TestAllModules::test_compile[key_insights.py] PASSED [ 10%]
tests/test_load_all.py::TestAllModules::test_compile[keyword_extract.py] PASSED [ 10%]
tests/test_load_all.py::TestAllModules::test_compile[knowledge_base.py] PASSED [ 10%]
tests/test_load_all.py::TestAllModules::test_compile[knowledge_graph.py] PASSED [ 10%]
tests/test_load_all.py::TestAllModules::test_compile[kubernetes_orchestrator.py] PASSED [ 10%]
tests/test_load_all.py::TestAllModules::test_compile[kv_cache.py] PASSED [ 10%]
tests/test_load_all.py::TestAllModules::test_compile[label_manager.py] PASSED [ 10%]
tests/test_load_all.py::TestAllModules::test_compile[langfuse_monitor.py] PASSED [ 10%]
tests/test_load_all.py::TestAllModules::test_compile[langgraph_decision.py] PASSED [ 10%]
tests/test_load_all.py::TestAllModules::test_compile[lifecycle_policy.py] PASSED [ 10%]
tests/test_load_all.py::TestAllModules::test_compile[litellm_gateway.py] PASSED [ 10%]
tests/test_load_all.py::TestAllModules::test_compile[llamaparse.py] PASSED [ 10%]
tests/test_load_all.py::TestAllModules::test_compile[llm_agent_framework.py] PASSED [ 10%]
tests/test_load_all.py::TestAllModules::test_compile[llm_claude.py] PASSED [ 10%]
tests/test_load_all.py::TestAllModules::test_compile[llm_gemini.py] PASSED [ 11%]
tests/test_load_all.py::TestAllModules::test_compile[llm_local.py] PASSED [ 11%]
tests/test_load_all.py::TestAllModules::test_compile[llm_openai.py] PASSED [ 11%]
tests/test_load_all.py::TestAllModules::test_compile[load_balancer.py] PASSED [ 11%]
tests/test_load_all.py::TestAllModules::test_compile[lobehub_ui.py] PASSED [ 11%]
tests/test_load_all.py::TestAllModules::test_compile[local_monitor.py] PASSED [ 11%]
tests/test_load_all.py::TestAllModules::test_compile[log_aggregator.py] PASSED [ 11%]
tests/test_load_all.py::TestAllModules::test_compile[log_analyzer.py] PASSED [ 11%]
tests/test_load_all.py::TestAllModules::test_compile[log_collector.py] PASSED [ 11%]
tests/test_load_all.py::TestAllModules::test_compile[log_manager.py] PASSED [ 11%]
tests/test_load_all.py::TestAllModules::test_compile[longterm_memory.py] PASSED [ 11%]
tests/test_load_all.py::TestAllModules::test_compile[loongclaw.py] PASSED [ 11%]
tests/test_load_all.py::TestAllModules::test_compile[lua_script.py] PASSED [ 11%]
tests/test_load_all.py::TestAllModules::test_compile[m49_push_notify.py] PASSED [ 11%]
tests/test_load_all.py::TestAllModules::test_compile[m50_mobile_gateway.py] PASSED [ 11%]
tests/test_load_all.py::TestAllModules::test_compile[m51_web_remote.py] PASSED [ 11%]
tests/test_load_all.py::TestAllModules::test_compile[m52_tunnel_manager.py] PASSED [ 11%]
tests/test_load_all.py::TestAllModules::test_compile[m53_finance_data.py] PASSED [ 11%]
tests/test_load_all.py::TestAllModules::test_compile[m54_browser_auto.py] PASSED [ 11%]
tests/test_load_all.py::TestAllModules::test_compile[m55_voice_notify.py] PASSED [ 11%]
tests/test_load_all.py::TestAllModules::test_compile[m56_scheduler_pro.py] PASSED [ 11%]
tests/test_load_all.py::TestAllModules::test_compile[macro_api.py] PASSED [ 11%]
tests/test_load_all.py::TestAllModules::test_compile[mano_predictor.py] PASSED [ 11%]
tests/test_load_all.py::TestAllModules::test_compile[masfactory_orch.py] PASSED [ 11%]
tests/test_load_all.py::TestAllModules::test_compile[materialized_view.py] PASSED [ 11%]
tests/test_load_all.py::TestAllModules::test_compile[mcp_client.py] PASSED [ 11%]
tests/test_load_all.py::TestAllModules::test_compile[mcp_integration.py] PASSED [ 11%]
tests/test_load_all.py::TestAllModules::test_compile[mcp_servers.py] PASSED [ 11%]
tests/test_load_all.py::TestAllModules::test_compile[media_content_agent.py] PASSED [ 11%]
tests/test_load_all.py::TestAllModules::test_compile[meeting_transcribe.py] PASSED [ 11%]
tests/test_load_all.py::TestAllModules::test_compile[mem0_memory.py] PASSED [ 11%]
tests/test_load_all.py::TestAllModules::test_compile[memgpt.py] PASSED   [ 11%]
tests/test_load_all.py::TestAllModules::test_compile[memory_guard.py] PASSED [ 11%]
tests/test_load_all.py::TestAllModules::test_compile[memory_leak_detect.py] PASSED [ 11%]
tests/test_load_all.py::TestAllModules::test_compile[memory_optimize.py] PASSED [ 11%]
tests/test_load_all.py::TestAllModules::test_compile[memos.py] PASSED    [ 12%]
tests/test_load_all.py::TestAllModules::test_compile[mercury_core.py] PASSED [ 12%]
tests/test_load_all.py::TestAllModules::test_compile[message_broker.py] PASSED [ 12%]
tests/test_load_all.py::TestAllModules::test_compile[message_queue.py] PASSED [ 12%]
tests/test_load_all.py::TestAllModules::test_compile[message_trace.py] PASSED [ 12%]
tests/test_load_all.py::TestAllModules::test_compile[metric_collector.py] PASSED [ 12%]
tests/test_load_all.py::TestAllModules::test_compile[microservice_bus.py] PASSED [ 12%]
tests/test_load_all.py::TestAllModules::test_compile[migration_tool.py] PASSED [ 12%]
tests/test_load_all.py::TestAllModules::test_compile[milvus_vector.py] PASSED [ 12%]
tests/test_load_all.py::TestAllModules::test_compile[mindmap_generator.py] PASSED [ 12%]
tests/test_load_all.py::TestAllModules::test_compile[mindmapgenerator.py] PASSED [ 12%]
tests/test_load_all.py::TestAllModules::test_compile[mirofish_analysis.py] PASSED [ 12%]
tests/test_load_all.py::TestAllModules::test_compile[mirror_maker.py] PASSED [ 12%]
tests/test_load_all.py::TestAllModules::test_compile[ml_intern.py] PASSED [ 12%]
tests/test_load_all.py::TestAllModules::test_compile[ml_pipeline.py] PASSED [ 12%]
tests/test_load_all.py::TestAllModules::test_compile[mobile_gateway.py] PASSED [ 12%]
tests/test_load_all.py::TestAllModules::test_compile[modal_manager.py] PASSED [ 12%]
tests/test_load_all.py::TestAllModules::test_compile[model_deployment.py] PASSED [ 12%]
tests/test_load_all.py::TestAllModules::test_compile[model_evaluation.py] PASSED [ 12%]
tests/test_load_all.py::TestAllModules::test_compile[model_registry.py] PASSED [ 12%]
tests/test_load_all.py::TestAllModules::test_compile[model_router.py] PASSED [ 12%]
tests/test_load_all.py::TestAllModules::test_compile[model_tuning.py] PASSED [ 12%]
tests/test_load_all.py::TestAllModules::test_compile[module_adapter.py] PASSED [ 12%]
tests/test_load_all.py::TestAllModules::test_compile[mongodb_nosql.py] PASSED [ 12%]
tests/test_load_all.py::TestAllModules::test_compile[monthly_report.py] PASSED [ 12%]
tests/test_load_all.py::TestAllModules::test_compile[multi_agent_crew.py] PASSED [ 12%]
tests/test_load_all.py::TestAllModules::test_compile[multica_team.py] PASSED [ 12%]
tests/test_load_all.py::TestAllModules::test_compile[multipart_upload.py] PASSED [ 12%]
tests/test_load_all.py::TestAllModules::test_compile[n8n.py] PASSED      [ 12%]
tests/test_load_all.py::TestAllModules::test_compile[neo4j_graph.py] PASSED [ 12%]
tests/test_load_all.py::TestAllModules::test_compile[network_healer.py] PASSED [ 12%]
tests/test_load_all.py::TestAllModules::test_compile[network_proxy.py] PASSED [ 12%]
tests/test_load_all.py::TestAllModules::test_compile[nlp_engine.py] PASSED [ 12%]
tests/test_load_all.py::TestAllModules::test_compile[notification_center.py] PASSED [ 12%]
tests/test_load_all.py::TestAllModules::test_compile[notion_sync.py] PASSED [ 12%]
tests/test_load_all.py::TestAllModules::test_compile[oauth_provider.py] PASSED [ 12%]
tests/test_load_all.py::TestAllModules::test_compile[oauth_server.py] PASSED [ 13%]
tests/test_load_all.py::TestAllModules::test_compile[object_storage.py] PASSED [ 13%]
tests/test_load_all.py::TestAllModules::test_compile[obsidian_link.py] PASSED [ 13%]
tests/test_load_all.py::TestAllModules::test_compile[ocr_engine.py] PASSED [ 13%]
tests/test_load_all.py::TestAllModules::test_compile[offset_commit.py] PASSED [ 13%]
tests/test_load_all.py::TestAllModules::test_compile[opa_policy_engine.py] PASSED [ 13%]
tests/test_load_all.py::TestAllModules::test_compile[open_chronicle.py] PASSED [ 13%]
tests/test_load_all.py::TestAllModules::test_compile[open_interpreter_bridge.py] PASSED [ 13%]
tests/test_load_all.py::TestAllModules::test_compile[open_lovable.py] PASSED [ 13%]
tests/test_load_all.py::TestAllModules::test_compile[openclaw_gateway.py] PASSED [ 13%]
tests/test_load_all.py::TestAllModules::test_compile[openhands_agent.py] PASSED [ 13%]
tests/test_load_all.py::TestAllModules::test_compile[openinterpreter.py] PASSED [ 13%]
tests/test_load_all.py::TestAllModules::test_compile[opentelemetry_bridge.py] PASSED [ 13%]
tests/test_load_all.py::TestAllModules::test_compile[orchestrator_core.py] PASSED [ 13%]
tests/test_load_all.py::TestAllModules::test_compile[outbox_pattern.py] PASSED [ 13%]
tests/test_load_all.py::TestAllModules::test_compile[output_formatter.py] PASSED [ 13%]
tests/test_load_all.py::TestAllModules::test_compile[page_cache.py] PASSED [ 13%]
tests/test_load_all.py::TestAllModules::test_compile[parallel_executor.py] PASSED [ 13%]
tests/test_load_all.py::TestAllModules::test_compile[payment_center.py] PASSED [ 13%]
tests/test_load_all.py::TestAllModules::test_compile[pdf_report.py] PASSED [ 13%]
tests/test_load_all.py::TestAllModules::test_compile[perf_monitor.py] PASSED [ 13%]
tests/test_load_all.py::TestAllModules::test_compile[perf_profiler.py] PASSED [ 13%]
tests/test_load_all.py::TestAllModules::test_compile[performance_optimizer.py] PASSED [ 13%]
tests/test_load_all.py::TestAllModules::test_compile[permission_guard.py] PASSED [ 13%]
tests/test_load_all.py::TestAllModules::test_compile[permission_rbac.py] PASSED [ 13%]
tests/test_load_all.py::TestAllModules::test_compile[pgvector.py] PASSED [ 13%]
tests/test_load_all.py::TestAllModules::test_compile[pii_detection.py] PASSED [ 13%]
tests/test_load_all.py::TestAllModules::test_compile[pinecone_managed.py] PASSED [ 13%]
tests/test_load_all.py::TestAllModules::test_compile[pipeline_batch.py] PASSED [ 13%]
tests/test_load_all.py::TestAllModules::test_compile[pitr_postgres.py] PASSED [ 13%]
tests/test_load_all.py::TestAllModules::test_compile[pixelle_video.py] PASSED [ 13%]
tests/test_load_all.py::TestAllModules::test_compile[plugin_loader.py] PASSED [ 13%]
tests/test_load_all.py::TestAllModules::test_compile[plugin_market.py] PASSED [ 13%]
tests/test_load_all.py::TestAllModules::test_compile[point_time_recover.py] PASSED [ 13%]
tests/test_load_all.py::TestAllModules::test_compile[postgres_db.py] PASSED [ 13%]
tests/test_load_all.py::TestAllModules::test_compile[pr_manager.py] PASSED [ 14%]
tests/test_load_all.py::TestAllModules::test_compile[praisonai_agent.py] PASSED [ 14%]
tests/test_load_all.py::TestAllModules::test_compile[priority_queue.py] PASSED [ 14%]
tests/test_load_all.py::TestAllModules::test_compile[process_watchdog.py] PASSED [ 14%]
tests/test_load_all.py::TestAllModules::test_compile[project_manager.py] PASSED [ 14%]
tests/test_load_all.py::TestAllModules::test_compile[project_mgmt.py] PASSED [ 14%]
tests/test_load_all.py::TestAllModules::test_compile[prometheus_metrics.py] PASSED [ 14%]
tests/test_load_all.py::TestAllModules::test_compile[pub_sub.py] PASSED  [ 14%]
tests/test_load_all.py::TestAllModules::test_compile[push_notify.py] PASSED [ 14%]
tests/test_load_all.py::TestAllModules::test_compile[pushnotify.py] PASSED [ 14%]
tests/test_load_all.py::TestAllModules::test_compile[qdrant_vector.py] PASSED [ 14%]
tests/test_load_all.py::TestAllModules::test_compile[query_cache.py] PASSED [ 14%]
tests/test_load_all.py::TestAllModules::test_compile[query_cache_layer.py] PASSED [ 14%]
tests/test_load_all.py::TestAllModules::test_compile[quota_manager.py] PASSED [ 14%]
tests/test_load_all.py::TestAllModules::test_compile[rag_knowledge_engine.py] PASSED [ 14%]
tests/test_load_all.py::TestAllModules::test_compile[rag_pipeline.py] PASSED [ 14%]
tests/test_load_all.py::TestAllModules::test_compile[ragflow.py] PASSED  [ 14%]
tests/test_load_all.py::TestAllModules::test_compile[rate_limit_redis.py] PASSED [ 14%]
tests/test_load_all.py::TestAllModules::test_compile[rate_limiter.py] PASSED [ 14%]
tests/test_load_all.py::TestAllModules::test_compile[read_write_split.py] PASSED [ 14%]
tests/test_load_all.py::TestAllModules::test_compile[realtime_collaboration.py] PASSED [ 14%]
tests/test_load_all.py::TestAllModules::test_compile[rebalance_protocol.py] PASSED [ 14%]
tests/test_load_all.py::TestAllModules::test_compile[recommendation_system.py] PASSED [ 14%]
tests/test_load_all.py::TestAllModules::test_compile[redis_cache.py] PASSED [ 14%]
tests/test_load_all.py::TestAllModules::test_compile[registry_center.py] PASSED [ 14%]
tests/test_load_all.py::TestAllModules::test_compile[release_manager.py] PASSED [ 14%]
tests/test_load_all.py::TestAllModules::test_compile[replication_cross.py] PASSED [ 14%]
tests/test_load_all.py::TestAllModules::test_compile[replication_monitor.py] PASSED [ 14%]
tests/test_load_all.py::TestAllModules::test_compile[report_generator.py] PASSED [ 14%]
tests/test_load_all.py::TestAllModules::test_compile[reportgenerator.py] PASSED [ 14%]
tests/test_load_all.py::TestAllModules::test_compile[request_id.py] PASSED [ 14%]
tests/test_load_all.py::TestAllModules::test_compile[request_tracing.py] PASSED [ 14%]
tests/test_load_all.py::TestAllModules::test_compile[rerank_cohere.py] PASSED [ 14%]
tests/test_load_all.py::TestAllModules::test_compile[resource_scheduler.py] PASSED [ 14%]
tests/test_load_all.py::TestAllModules::test_compile[resource_server.py] PASSED [ 14%]
tests/test_load_all.py::TestAllModules::test_compile[rest_proxy.py] PASSED [ 14%]
tests/test_load_all.py::TestAllModules::test_compile[retention_policy.py] PASSED [ 15%]
tests/test_load_all.py::TestAllModules::test_compile[reverse_proxy.py] PASSED [ 15%]
tests/test_load_all.py::TestAllModules::test_compile[risk_control.py] PASSED [ 15%]
tests/test_load_all.py::TestAllModules::test_compile[rollback_manager.py] PASSED [ 15%]
tests/test_load_all.py::TestAllModules::test_compile[rpa_control.py] PASSED [ 15%]
tests/test_load_all.py::TestAllModules::test_compile[rpa_controller.py] PASSED [ 15%]
tests/test_load_all.py::TestAllModules::test_compile[rpa_fault_tolerance.py] PASSED [ 15%]
tests/test_load_all.py::TestAllModules::test_compile[rule_engine.py] PASSED [ 15%]
tests/test_load_all.py::TestAllModules::test_compile[ruoyi_ai.py] PASSED [ 15%]
tests/test_load_all.py::TestAllModules::test_compile[saga_pattern.py] PASSED [ 15%]
tests/test_load_all.py::TestAllModules::test_compile[scan_iterator.py] PASSED [ 15%]
tests/test_load_all.py::TestAllModules::test_compile[scheduler_pro.py] PASSED [ 15%]
tests/test_load_all.py::TestAllModules::test_compile[schema_evolution.py] PASSED [ 15%]
tests/test_load_all.py::TestAllModules::test_compile[schema_registry.py] PASSED [ 15%]
tests/test_load_all.py::TestAllModules::test_compile[search_engine.py] PASSED [ 15%]
tests/test_load_all.py::TestAllModules::test_compile[second_brain.py] PASSED [ 15%]
tests/test_load_all.py::TestAllModules::test_compile[secret_manager.py] PASSED [ 15%]
tests/test_load_all.py::TestAllModules::test_compile[secret_vault.py] PASSED [ 15%]
tests/test_load_all.py::TestAllModules::test_compile[security_scanner.py] PASSED [ 15%]
tests/test_load_all.py::TestAllModules::test_compile[self_evolving_engine.py] PASSED [ 15%]
tests/test_load_all.py::TestAllModules::test_compile[self_healing.py] PASSED [ 15%]
tests/test_load_all.py::TestAllModules::test_compile[self_healing_v31.py] PASSED [ 15%]
tests/test_load_all.py::TestAllModules::test_compile[sentiment_analysis.py] PASSED [ 15%]
tests/test_load_all.py::TestAllModules::test_compile[sentinel_mode.py] PASSED [ 15%]
tests/test_load_all.py::TestAllModules::test_compile[service_discovery.py] PASSED [ 15%]
tests/test_load_all.py::TestAllModules::test_compile[service_mesh.py] PASSED [ 15%]
tests/test_load_all.py::TestAllModules::test_compile[session_manager.py] PASSED [ 15%]
tests/test_load_all.py::TestAllModules::test_compile[session_store.py] PASSED [ 15%]
tests/test_load_all.py::TestAllModules::test_compile[sharding_proxy.py] PASSED [ 15%]
tests/test_load_all.py::TestAllModules::test_compile[signed_url.py] PASSED [ 15%]
tests/test_load_all.py::TestAllModules::test_compile[skill_marketplace.py] PASSED [ 15%]
tests/test_load_all.py::TestAllModules::test_compile[sla_monitor.py] PASSED [ 15%]
tests/test_load_all.py::TestAllModules::test_compile[slow_log.py] PASSED [ 15%]
tests/test_load_all.py::TestAllModules::test_compile[slow_query.py] PASSED [ 15%]
tests/test_load_all.py::TestAllModules::test_compile[smart_scheduler.py] PASSED [ 15%]
tests/test_load_all.py::TestAllModules::test_compile[snapshot_volume.py] PASSED [ 16%]
tests/test_load_all.py::TestAllModules::test_compile[sort_set.py] PASSED [ 16%]
tests/test_load_all.py::TestAllModules::test_compile[soul_identity.py] PASSED [ 16%]
tests/test_load_all.py::TestAllModules::test_compile[speech_to_text.py] PASSED [ 16%]
tests/test_load_all.py::TestAllModules::test_compile[sql_generator.py] PASSED [ 16%]
tests/test_load_all.py::TestAllModules::test_compile[sse_stream.py] PASSED [ 16%]
tests/test_load_all.py::TestAllModules::test_compile[ssl_cert_manager.py] PASSED [ 16%]
tests/test_load_all.py::TestAllModules::test_compile[sso_auth.py] PASSED [ 16%]
tests/test_load_all.py::TestAllModules::test_compile[stable_diffusion.py] PASSED [ 16%]
tests/test_load_all.py::TestAllModules::test_compile[state_machine.py] PASSED [ 16%]
tests/test_load_all.py::TestAllModules::test_compile[static_cache.py] PASSED [ 16%]
tests/test_load_all.py::TestAllModules::test_compile[static_website.py] PASSED [ 16%]
tests/test_load_all.py::TestAllModules::test_compile[stock_api.py] PASSED [ 16%]
tests/test_load_all.py::TestAllModules::test_compile[storage_encryption.py] PASSED [ 16%]
tests/test_load_all.py::TestAllModules::test_compile[storage_tiering.py] PASSED [ 16%]
tests/test_load_all.py::TestAllModules::test_compile[stream_process.py] PASSED [ 16%]
tests/test_load_all.py::TestAllModules::test_compile[stream_replay.py] PASSED [ 16%]
tests/test_load_all.py::TestAllModules::test_compile[summarization_engine.py] PASSED [ 16%]
tests/test_load_all.py::TestAllModules::test_compile[superagent.py] PASSED [ 16%]
tests/test_load_all.py::TestAllModules::test_compile[supermemory.py] PASSED [ 16%]
tests/test_load_all.py::TestAllModules::test_compile[system_command.py] PASSED [ 16%]
tests/test_load_all.py::TestAllModules::test_compile[system_coordinator.py] PASSED [ 16%]
tests/test_load_all.py::TestAllModules::test_compile[system_coordinator_v3.py] PASSED [ 16%]
tests/test_load_all.py::TestAllModules::test_compile[system_monitor.py] PASSED [ 16%]
tests/test_load_all.py::TestAllModules::test_compile[systemmonitor.py] PASSED [ 16%]
tests/test_load_all.py::TestAllModules::test_compile[table_engine.py] PASSED [ 16%]
tests/test_load_all.py::TestAllModules::test_compile[table_partition.py] PASSED [ 16%]
tests/test_load_all.py::TestAllModules::test_compile[table_understand.py] PASSED [ 16%]
tests/test_load_all.py::TestAllModules::test_compile[task_heatmap.py] PASSED [ 16%]
tests/test_load_all.py::TestAllModules::test_compile[task_queue.py] PASSED [ 16%]
tests/test_load_all.py::TestAllModules::test_compile[telegram_bridge.py] PASSED [ 16%]
tests/test_load_all.py::TestAllModules::test_compile[template_market.py] PASSED [ 16%]
tests/test_load_all.py::TestAllModules::test_compile[template_registry.py] PASSED [ 16%]
tests/test_load_all.py::TestAllModules::test_compile[temporal_approval.py] PASSED [ 16%]
tests/test_load_all.py::TestAllModules::test_compile[tenant_isolation.py] PASSED [ 16%]
tests/test_load_all.py::TestAllModules::test_compile[terraform_iac.py] PASSED [ 16%]
tests/test_load_all.py::TestAllModules::test_compile[text_summarize.py] PASSED [ 17%]
tests/test_load_all.py::TestAllModules::test_compile[threat_detector.py] PASSED [ 17%]
tests/test_load_all.py::TestAllModules::test_compile[three_d_ar.py] PASSED [ 17%]
tests/test_load_all.py::TestAllModules::test_compile[time_series.py] PASSED [ 17%]
tests/test_load_all.py::TestAllModules::test_compile[token_budget.py] PASSED [ 17%]
tests/test_load_all.py::TestAllModules::test_compile[transaction_warp.py] PASSED [ 17%]
tests/test_load_all.py::TestAllModules::test_compile[transfer_acceleration.py] PASSED [ 17%]
tests/test_load_all.py::TestAllModules::test_compile[translation_service.py] PASSED [ 17%]
tests/test_load_all.py::TestAllModules::test_compile[trendaradar_trend.py] PASSED [ 17%]
tests/test_load_all.py::TestAllModules::test_compile[trigger_engine.py] PASSED [ 17%]
tests/test_load_all.py::TestAllModules::test_compile[ttl_manager.py] PASSED [ 17%]
tests/test_load_all.py::TestAllModules::test_compile[tts_elevenlabs.py] PASSED [ 17%]
tests/test_load_all.py::TestAllModules::test_compile[tunnel_manager.py] PASSED [ 17%]
tests/test_load_all.py::TestAllModules::test_compile[turix_cua_bridge.py] PASSED [ 17%]
tests/test_load_all.py::TestAllModules::test_compile[ui_renderer.py] PASSED [ 17%]
tests/test_load_all.py::TestAllModules::test_compile[ui_tars_bridge.py] PASSED [ 17%]
tests/test_load_all.py::TestAllModules::test_compile[uni_comm_gateway.py] PASSED [ 17%]
tests/test_load_all.py::TestAllModules::test_compile[unified_api_adapter.py] PASSED [ 17%]
tests/test_load_all.py::TestAllModules::test_compile[unstructured.py] PASSED [ 17%]
tests/test_load_all.py::TestAllModules::test_compile[usage_stats.py] PASSED [ 17%]
tests/test_load_all.py::TestAllModules::test_compile[user_profile.py] PASSED [ 17%]
tests/test_load_all.py::TestAllModules::test_compile[verl.py] PASSED     [ 17%]
tests/test_load_all.py::TestAllModules::test_compile[versioning_object.py] PASSED [ 17%]
tests/test_load_all.py::TestAllModules::test_compile[video_engine.py] PASSED [ 17%]
tests/test_load_all.py::TestAllModules::test_compile[vision_rpa.py] PASSED [ 17%]
tests/test_load_all.py::TestAllModules::test_compile[visual_rpa_core.py] PASSED [ 17%]
tests/test_load_all.py::TestAllModules::test_compile[voice_command.py] PASSED [ 17%]
tests/test_load_all.py::TestAllModules::test_compile[voice_interaction.py] PASSED [ 17%]
tests/test_load_all.py::TestAllModules::test_compile[voice_notify.py] PASSED [ 17%]
tests/test_load_all.py::TestAllModules::test_compile[voice_recorder.py] PASSED [ 17%]
tests/test_load_all.py::TestAllModules::test_compile[voicerecorder.py] PASSED [ 17%]
tests/test_load_all.py::TestAllModules::test_compile[vpn_gateway.py] PASSED [ 17%]
tests/test_load_all.py::TestAllModules::test_compile[weaviate_new.py] PASSED [ 17%]
tests/test_load_all.py::TestAllModules::test_compile[weaviate_semantic.py] PASSED [ 17%]
tests/test_load_all.py::TestAllModules::test_compile[web_remote.py] PASSED [ 17%]
tests/test_load_all.py::TestAllModules::test_compile[web_scraper.py] PASSED [ 18%]
tests/test_load_all.py::TestAllModules::test_compile[webhook_dispatcher.py] PASSED [ 18%]
tests/test_load_all.py::TestAllModules::test_compile[webhook_handler.py] PASSED [ 18%]
tests/test_load_all.py::TestAllModules::test_compile[webtoapp.py] PASSED [ 18%]
tests/test_load_all.py::TestAllModules::test_compile[weekly_report.py] PASSED [ 18%]
tests/test_load_all.py::TestAllModules::test_compile[whisper_asr.py] PASSED [ 18%]
tests/test_load_all.py::TestAllModules::test_compile[win_control.py] PASSED [ 18%]
tests/test_load_all.py::TestAllModules::test_compile[window_function.py] PASSED [ 18%]
tests/test_load_all.py::TestAllModules::test_compile[window_manager.py] PASSED [ 18%]
tests/test_load_all.py::TestAllModules::test_compile[windows_control.py] PASSED [ 18%]
tests/test_load_all.py::TestAllModules::test_compile[workflow_bpmn.py] PASSED [ 18%]
tests/test_load_all.py::TestAllModules::test_compile[workflow_engine.py] PASSED [ 18%]
tests/test_load_all.py::TestAllModules::test_compile[workflow_manager.py] PASSED [ 18%]
tests/test_load_all.py::TestAllModules::test_compile[workflow_orchestrator.py] PASSED [ 18%]
tests/test_load_all.py::TestAllModules::test_compile[workflowmanager.py] PASSED [ 18%]
tests/test_load_all.py::TestAllModules::test_compile[ws_manager.py] PASSED [ 18%]
tests/test_load_all.py::TestAllModules::test_meta[access_control.py] PASSED [ 18%]
tests/test_load_all.py::TestAllModules::test_meta[advanced_resilience.py] PASSED [ 18%]
tests/test_load_all.py::TestAllModules::test_meta[aegis_governance.py] PASSED [ 18%]
tests/test_load_all.py::TestAllModules::test_meta[agency_swarm.py] PASSED [ 18%]
tests/test_load_all.py::TestAllModules::test_meta[agent_apollo.py] PASSED [ 18%]
tests/test_load_all.py::TestAllModules::test_meta[agent_athena.py] PASSED [ 18%]
tests/test_load_all.py::TestAllModules::test_meta[agent_boreas.py] PASSED [ 18%]
tests/test_load_all.py::TestAllModules::test_meta[agent_cronus.py] PASSED [ 18%]
tests/test_load_all.py::TestAllModules::test_meta[agent_demeter.py] PASSED [ 18%]
tests/test_load_all.py::TestAllModules::test_meta[agent_eros.py] PASSED  [ 18%]
tests/test_load_all.py::TestAllModules::test_meta[agent_hecate.py] PASSED [ 18%]
tests/test_load_all.py::TestAllModules::test_meta[agent_hephaestus.py] PASSED [ 18%]
tests/test_load_all.py::TestAllModules::test_meta[agent_hera.py] PASSED  [ 18%]
tests/test_load_all.py::TestAllModules::test_meta[agent_hermes.py] PASSED [ 18%]
tests/test_load_all.py::TestAllModules::test_meta[agent_iris.py] PASSED  [ 18%]
tests/test_load_all.py::TestAllModules::test_meta[agent_market.py] PASSED [ 18%]
tests/test_load_all.py::TestAllModules::test_meta[agent_marketplace.py] PASSED [ 18%]
tests/test_load_all.py::TestAllModules::test_meta[agent_mas.py] PASSED   [ 18%]
tests/test_load_all.py::TestAllModules::test_meta[agent_minerva.py] PASSED [ 18%]
tests/test_load_all.py::TestAllModules::test_meta[agent_nemesis.py] PASSED [ 18%]
tests/test_load_all.py::TestAllModules::test_meta[agent_orchestrator.py] PASSED [ 19%]
tests/test_load_all.py::TestAllModules::test_meta[agent_phoebus.py] PASSED [ 19%]
tests/test_load_all.py::TestAllModules::test_meta[agent_planner.py] PASSED [ 19%]
tests/test_load_all.py::TestAllModules::test_meta[agent_poseidon.py] PASSED [ 19%]
tests/test_load_all.py::TestAllModules::test_meta[agent_resource_control.py] PASSED [ 19%]
tests/test_load_all.py::TestAllModules::test_meta[agent_themis.py] PASSED [ 19%]
tests/test_load_all.py::TestAllModules::test_meta[agentguard_sec.py] PASSED [ 19%]
tests/test_load_all.py::TestAllModules::test_meta[agentseek.py] PASSED   [ 19%]
tests/test_load_all.py::TestAllModules::test_meta[ai_gateway.py] PASSED  [ 19%]
tests/test_load_all.py::TestAllModules::test_meta[aiops_monitor.py] PASSED [ 19%]
tests/test_load_all.py::TestAllModules::test_meta[alert_manager.py] PASSED [ 19%]
tests/test_load_all.py::TestAllModules::test_meta[ansible_runner.py] PASSED [ 19%]
tests/test_load_all.py::TestAllModules::test_meta[api_cache.py] PASSED   [ 19%]
tests/test_load_all.py::TestAllModules::test_meta[api_gateway.py] PASSED [ 19%]
tests/test_load_all.py::TestAllModules::test_meta[api_mock.py] PASSED    [ 19%]
tests/test_load_all.py::TestAllModules::test_meta[api_rate_guard.py] PASSED [ 19%]
tests/test_load_all.py::TestAllModules::test_meta[api_rate_limiter.py] PASSED [ 19%]
tests/test_load_all.py::TestAllModules::test_meta[api_tester.py] PASSED  [ 19%]
tests/test_load_all.py::TestAllModules::test_meta[api_versioning.py] PASSED [ 19%]
tests/test_load_all.py::TestAllModules::test_meta[argocd_deploy.py] PASSED [ 19%]
tests/test_load_all.py::TestAllModules::test_meta[atom_code.py] PASSED   [ 19%]
tests/test_load_all.py::TestAllModules::test_meta[audio_transcription.py] PASSED [ 19%]
tests/test_load_all.py::TestAllModules::test_meta[audit_log.py] PASSED   [ 19%]
tests/test_load_all.py::TestAllModules::test_meta[audit_trail.py] PASSED [ 19%]
tests/test_load_all.py::TestAllModules::test_meta[auto_failover.py] PASSED [ 19%]
tests/test_load_all.py::TestAllModules::test_meta[auto_healing.py] PASSED [ 19%]
tests/test_load_all.py::TestAllModules::test_meta[auto_optimizer.py] PASSED [ 19%]
tests/test_load_all.py::TestAllModules::test_meta[auto_recovery.py] PASSED [ 19%]
tests/test_load_all.py::TestAllModules::test_meta[auto_restart.py] PASSED [ 19%]
tests/test_load_all.py::TestAllModules::test_meta[auto_scale.py] PASSED  [ 19%]
tests/test_load_all.py::TestAllModules::test_meta[auto_setup_autonomous.py] PASSED [ 19%]
tests/test_load_all.py::TestAllModules::test_meta[auto_summary.py] PASSED [ 19%]
tests/test_load_all.py::TestAllModules::test_meta[auto_update.py] PASSED [ 19%]
tests/test_load_all.py::TestAllModules::test_meta[autogen_studio.py] PASSED [ 19%]
tests/test_load_all.py::TestAllModules::test_meta[automation_hub.py] PASSED [ 19%]
tests/test_load_all.py::TestAllModules::test_meta[autonomous_agent.py] PASSED [ 20%]
tests/test_load_all.py::TestAllModules::test_meta[autonomous_decision_engine.py] PASSED [ 20%]
tests/test_load_all.py::TestAllModules::test_meta[autorecovery.py] PASSED [ 20%]
tests/test_load_all.py::TestAllModules::test_meta[autoskills.py] PASSED  [ 20%]
tests/test_load_all.py::TestAllModules::test_meta[awesome_design_md.py] PASSED [ 20%]
tests/test_load_all.py::TestAllModules::test_meta[backup_checksum.py] PASSED [ 20%]
tests/test_load_all.py::TestAllModules::test_meta[backup_engine.py] PASSED [ 20%]
tests/test_load_all.py::TestAllModules::test_meta[backup_manager.py] PASSED [ 20%]
tests/test_load_all.py::TestAllModules::test_meta[backup_redis.py] PASSED [ 20%]
tests/test_load_all.py::TestAllModules::test_meta[backup_scheduler.py] PASSED [ 20%]
tests/test_load_all.py::TestAllModules::test_meta[backup_verify.py] PASSED [ 20%]
tests/test_load_all.py::TestAllModules::test_meta[batch_processor.py] PASSED [ 20%]
tests/test_load_all.py::TestAllModules::test_meta[bettafish_forecast.py] PASSED [ 20%]
tests/test_load_all.py::TestAllModules::test_meta[big_key_detection.py] PASSED [ 20%]
tests/test_load_all.py::TestAllModules::test_meta[billion_group_os.py] PASSED [ 20%]
tests/test_load_all.py::TestAllModules::test_meta[biometric_auth.py] PASSED [ 20%]
tests/test_load_all.py::TestAllModules::test_meta[bitmap_operations.py] PASSED [ 20%]
tests/test_load_all.py::TestAllModules::test_meta[block_device.py] PASSED [ 20%]
tests/test_load_all.py::TestAllModules::test_meta[blockchain_web3.py] PASSED [ 20%]
tests/test_load_all.py::TestAllModules::test_meta[bloom_filter.py] PASSED [ 20%]
tests/test_load_all.py::TestAllModules::test_meta[blue_green.py] PASSED  [ 20%]
tests/test_load_all.py::TestAllModules::test_meta[bot_detection.py] PASSED [ 20%]
tests/test_load_all.py::TestAllModules::test_meta[bot_handler.py] PASSED [ 20%]
tests/test_load_all.py::TestAllModules::test_meta[browser_auto.py] PASSED [ 20%]
tests/test_load_all.py::TestAllModules::test_meta[browser_use.py] PASSED [ 20%]
tests/test_load_all.py::TestAllModules::test_meta[bucket_policy.py] PASSED [ 20%]
tests/test_load_all.py::TestAllModules::test_meta[business_analyst.py] PASSED [ 20%]
tests/test_load_all.py::TestAllModules::test_meta[bytecodestudio.py] PASSED [ 20%]
tests/test_load_all.py::TestAllModules::test_meta[cache_engine.py] PASSED [ 20%]
tests/test_load_all.py::TestAllModules::test_meta[cache_manager.py] PASSED [ 20%]
tests/test_load_all.py::TestAllModules::test_meta[canary_release.py] PASSED [ 20%]
tests/test_load_all.py::TestAllModules::test_meta[capacity_planner.py] PASSED [ 20%]
tests/test_load_all.py::TestAllModules::test_meta[cdn_invalidate.py] PASSED [ 20%]
tests/test_load_all.py::TestAllModules::test_meta[cdn_manager.py] PASSED [ 20%]
tests/test_load_all.py::TestAllModules::test_meta[cerbos_permission.py] PASSED [ 20%]
tests/test_load_all.py::TestAllModules::test_meta[chaos_engine.py] PASSED [ 20%]
tests/test_load_all.py::TestAllModules::test_meta[chaos_engineering.py] PASSED [ 21%]
tests/test_load_all.py::TestAllModules::test_meta[chart_engine.py] PASSED [ 21%]
tests/test_load_all.py::TestAllModules::test_meta[chatwise.py] PASSED    [ 21%]
tests/test_load_all.py::TestAllModules::test_meta[cicd_pipeline.py] PASSED [ 21%]
tests/test_load_all.py::TestAllModules::test_meta[circuit_breaker.py] PASSED [ 21%]
tests/test_load_all.py::TestAllModules::test_meta[circuit_breaker_pattern.py] PASSED [ 21%]
tests/test_load_all.py::TestAllModules::test_meta[claw_gateway.py] PASSED [ 21%]
tests/test_load_all.py::TestAllModules::test_meta[cli_interface.py] PASSED [ 21%]
tests/test_load_all.py::TestAllModules::test_meta[clickhouse_olap.py] PASSED [ 21%]
tests/test_load_all.py::TestAllModules::test_meta[client_pool.py] PASSED [ 21%]
tests/test_load_all.py::TestAllModules::test_meta[clone_database.py] PASSED [ 21%]
tests/test_load_all.py::TestAllModules::test_meta[cloud_connector.py] PASSED [ 21%]
tests/test_load_all.py::TestAllModules::test_meta[cloud_sync.py] PASSED  [ 21%]
tests/test_load_all.py::TestAllModules::test_meta[cluster_proxy.py] PASSED [ 21%]
tests/test_load_all.py::TestAllModules::test_meta[cluster_shard.py] PASSED [ 21%]
tests/test_load_all.py::TestAllModules::test_meta[code_generator.py] PASSED [ 21%]
tests/test_load_all.py::TestAllModules::test_meta[code_quality.py] PASSED [ 21%]
tests/test_load_all.py::TestAllModules::test_meta[code_review.py] PASSED [ 21%]
tests/test_load_all.py::TestAllModules::test_meta[code_sandbox.py] PASSED [ 21%]
tests/test_load_all.py::TestAllModules::test_meta[code_template.py] PASSED [ 21%]
tests/test_load_all.py::TestAllModules::test_meta[code_understand.py] PASSED [ 21%]
tests/test_load_all.py::TestAllModules::test_meta[command_stats.py] PASSED [ 21%]
tests/test_load_all.py::TestAllModules::test_meta[compaction_topic.py] PASSED [ 21%]
tests/test_load_all.py::TestAllModules::test_meta[compliance_auditor.py] PASSED [ 21%]
tests/test_load_all.py::TestAllModules::test_meta[component_lib.py] PASSED [ 21%]
tests/test_load_all.py::TestAllModules::test_meta[composio_tools.py] PASSED [ 21%]
tests/test_load_all.py::TestAllModules::test_meta[compress_algorithm.py] PASSED [ 21%]
tests/test_load_all.py::TestAllModules::test_meta[config_center.py] PASSED [ 21%]
tests/test_load_all.py::TestAllModules::test_meta[config_manager.py] PASSED [ 21%]
tests/test_load_all.py::TestAllModules::test_meta[config_reloader.py] PASSED [ 21%]
tests/test_load_all.py::TestAllModules::test_meta[config_service.py] PASSED [ 21%]
tests/test_load_all.py::TestAllModules::test_meta[config_ui.py] PASSED   [ 21%]
tests/test_load_all.py::TestAllModules::test_meta[connection_draining.py] PASSED [ 21%]
tests/test_load_all.py::TestAllModules::test_meta[connection_pool.py] PASSED [ 21%]
tests/test_load_all.py::TestAllModules::test_meta[consumer_group.py] PASSED [ 21%]
tests/test_load_all.py::TestAllModules::test_meta[content_service.py] PASSED [ 22%]
tests/test_load_all.py::TestAllModules::test_meta[coordination.py] PASSED [ 22%]
tests/test_load_all.py::TestAllModules::test_meta[copilotkit.py] PASSED  [ 22%]
tests/test_load_all.py::TestAllModules::test_meta[cors_config.py] PASSED [ 22%]
tests/test_load_all.py::TestAllModules::test_meta[cors_manager.py] PASSED [ 22%]
tests/test_load_all.py::TestAllModules::test_meta[cpu_profiler.py] PASSED [ 22%]
tests/test_load_all.py::TestAllModules::test_meta[crewai.py] PASSED      [ 22%]
tests/test_load_all.py::TestAllModules::test_meta[crewai_strategy.py] PASSED [ 22%]
tests/test_load_all.py::TestAllModules::test_meta[cron_engine.py] PASSED [ 22%]
tests/test_load_all.py::TestAllModules::test_meta[cron_scheduler.py] PASSED [ 22%]
tests/test_load_all.py::TestAllModules::test_meta[cross_platform_adapter.py] PASSED [ 22%]
tests/test_load_all.py::TestAllModules::test_meta[cross_region.py] PASSED [ 22%]
tests/test_load_all.py::TestAllModules::test_meta[crypto_api.py] PASSED  [ 22%]
tests/test_load_all.py::TestAllModules::test_meta[cte_query.py] PASSED   [ 22%]
tests/test_load_all.py::TestAllModules::test_meta[customer_chatbot.py] PASSED [ 22%]
tests/test_load_all.py::TestAllModules::test_meta[daemon_controller.py] PASSED [ 22%]
tests/test_load_all.py::TestAllModules::test_meta[dashboard.py] PASSED   [ 22%]
tests/test_load_all.py::TestAllModules::test_meta[data_analysis.py] PASSED [ 22%]
tests/test_load_all.py::TestAllModules::test_meta[data_archival.py] PASSED [ 22%]
tests/test_load_all.py::TestAllModules::test_meta[data_catalog.py] PASSED [ 22%]
tests/test_load_all.py::TestAllModules::test_meta[data_encrypt.py] PASSED [ 22%]
tests/test_load_all.py::TestAllModules::test_meta[data_lineage.py] PASSED [ 22%]
tests/test_load_all.py::TestAllModules::test_meta[data_masking.py] PASSED [ 22%]
tests/test_load_all.py::TestAllModules::test_meta[data_pipeline.py] PASSED [ 22%]
tests/test_load_all.py::TestAllModules::test_meta[data_quality.py] PASSED [ 22%]
tests/test_load_all.py::TestAllModules::test_meta[data_scraping.py] PASSED [ 22%]
tests/test_load_all.py::TestAllModules::test_meta[data_sync.py] PASSED   [ 22%]
tests/test_load_all.py::TestAllModules::test_meta[data_validator.py] PASSED [ 22%]
tests/test_load_all.py::TestAllModules::test_meta[data_visualizer.py] PASSED [ 22%]
tests/test_load_all.py::TestAllModules::test_meta[data_watermark.py] PASSED [ 22%]
tests/test_load_all.py::TestAllModules::test_meta[database_client.py] PASSED [ 22%]
tests/test_load_all.py::TestAllModules::test_meta[database_connector.py] PASSED [ 22%]
tests/test_load_all.py::TestAllModules::test_meta[database_manager.py] PASSED [ 22%]
tests/test_load_all.py::TestAllModules::test_meta[ddos_protection.py] PASSED [ 22%]
tests/test_load_all.py::TestAllModules::test_meta[dead_letter.py] PASSED [ 22%]
tests/test_load_all.py::TestAllModules::test_meta[deadlock_detector.py] PASSED [ 22%]
tests/test_load_all.py::TestAllModules::test_meta[debug_panel.py] PASSED [ 23%]
tests/test_load_all.py::TestAllModules::test_meta[decision_engine.py] PASSED [ 23%]
tests/test_load_all.py::TestAllModules::test_meta[delay_queue.py] PASSED [ 23%]
tests/test_load_all.py::TestAllModules::test_meta[dependency_injector.py] PASSED [ 23%]
tests/test_load_all.py::TestAllModules::test_meta[dependency_manager.py] PASSED [ 23%]
tests/test_load_all.py::TestAllModules::test_meta[dify.py] PASSED        [ 23%]
tests/test_load_all.py::TestAllModules::test_meta[distributed_counter.py] PASSED [ 23%]
tests/test_load_all.py::TestAllModules::test_meta[distributed_lock.py] PASSED [ 23%]
tests/test_load_all.py::TestAllModules::test_meta[distributed_tracer.py] PASSED [ 23%]
tests/test_load_all.py::TestAllModules::test_meta[dns_manager.py] PASSED [ 23%]
tests/test_load_all.py::TestAllModules::test_meta[dns_resolver.py] PASSED [ 23%]
tests/test_load_all.py::TestAllModules::test_meta[doc_automation.py] PASSED [ 23%]
tests/test_load_all.py::TestAllModules::test_meta[docker_deploy.py] PASSED [ 23%]
tests/test_load_all.py::TestAllModules::test_meta[docker_manager.py] PASSED [ 23%]
tests/test_load_all.py::TestAllModules::test_meta[document_automation.py] PASSED [ 23%]
tests/test_load_all.py::TestAllModules::test_meta[document_intelligence.py] PASSED [ 23%]
tests/test_load_all.py::TestAllModules::test_meta[document_qa.py] PASSED [ 23%]
tests/test_load_all.py::TestAllModules::test_meta[ecommerce_agent.py] PASSED [ 23%]
tests/test_load_all.py::TestAllModules::test_meta[edge_agent.py] PASSED  [ 23%]
tests/test_load_all.py::TestAllModules::test_meta[elasticsearch_search.py] PASSED [ 23%]
tests/test_load_all.py::TestAllModules::test_meta[email_automation.py] PASSED [ 23%]
tests/test_load_all.py::TestAllModules::test_meta[email_pro.py] PASSED   [ 23%]
tests/test_load_all.py::TestAllModules::test_meta[embedding_huggingface.py] PASSED [ 23%]
tests/test_load_all.py::TestAllModules::test_meta[embedding_openai.py] PASSED [ 23%]
tests/test_load_all.py::TestAllModules::test_meta[encryption_service.py] PASSED [ 23%]
tests/test_load_all.py::TestAllModules::test_meta[enterprise_notifier.py] PASSED [ 23%]
tests/test_load_all.py::TestAllModules::test_meta[entity_extraction.py] PASSED [ 23%]
tests/test_load_all.py::TestAllModules::test_meta[error_aggregator.py] PASSED [ 23%]
tests/test_load_all.py::TestAllModules::test_meta[event_bus.py] PASSED   [ 23%]
tests/test_load_all.py::TestAllModules::test_meta[event_bus_blinker.py] PASSED [ 23%]
tests/test_load_all.py::TestAllModules::test_meta[event_bus_pro.py] PASSED [ 23%]
tests/test_load_all.py::TestAllModules::test_meta[event_trigger.py] PASSED [ 23%]
tests/test_load_all.py::TestAllModules::test_meta[evo_adaptive.py] PASSED [ 23%]
tests/test_load_all.py::TestAllModules::test_meta[evo_backup.py] PASSED  [ 23%]
tests/test_load_all.py::TestAllModules::test_meta[evo_ecology.py] PASSED [ 23%]
tests/test_load_all.py::TestAllModules::test_meta[evo_engine_v2.py] PASSED [ 24%]
tests/test_load_all.py::TestAllModules::test_meta[evo_monitor.py] PASSED [ 24%]
tests/test_load_all.py::TestAllModules::test_meta[evo_nexus_core.py] PASSED [ 24%]
tests/test_load_all.py::TestAllModules::test_meta[evo_plugin_market.py] PASSED [ 24%]
tests/test_load_all.py::TestAllModules::test_meta[evo_safety.py] PASSED  [ 24%]
tests/test_load_all.py::TestAllModules::test_meta[exactly_once.py] PASSED [ 24%]
tests/test_load_all.py::TestAllModules::test_meta[excel_engine.py] PASSED [ 24%]
tests/test_load_all.py::TestAllModules::test_meta[experience_base.py] PASSED [ 24%]
tests/test_load_all.py::TestAllModules::test_meta[experience_bridge.py] PASSED [ 24%]
tests/test_load_all.py::TestAllModules::test_meta[export_engine.py] PASSED [ 24%]
tests/test_load_all.py::TestAllModules::test_meta[external_executor.py] PASSED [ 24%]
tests/test_load_all.py::TestAllModules::test_meta[fanout_queue.py] PASSED [ 24%]
tests/test_load_all.py::TestAllModules::test_meta[fastagency.py] PASSED  [ 24%]
tests/test_load_all.py::TestAllModules::test_meta[feature_flag.py] PASSED [ 24%]
tests/test_load_all.py::TestAllModules::test_meta[feature_flags.py] PASSED [ 24%]
tests/test_load_all.py::TestAllModules::test_meta[feishu_notifier.py] PASSED [ 24%]
tests/test_load_all.py::TestAllModules::test_meta[feishu_notify.py] PASSED [ 24%]
tests/test_load_all.py::TestAllModules::test_meta[file_manager.py] PASSED [ 24%]
tests/test_load_all.py::TestAllModules::test_meta[file_system.py] PASSED [ 24%]
tests/test_load_all.py::TestAllModules::test_meta[file_watcher.py] PASSED [ 24%]
tests/test_load_all.py::TestAllModules::test_meta[file_watcher_engine.py] PASSED [ 24%]
tests/test_load_all.py::TestAllModules::test_meta[finance_data.py] PASSED [ 24%]
tests/test_load_all.py::TestAllModules::test_meta[finance_legal_agent.py] PASSED [ 24%]
tests/test_load_all.py::TestAllModules::test_meta[fincept_terminal.py] PASSED [ 24%]
tests/test_load_all.py::TestAllModules::test_meta[firewall_rules.py] PASSED [ 24%]
tests/test_load_all.py::TestAllModules::test_meta[first_run_setup.py] PASSED [ 24%]
tests/test_load_all.py::TestAllModules::test_meta[flow_engine.py] PASSED [ 24%]
tests/test_load_all.py::TestAllModules::test_meta[flowise.py] PASSED     [ 24%]
tests/test_load_all.py::TestAllModules::test_meta[forex_api.py] PASSED   [ 24%]
tests/test_load_all.py::TestAllModules::test_meta[form_builder.py] PASSED [ 24%]
tests/test_load_all.py::TestAllModules::test_meta[form_engine.py] PASSED [ 24%]
tests/test_load_all.py::TestAllModules::test_meta[fts_query.py] PASSED   [ 24%]
tests/test_load_all.py::TestAllModules::test_meta[fund_api.py] PASSED    [ 24%]
tests/test_load_all.py::TestAllModules::test_meta[futures_api.py] PASSED [ 24%]
tests/test_load_all.py::TestAllModules::test_meta[game_simulation.py] PASSED [ 24%]
tests/test_load_all.py::TestAllModules::test_meta[gdpr_compliance.py] PASSED [ 24%]
tests/test_load_all.py::TestAllModules::test_meta[geo_index.py] PASSED   [ 25%]
tests/test_load_all.py::TestAllModules::test_meta[geo_replication.py] PASSED [ 25%]
tests/test_load_all.py::TestAllModules::test_meta[geo_search.py] PASSED  [ 25%]
tests/test_load_all.py::TestAllModules::test_meta[git_ops.py] PASSED     [ 25%]
tests/test_load_all.py::TestAllModules::test_meta[github_scanner.py] PASSED [ 25%]
tests/test_load_all.py::TestAllModules::test_meta[githubtrending.py] PASSED [ 25%]
tests/test_load_all.py::TestAllModules::test_meta[gitlab_repo.py] PASSED [ 25%]
tests/test_load_all.py::TestAllModules::test_meta[goal_tracker.py] PASSED [ 25%]
tests/test_load_all.py::TestAllModules::test_meta[goose_coder.py] PASSED [ 25%]
tests/test_load_all.py::TestAllModules::test_meta[grafana_monitor.py] PASSED [ 25%]
tests/test_load_all.py::TestAllModules::test_meta[graph_engine.py] PASSED [ 25%]
tests/test_load_all.py::TestAllModules::test_meta[graphql_gateway.py] PASSED [ 25%]
tests/test_load_all.py::TestAllModules::test_meta[grpc_proxy.py] PASSED  [ 25%]
tests/test_load_all.py::TestAllModules::test_meta[guide_manager.py] PASSED [ 25%]
tests/test_load_all.py::TestAllModules::test_meta[header_injector.py] PASSED [ 25%]
tests/test_load_all.py::TestAllModules::test_meta[health_check.py] PASSED [ 25%]
tests/test_load_all.py::TestAllModules::test_meta[health_checker.py] PASSED [ 25%]
tests/test_load_all.py::TestAllModules::test_meta[health_dashboard.py] PASSED [ 25%]
tests/test_load_all.py::TestAllModules::test_meta[health_monitor.py] PASSED [ 25%]
tests/test_load_all.py::TestAllModules::test_meta[health_ping.py] PASSED [ 25%]
tests/test_load_all.py::TestAllModules::test_meta[heatmap_generator.py] PASSED [ 25%]
tests/test_load_all.py::TestAllModules::test_meta[help_docs.py] PASSED   [ 25%]
tests/test_load_all.py::TestAllModules::test_meta[hermes_gateway.py] PASSED [ 25%]
tests/test_load_all.py::TestAllModules::test_meta[hermes_solo.py] PASSED [ 25%]
tests/test_load_all.py::TestAllModules::test_meta[hermes_webui.py] PASSED [ 25%]
tests/test_load_all.py::TestAllModules::test_meta[hot_key_detection.py] PASSED [ 25%]
tests/test_load_all.py::TestAllModules::test_meta[hotkey_events.py] PASSED [ 25%]
tests/test_load_all.py::TestAllModules::test_meta[http_client.py] PASSED [ 25%]
tests/test_load_all.py::TestAllModules::test_meta[hyperframes_video.py] PASSED [ 25%]
tests/test_load_all.py::TestAllModules::test_meta[hyperloglog.py] PASSED [ 25%]
tests/test_load_all.py::TestAllModules::test_meta[i18n_engine.py] PASSED [ 25%]
tests/test_load_all.py::TestAllModules::test_meta[i18n_gateway.py] PASSED [ 25%]
tests/test_load_all.py::TestAllModules::test_meta[icon_manager.py] PASSED [ 25%]
tests/test_load_all.py::TestAllModules::test_meta[idempotent.py] PASSED  [ 25%]
tests/test_load_all.py::TestAllModules::test_meta[idempotent_msg.py] PASSED [ 25%]
tests/test_load_all.py::TestAllModules::test_meta[identity_manager.py] PASSED [ 26%]
tests/test_load_all.py::TestAllModules::test_meta[image_engine.py] PASSED [ 26%]
tests/test_load_all.py::TestAllModules::test_meta[image_generation.py] PASSED [ 26%]
tests/test_load_all.py::TestAllModules::test_meta[image_understand.py] PASSED [ 26%]
tests/test_load_all.py::TestAllModules::test_meta[incident_manager.py] PASSED [ 26%]
tests/test_load_all.py::TestAllModules::test_meta[incident_response.py] PASSED [ 26%]
tests/test_load_all.py::TestAllModules::test_meta[incremental_backup.py] PASSED [ 26%]
tests/test_load_all.py::TestAllModules::test_meta[index_advisor.py] PASSED [ 26%]
tests/test_load_all.py::TestAllModules::test_meta[industrial_ops_agent.py] PASSED [ 26%]
tests/test_load_all.py::TestAllModules::test_meta[infra_as_code.py] PASSED [ 26%]
tests/test_load_all.py::TestAllModules::test_meta[instant_messaging.py] PASSED [ 26%]
tests/test_load_all.py::TestAllModules::test_meta[io_monitor.py] PASSED  [ 26%]
tests/test_load_all.py::TestAllModules::test_meta[iot_edge.py] PASSED    [ 26%]
tests/test_load_all.py::TestAllModules::test_meta[ip_access_control.py] PASSED [ 26%]
tests/test_load_all.py::TestAllModules::test_meta[ip_whitelist.py] PASSED [ 26%]
tests/test_load_all.py::TestAllModules::test_meta[jenkins_ci.py] PASSED  [ 26%]
tests/test_load_all.py::TestAllModules::test_meta[job_scheduler.py] PASSED [ 26%]
tests/test_load_all.py::TestAllModules::test_meta[json_store.py] PASSED  [ 26%]
tests/test_load_all.py::TestAllModules::test_meta[jwt_token.py] PASSED   [ 26%]
tests/test_load_all.py::TestAllModules::test_meta[k8s_orch.py] PASSED    [ 26%]
tests/test_load_all.py::TestAllModules::test_meta[kafka_producer.py] PASSED [ 26%]
tests/test_load_all.py::TestAllModules::test_meta[key_insights.py] PASSED [ 26%]
[...]
tests/test_load_all.py::TestAllModules::test_importable[user_profile.py] PASSED [ 97%]
tests/test_load_all.py::TestAllModules::test_importable[verl.py] PASSED  [ 97%]
tests/test_load_all.py::TestAllModules::test_importable[versioning_object.py] PASSED [ 97%]
tests/test_load_all.py::TestAllModules::test_importable[video_engine.py] PASSED [ 97%]
tests/test_load_all.py::TestAllModules::test_importable[vision_rpa.py] PASSED [ 97%]
tests/test_load_all.py::TestAllModules::test_importable[visual_rpa_core.py] PASSED [ 97%]
tests/test_load_all.py::TestAllModules::test_importable[voice_command.py] PASSED [ 97%]
tests/test_load_all.py::TestAllModules::test_importable[voice_interaction.py] PASSED [ 97%]
tests/test_load_all.py::TestAllModules::test_importable[voice_notify.py] PASSED [ 97%]
tests/test_load_all.py::TestAllModules::test_importable[voice_recorder.py] PASSED [ 97%]
tests/test_load_all.py::TestAllModules::test_importable[voicerecorder.py] PASSED [ 97%]
tests/test_load_all.py::TestAllModules::test_importable[vpn_gateway.py] PASSED [ 97%]
tests/test_load_all.py::TestAllModules::test_importable[weaviate_new.py] PASSED [ 97%]
tests/test_load_all.py::TestAllModules::test_importable[weaviate_semantic.py] PASSED [ 97%]
tests/test_load_all.py::TestAllModules::test_importable[web_remote.py] PASSED [ 97%]
tests/test_load_all.py::TestAllModules::test_importable[web_scraper.py] PASSED [ 97%]
tests/test_load_all.py::TestAllModules::test_importable[webhook_dispatcher.py] PASSED [ 97%]
tests/test_load_all.py::TestAllModules::test_importable[webhook_handler.py] PASSED [ 97%]
tests/test_load_all.py::TestAllModules::test_importable[webtoapp.py] PASSED [ 97%]
tests/test_load_all.py::TestAllModules::test_importable[weekly_report.py] PASSED [ 97%]
tests/test_load_all.py::TestAllModules::test_importable[whisper_asr.py] PASSED [ 98%]
tests/test_load_all.py::TestAllModules::test_importable[win_control.py] PASSED [ 98%]
tests/test_load_all.py::TestAllModules::test_importable[window_function.py] PASSED [ 98%]
tests/test_load_all.py::TestAllModules::test_importable[window_manager.py] PASSED [ 98%]
tests/test_load_all.py::TestAllModules::test_importable[windows_control.py] PASSED [ 98%]
tests/test_load_all.py::TestAllModules::test_importable[workflow_bpmn.py] PASSED [ 98%]
tests/test_load_all.py::TestAllModules::test_importable[workflow_engine.py] PASSED [ 98%]
tests/test_load_all.py::TestAllModules::test_importable[workflow_manager.py] PASSED [ 98%]
tests/test_load_all.py::TestAllModules::test_importable[workflow_orchestrator.py] PASSED [ 98%]
tests/test_load_all.py::TestAllModules::test_importable[workflowmanager.py] PASSED [ 98%]
tests/test_load_all.py::TestAllModules::test_importable[ws_manager.py] PASSED [ 98%]
tests/test_module_compliance.py::TestModuleCompliance::test_all_have_meta PASSED [ 98%]
tests/test_module_compliance.py::TestModuleCompliance::test_no_stubs_remain PASSED [ 98%]
tests/test_module_compliance.py::TestModuleCompliance::test_valid_syntax PASSED [ 98%]
tests/test_module_compliance.py::TestModuleCompliance::test_module_count PASSED [ 98%]
tests/test_module_compliance.py::TestModuleCompliance::test_no_dup_ids PASSED [ 98%]
tests/test_module_compliance.py::TestModuleCompliance::test_all_inherit_enterprise PASSED [ 98%]
tests/test_module_compliance.py::TestModuleCompliance::test_circuit_breaker_mixin_present PASSED [ 98%]
tests/test_module_compliance.py::TestModuleCompliance::test_file_size_minimum PASSED [ 98%]
tests/test_unit_business.py::TestJWTToken::test_module_structure PASSED  [ 98%]
tests/test_unit_business.py::TestJWTToken::test_health_check PASSED      [ 98%]
tests/test_unit_business.py::TestJWTToken::test_status_response PASSED   [ 98%]
tests/test_unit_business.py::TestJWTToken::test_module_initialization PASSED [ 98%]
tests/test_unit_business.py::TestRBAC::test_role_creation PASSED         [ 98%]
tests/test_unit_business.py::TestRBAC::test_check_permission_granted PASSED [ 98%]
tests/test_unit_business.py::TestRBAC::test_health PASSED                [ 98%]
tests/test_unit_business.py::TestDataAnalysis::test_describe_statistics PASSED [ 98%]
tests/test_unit_business.py::TestDataAnalysis::test_describe_basic_stats PASSED [ 98%]
tests/test_unit_business.py::TestDataAnalysis::test_correlation PASSED   [ 98%]
tests/test_unit_business.py::TestDataAnalysis::test_anomaly_detection PASSED [ 98%]
tests/test_unit_business.py::TestDataMasking::test_phone_masking PASSED  [ 98%]
tests/test_unit_business.py::TestDataMasking::test_email_masking PASSED  [ 98%]
tests/test_unit_business.py::TestDataMasking::test_idcard_masking PASSED [ 98%]
tests/test_unit_business.py::TestForex::test_quote PASSED                [ 98%]
tests/test_unit_business.py::TestForex::test_convert PASSED              [ 98%]
tests/test_unit_business.py::TestAuditTrail::test_record_event PASSED    [ 99%]
tests/test_unit_business.py::TestAuditTrail::test_query_events PASSED    [ 99%]
tests/test_unit_core.py::TestJWTToken::test_module_attrs PASSED          [ 99%]
tests/test_unit_core.py::TestJWTToken::test_health_check PASSED          [ 99%]
tests/test_unit_core.py::TestJWTToken::test_create_token PASSED          [ 99%]
tests/test_unit_core.py::TestJWTToken::test_verify_valid_token PASSED    [ 99%]
tests/test_unit_core.py::TestJWTToken::test_invalid_token PASSED         [ 99%]
tests/test_unit_core.py::TestPermissionRbac::test_create_role PASSED     [ 99%]
tests/test_unit_core.py::TestPermissionRbac::test_assign_and_check PASSED [ 99%]
tests/test_unit_core.py::TestDataAnalysis::test_describe PASSED          [ 99%]
tests/test_unit_core.py::TestDataMasking::test_mask_phone PASSED         [ 99%]
tests/test_unit_core.py::TestForexApi::test_quote PASSED                 [ 99%]
tests/test_unit_core.py::TestRecommendationSystem::test_recommend_cold PASSED [ 99%]
tests/test_unit_core.py::TestEnterpriseModuleBase::test_jwt_inherits_enterprise PASSED [ 99%]
tests/test_unit_core.py::TestEnterpriseModuleBase::test_rbac_inherits PASSED [ 99%]
tests/test_unit_core.py::TestFeishuNotifier::test_health_check FAILED    [ 99%]
tests/test_unit_core.py::TestFeishuNotifier::test_send_action FAILED     [ 99%]
tests/test_unit_core.py::TestFeishuNotifier::test_send_markdown FAILED   [ 99%]
tests/test_unit_core.py::TestFeishuNotifier::test_report_action FAILED   [ 99%]
tests/test_unit_core.py::TestAuditTrail::test_record_event PASSED        [ 99%]
tests/test_unit_core.py::TestAuditTrail::test_query_events PASSED        [ 99%]
tests/test_unit_core.py::TestDataQuality::test_completeness ERROR        [ 99%]
tests/test_unit_core.py::TestSqlGenerator::test_generate_select ERROR    [ 99%]
tests/test_unit_core.py::TestSqlGenerator::test_validate_sql ERROR       [ 99%]
tests/test_unit_core.py::TestSsoAuth::test_create_session ERROR          [ 99%]
tests/test_unit_core.py::TestSsoAuth::test_verify_session ERROR          [ 99%]
tests/test_unit_core.py::TestOAuthProvider::test_client_auth ERROR       [ 99%]
tests/test_unit_core.py::TestHealthCheck::test_status ERROR              [ 99%]
tests/test_unit_core.py::TestHealthCheck::test_tcp_check ERROR           [ 99%]
tests/test_unit_core.py::TestSessionStore::test_create_get_session ERROR [ 99%]
tests/test_unit_core.py::TestStaticCache::test_set_get ERROR             [ 99%]
tests/test_unit_core.py::TestStaticCache::test_delete ERROR              [ 99%]
tests/test_unit_core.py::TestDataMaskingExtended::test_mask_email PASSED [ 99%]
tests/test_unit_core.py::TestDataMaskingExtended::test_mask_idcard PASSED [ 99%]
tests/test_unit_core.py::TestForexApiExtended::test_list_pairs PASSED    [ 99%]
tests/test_unit_core.py::TestForexApiExtended::test_convert PASSED       [100%]

=================================== ERRORS ====================================
_____________ ERROR at setup of TestDataQuality.test_completeness _____________
E   TypeError: DataQuality.__init__() missing 2 required positional arguments: 'policy_id' and 'name'
___________ ERROR at setup of TestSqlGenerator.test_generate_select ___________
E     File "E:\AUTO-EVO-AI_V0.1\modules\sql_generator.py", line 24
        pass
    IndentationError: unexpected indent
____________ ERROR at setup of TestSqlGenerator.test_validate_sql _____________
E     File "E:\AUTO-EVO-AI_V0.1\modules\sql_generator.py", line 24
        pass
    IndentationError: unexpected indent
______________ ERROR at setup of TestSsoAuth.test_create_session ______________
E     File "E:\AUTO-EVO-AI_V0.1\modules\sso_auth.py", line 19
        pass
    IndentationError: unexpected indent
______________ ERROR at setup of TestSsoAuth.test_verify_session ______________
E     File "E:\AUTO-EVO-AI_V0.1\modules\sso_auth.py", line 19
        pass
    IndentationError: unexpected indent
____________ ERROR at setup of TestOAuthProvider.test_client_auth _____________
E   ImportError: cannot import name 'OAuthProvider' from 'modules.oauth_provider' (E:\AUTO-EVO-AI_V0.1\modules\oauth_provider.py). Did you mean: 'oauth_provider'?
________________ ERROR at setup of TestHealthCheck.test_status ________________
E   ImportError: cannot import name 'HealthCheck' from 'modules.health_check' (E:\AUTO-EVO-AI_V0.1\modules\health_check.py). Did you mean: 'health_check'?
______________ ERROR at setup of TestHealthCheck.test_tcp_check _______________
E   ImportError: cannot import name 'HealthCheck' from 'modules.health_check' (E:\AUTO-EVO-AI_V0.1\modules\health_check.py). Did you mean: 'health_check'?
_________ ERROR at setup of TestSessionStore.test_create_get_session __________
E     File "E:\AUTO-EVO-AI_V0.1\modules\session_store.py", line 27
        pass
    IndentationError: unexpected indent
_______________ ERROR at setup of TestStaticCache.test_set_get ________________
E     File "E:\AUTO-EVO-AI_V0.1\modules\static_cache.py", line 25
        pass
    IndentationError: unexpected indent
________________ ERROR at setup of TestStaticCache.test_delete ________________
E     File "E:\AUTO-EVO-AI_V0.1\modules\static_cache.py", line 25
        pass
    IndentationError: unexpected indent
================================== FAILURES ===================================
E   assert 0 > 0
     +  where 0 = len([])
D:\AUTO-EVO-AI-V0.1\tests\test_api.py:155: assert 0 > 0
E   KeyError: 'modules_total'
D:\AUTO-EVO-AI-V0.1\tests\test_api.py:217: KeyError: 'modules_total'
E   AssertionError: assert 0 > 0
     +  where 0 = len([])
     +    where [] = <built-in method get of dict object at 0x0000018F500BA5C0>('providers', [])
     +      where <built-in method get of dict object at 0x0000018F500BA5C0> = {'providers': [], 'success': True}.get
D:\AUTO-EVO-AI-V0.1\tests\test_api_integration.py:54: AssertionError: assert 0 > 0
E   AssertionError: 1 not greater than or equal to 10
C:\Users\�⺣��\AppData\Local\Python\pythoncore-3.14-64\Lib\unittest\case.py:750: AssertionError: 1 not greater than or equal to 10
E   AssertionError: 0 not greater than 0
C:\Users\�⺣��\AppData\Local\Python\pythoncore-3.14-64\Lib\unittest\case.py:750: AssertionError: 0 not greater than 0
E   AssertionError: 6 not greater than or equal to 10
C:\Users\�⺣��\AppData\Local\Python\pythoncore-3.14-64\Lib\unittest\case.py:750: AssertionError: 6 not greater than or equal to 10
E   AssertionError: False is not true
C:\Users\�⺣��\AppData\Local\Python\pythoncore-3.14-64\Lib\unittest\case.py:762: AssertionError: False is not true
E   AssertionError: 404 != 200
C:\Users\�⺣��\AppData\Local\Python\pythoncore-3.14-64\Lib\unittest\case.py:918: AssertionError: 404 != 200
E   AssertionError: 404 != 200
C:\Users\�⺣��\AppData\Local\Python\pythoncore-3.14-64\Lib\unittest\case.py:918: AssertionError: 404 != 200
E   AssertionError: 57655 not greater than 102400
C:\Users\�⺣��\AppData\Local\Python\pythoncore-3.14-64\Lib\unittest\case.py:750: AssertionError: 57655 not greater than 102400
E   AssertionError: 404 != 200
C:\Users\�⺣��\AppData\Local\Python\pythoncore-3.14-64\Lib\unittest\case.py:918: AssertionError: 404 != 200
E   AssertionError: b'setLang' not found in b'{"error":"i18n file not found"}'
C:\Users\�⺣��\AppData\Local\Python\pythoncore-3.14-64\Lib\unittest\case.py:750: AssertionError: b'setLang' not found in b'{"error":"i18n file not found"}'
E   AssertionError: 1 not greater than or equal to 10
C:\Users\�⺣��\AppData\Local\Python\pythoncore-3.14-64\Lib\unittest\case.py:750: AssertionError: 1 not greater than or equal to 10
E   AssertionError: assert 0 > 0
     +  where 0 = len([])
     +    where [] = <built-in method get of dict object at 0x0000018F500E7B80>('providers', [])
     +      where <built-in method get of dict object at 0x0000018F500E7B80> = {'providers': [], 'success': True}.get
D:\AUTO-EVO-AI-V0.1\tests\test_core_modules.py:26: AssertionError: assert 0 > 0
E   assert 404 == 200
D:\AUTO-EVO-AI-V0.1\tests\test_core_modules.py:30: assert 404 == 200
E   assert 404 == 200
D:\AUTO-EVO-AI-V0.1\tests\test_core_modules.py:38: assert 404 == 200
E   AssertionError: no access_token
    assert ''
D:\AUTO-EVO-AI-V0.1\tests\test_e2e_workflows.py:20: AssertionError: no access_token
E   AssertionError: check delete failed: {'success': True, 'result': {'success': True, 'has_permission': False, 'permission': '', 'user_id': ''}, 'error': None}
    assert None
     +  where None = <built-in method get of dict object at 0x0000018F50109440>('has_permission')
     +    where <built-in method get of dict object at 0x0000018F50109440> = {'error': None, 'result': {'has_permission': False, 'permission': '', 'success': True, 'user_id': ''}, 'success': True}.get
D:\AUTO-EVO-AI-V0.1\tests\test_e2e_workflows.py:31: AssertionError: check delete failed: {'success': True, 'result': {'success': True, 'has_permission': False, 'permission': '', 'user_id': ''}, 'error': None}
E   AssertionError: recommend failed: {'detail': '�������ڲ�����', 'error': "name 'params' is not defined", 'path': '/api/modules/recommendation_system/execute'}
    assert None
     +  where None = <built-in method get of dict object at 0x0000018F5010B400>('success')
     +    where <built-in method get of dict object at 0x0000018F5010B400> = {'detail': '�������ڲ�����', 'error': "name 'params' is not defined", 'path': '/api/modules/recommendation_system/execute'}.get
D:\AUTO-EVO-AI-V0.1\tests\test_e2e_workflows.py:48: AssertionError: recommend failed: {'detail': '�������ڲ�����', 'error': "name 'params' is not defined", 'path': '/api/modules/recommendation_system/execute'}
E   AssertionError: rate limiter failed: {'detail': '�������ڲ�����', 'error': "name 'params' is not defined", 'path': '/api/modules/api_rate_limiter/execute'}
    assert None
     +  where None = <built-in method get of dict object at 0x0000018F50118740>('success')
     +    where <built-in method get of dict object at 0x0000018F50118740> = {'detail': '�������ڲ�����', 'error': "name 'params' is not defined", 'path': '/api/modules/api_rate_limiter/execute'}.get
D:\AUTO-EVO-AI-V0.1\tests\test_e2e_workflows.py:61: AssertionError: rate limiter failed: {'detail': '�������ڲ�����', 'error': "name 'params' is not defined", 'path': '/api/modules/api_rate_limiter/execute'}
E   AssertionError: atom_code.py ȱ module_class
    assert False
D:\AUTO-EVO-AI-V0.1\tests\test_load_all.py:30: AssertionError: atom_code.py ȱ module_class
E   AttributeError: 'dict' object has no attribute 'healthy'
------------------------------ Captured log call ------------------------------
WARNING  modules.feishu_notifier:feishu_notifier.py:177 FeishuNotifier: no default webhook configured, running in dry-run mode
D:\AUTO-EVO-AI-V0.1\tests\test_unit_core.py:117: AttributeError: 'dict' object has no attribute 'healthy'
E   TypeError: FeishuNotifier.execute() takes 2 positional arguments but 3 were given
D:\AUTO-EVO-AI-V0.1\tests\test_unit_core.py:120: TypeError: FeishuNotifier.execute() takes 2 positional arguments but 3 were given
E   TypeError: FeishuNotifier.execute() takes 2 positional arguments but 3 were given
D:\AUTO-EVO-AI-V0.1\tests\test_unit_core.py:124: TypeError: FeishuNotifier.execute() takes 2 positional arguments but 3 were given
E   TypeError: FeishuNotifier.execute() takes 2 positional arguments but 3 were given
D:\AUTO-EVO-AI-V0.1\tests\test_unit_core.py:128: TypeError: FeishuNotifier.execute() takes 2 positional arguments but 3 were given
============================== warnings summary ===============================
tests/test_load_all.py: 208 warnings
  D:\AUTO-EVO-AI-V0.1\modules\_base\tracing.py:230: DeprecationWarning: 'asyncio.iscoroutinefunction' is deprecated and slated for removal in Python 3.16; use inspect.iscoroutinefunction() instead
    if asyncio.iscoroutinefunction(func):

tests/test_load_all.py: 37 warnings
  D:\AUTO-EVO-AI-V0.1\modules\_base\metrics.py:292: DeprecationWarning: 'asyncio.iscoroutinefunction' is deprecated and slated for removal in Python 3.16; use inspect.iscoroutinefunction() instead
    if asyncio.iscoroutinefunction(func):

-- Docs: https://docs.pytest.org/en/stable/how-to/capture-warnings.html
=========================== short test summary info ===========================
FAILED tests/test_api.py::test_llm_providers - assert 0 > 0
FAILED tests/test_api.py::test_system_diagnosis - KeyError: 'modules_total'
FAILED tests/test_api_integration.py::TestLLM::test_providers - AssertionErro...
FAILED tests/test_core.py::TestSystemAPI::test_02_scheduler - AssertionError:...
FAILED tests/test_core.py::TestSystemAPI::test_03_llm_providers - AssertionEr...
FAILED tests/test_core.py::TestSystemAPI::test_04_notify_channels - Assertion...
FAILED tests/test_core.py::TestSystemAPI::test_05_security - AssertionError: ...
FAILED tests/test_core.py::TestSystemAPI::test_06_autonomous - AssertionError...
FAILED tests/test_core.py::TestSystemAPI::test_07_module_quality - AssertionE...
FAILED tests/test_core.py::TestSystemAPI::test_08_dashboard_served - Assertio...
FAILED tests/test_core.py::TestSystemAPI::test_09_wizard_served - AssertionEr...
FAILED tests/test_core.py::TestSystemAPI::test_10_i18n_served - AssertionErro...
FAILED tests/test_core.py::TestSchedulerTasks::test_tasks_registered - Assert...
FAILED tests/test_core_modules.py::TestSystemAPI::test_llm_providers - Assert...
FAILED tests/test_core_modules.py::TestSystemAPI::test_health - assert 404 ==...
FAILED tests/test_core_modules.py::TestSystemAPI::test_diagnosis - assert 404...
FAILED tests/test_e2e_workflows.py::TestAuthWorkflow::test_jwt_issue_and_verify
FAILED tests/test_e2e_workflows.py::TestAuthWorkflow::test_rbac_full_flow - A...
FAILED tests/test_e2e_workflows.py::TestDataWorkflow::test_recommend - Assert...
FAILED tests/test_e2e_workflows.py::TestSecurityWorkflow::test_rate_limiter
FAILED tests/test_load_all.py::TestAllModules::test_export[atom_code.py] - As...
FAILED tests/test_unit_core.py::TestFeishuNotifier::test_health_check - Attri...
FAILED tests/test_unit_core.py::TestFeishuNotifier::test_send_action - TypeEr...
FAILED tests/test_unit_core.py::TestFeishuNotifier::test_send_markdown - Type...
FAILED tests/test_unit_core.py::TestFeishuNotifier::test_report_action - Type...
ERROR tests/test_unit_core.py::TestDataQuality::test_completeness - TypeError...
ERROR tests/test_unit_core.py::TestSqlGenerator::test_generate_select -   Fil...
ERROR tests/test_unit_core.py::TestSqlGenerator::test_validate_sql -   File "...
ERROR tests/test_unit_core.py::TestSsoAuth::test_create_session -   File "E:\...
ERROR tests/test_unit_core.py::TestSsoAuth::test_verify_session -   File "E:\...
ERROR tests/test_unit_core.py::TestOAuthProvider::test_client_auth - ImportEr...
ERROR tests/test_unit_core.py::TestHealthCheck::test_status - ImportError: ca...
ERROR tests/test_unit_core.py::TestHealthCheck::test_tcp_check - ImportError:...
ERROR tests/test_unit_core.py::TestSessionStore::test_create_get_session -   ...
ERROR tests/test_unit_core.py::TestStaticCache::test_set_get -   File "E:\AUT...
ERROR tests/test_unit_core.py::TestStaticCache::test_delete -   File "E:\AUTO...
==== 25 failed, 3513 passed, 245 warnings, 11 errors in 288.20s (0:04:48) =====
