============================= test session starts =============================
platform win32 -- Python 3.14.2, pytest-9.0.3, pluggy-1.6.0 -- C:\Users\�⺣��\AppData\Local\Python\pythoncore-3.14-64\python.exe
rootdir: D:\AUTO-EVO-AI-V0.1
configfile: pytest.ini
plugins: anyio-4.12.1, langsmith-0.7.33
collecting ... collected 50 items

tests/test_api_integration.py::TestSystem::test_root PASSED              [  2%]
tests/test_api_integration.py::TestSystem::test_status PASSED            [  4%]
tests/test_api_integration.py::TestSystem::test_health PASSED            [  6%]
tests/test_api_integration.py::TestSystem::test_metrics PASSED           [  8%]
tests/test_api_integration.py::TestSystem::test_manifest PASSED          [ 10%]
tests/test_api_integration.py::TestModuleRoutes::test_list_modules PASSED [ 12%]
tests/test_api_integration.py::TestModuleRoutes::test_search_modules PASSED [ 14%]
tests/test_api_integration.py::TestModuleRoutes::test_category_modules PASSED [ 16%]
tests/test_api_integration.py::TestConfig::test_get_config PASSED        [ 18%]
tests/test_api_integration.py::TestConfig::test_save_config PASSED       [ 20%]
tests/test_api_integration.py::TestAuth::test_auth_status PASSED         [ 22%]
tests/test_api_integration.py::TestAuth::test_security_status PASSED     [ 24%]
tests/test_api_integration.py::TestScheduler::test_scheduler_status PASSED [ 26%]
tests/test_api_integration.py::TestScheduler::test_scheduler_tasks PASSED [ 28%]
tests/test_api_integration.py::TestLLM::test_providers PASSED            [ 30%]
tests/test_api_integration.py::TestNotify::test_channels PASSED          [ 32%]
tests/test_api_integration.py::TestNotify::test_notify_templates PASSED  [ 34%]
tests/test_api_integration.py::TestCICD::test_git_status PASSED          [ 36%]
tests/test_api_integration.py::TestCICD::test_github_config PASSED       [ 38%]
tests/test_api_integration.py::TestCICD::test_webhooks PASSED            [ 40%]
tests/test_api_integration.py::TestBrowser::test_browser_status PASSED   [ 42%]
tests/test_api_integration.py::TestPlugins::test_plugins_list PASSED     [ 44%]
tests/test_api_integration.py::TestDocs::test_docs_files PASSED          [ 46%]
tests/test_api_integration.py::TestEvents::test_events_stats PASSED      [ 48%]
tests/test_api_integration.py::TestEvents::test_events_recent PASSED     [ 50%]
tests/test_api_integration.py::TestSystemAPI::test_diagnosis PASSED      [ 52%]
tests/test_api_integration.py::TestSystemAPI::test_rate_limit PASSED     [ 54%]
tests/test_api_integration.py::TestSystemAPI::test_logs PASSED           [ 56%]
tests/test_api_integration.py::TestSystemAPI::test_sys_metrics PASSED    [ 58%]
tests/test_api_integration.py::TestPersistence::test_persistence_status PASSED [ 60%]
tests/test_api_integration.py::TestTunnel::test_tunnel_status PASSED     [ 62%]
tests/test_api_integration.py::TestFrontend::test_dashboard PASSED       [ 64%]
tests/test_api_integration.py::TestFrontend::test_i18n PASSED            [ 66%]
tests/test_module_compliance.py::TestModuleCompliance::test_all_have_meta PASSED [ 68%]
tests/test_module_compliance.py::TestModuleCompliance::test_no_stubs_remain PASSED [ 70%]
tests/test_module_compliance.py::TestModuleCompliance::test_valid_syntax FAILED [ 72%]
tests/test_module_compliance.py::TestModuleCompliance::test_module_count PASSED [ 74%]
tests/test_module_compliance.py::TestModuleCompliance::test_no_dup_ids PASSED [ 76%]
tests/test_module_compliance.py::TestModuleCompliance::test_all_inherit_enterprise PASSED [ 78%]
tests/test_module_compliance.py::TestModuleCompliance::test_circuit_breaker_mixin_present PASSED [ 80%]
tests/test_module_compliance.py::TestModuleCompliance::test_file_size_minimum PASSED [ 82%]
tests/test_core_modules.py::TestSystemAPI::test_scheduler_status PASSED  [ 84%]
tests/test_core_modules.py::TestSystemAPI::test_llm_providers PASSED     [ 86%]
tests/test_core_modules.py::TestSystemAPI::test_config PASSED            [ 88%]
tests/test_core_modules.py::TestSystemAPI::test_health PASSED            [ 90%]
tests/test_core_modules.py::TestSystemAPI::test_notify_channels PASSED   [ 92%]
tests/test_core_modules.py::TestSystemAPI::test_security PASSED          [ 94%]
tests/test_core_modules.py::TestSystemAPI::test_auth PASSED              [ 96%]
tests/test_core_modules.py::TestSystemAPI::test_diagnosis PASSED         [ 98%]
tests/test_core_modules.py::TestSystemAPI::test_events_stats PASSED      [100%]

================================== FAILURES ===================================
E   assert 61 == 0
     +  where 61 = len([('api_rate_limiter.py', 'unexpected indent (<unknown>, line 18)'), ('auto_optimizer.py', 'unexpected indent (<unknown>, line 17)'), ('auto_recovery.py', 'unexpected indent (<unknown>, line 18)'), ('auto_setup_autonomous.py', 'invalid syntax (<unknown>, line 21)'), ('autonomous_agent.py', 'invalid syntax (<unknown>, line 19)'), ('autonomous_decision_engine.py', 'unexpected indent (<unknown>, line 20)'), ('cors_config.py', 'unexpected indent (<unknown>, line 18)'), ('crewai.py', 'invalid syntax (<unknown>, line 23)'), ('data_analysis.py', 'unexpected indent (<unknown>, line 22)'), ('data_encrypt.py', 'invalid syntax (<unknown>, line 12)'), ('data_masking.py', 'unexpected indent (<unknown>, line 27)'), ('data_quality.py', 'unexpected indent (<unknown>, line 19)'), ('distributed_lock.py', 'unexpected indent (<unknown>, line 17)'), ('enterprise_notifier.py', 'unexpected indent (<unknown>, line 17)'), ('event_bus_pro.py', 'unexpected indent (<unknown>, line 17)'), ('excel_engine.py', 'unexpected indent (<unknown>, line 18)'), ('external_executor.py', 'unexpected indent (<unknown>, line 17)'), ('forex_api.py', 'unexpected indent (<unknown>, line 19)'), ('fts_query.py', 'unexpected indent (<unknown>, line 17)'), ('fund_api.py', 'unexpected indent (<unknown>, line 18)'), ('futures_api.py', 'unexpected indent (<unknown>, line 19)'), ('github_scanner.py', 'unexpected indent (<unknown>, line 17)'), ('header_injector.py', 'unexpected indent (<unknown>, line 17)'), ('health_check.py', 'unexpected indent (<unknown>, line 20)'), ('health_checker.py', 'unexpected indent (<unknown>, line 18)'), ('health_ping.py', 'unexpected indent (<unknown>, line 17)'), ('log_aggregator.py', 'unexpected indent (<unknown>, line 18)'), ('m49_push_notify.py', 'unexpected indent (<unknown>, line 22)'), ('meeting_transcribe.py', 'unexpected indent (<unknown>, line 17)'), ('ml_intern.py', 'unexpected indent (<unknown>, line 19)'), ('model_router.py', 'unexpected indent (<unknown>, line 27)'), ('mongodb_nosql.py', 'invalid syntax (<unknown>, line 18)'), ('multi_agent_crew.py', 'unexpected indent (<unknown>, line 21)'), ('opa_policy_engine.py', 'unexpected indent (<unknown>, line 18)'), ('openhands_agent.py', 'unexpected indent (<unknown>, line 21)'), ('orchestrator_core.py', 'unexpected indent (<unknown>, line 18)'), ('pr_manager.py', 'unexpected indent (<unknown>, line 18)'), ('process_watchdog.py', 'unexpected indent (<unknown>, line 20)'), ('pub_sub.py', 'unexpected indent (<unknown>, line 19)'), ('query_cache_layer.py', 'unexpected indent (<unknown>, line 18)'), ('rag_knowledge_engine.py', 'unexpected indent (<unknown>, line 29)'), ('rate_limit_redis.py', 'unexpected indent (<unknown>, line 20)'), ('rate_limiter.py', 'unexpected indent (<unknown>, line 17)'), ('realtime_collaboration.py', 'unexpected indent (<unknown>, line 18)'), ('recommendation_system.py', 'unexpected indent (<unknown>, line 19)'), ('replication_monitor.py', 'unexpected indent (<unknown>, line 19)'), ('report_generator.py', 'unexpected indent (<unknown>, line 18)'), ('risk_control.py', 'unexpected indent (<unknown>, line 18)'), ('ruoyi_ai.py', 'unexpected indent (<unknown>, line 17)'), ('scan_iterator.py', 'unexpected indent (<unknown>, line 17)'), ('search_engine.py', 'unexpected indent (<unknown>, line 18)'), ('self_evolving_engine.py', 'unexpected indent (<unknown>, line 20)'), ('slow_query.py', 'unexpected indent (<unknown>, line 18)'), ('sql_generator.py', 'unexpected indent (<unknown>, line 20)'), ('static_cache.py', 'unexpected indent (<unknown>, line 18)'), ('storage_encryption.py', 'invalid syntax (<unknown>, line 17)'), ('uni_comm_gateway.py', 'unexpected indent (<unknown>, line 17)'), ('unified_api_adapter.py', 'unexpected indent (<unknown>, line 18)'), ('voice_interaction.py', "closing parenthesis '}' does not match opening parenthesis '[' (<unknown>, line 16)"), ('webhook_dispatcher.py', 'unexpected indent (<unknown>, line 18)'), ('workflow_orchestrator.py', 'unexpected indent (<unknown>, line 17)')])
D:\AUTO-EVO-AI-V0.1\tests\test_module_compliance.py:37: assert 61 == 0
=========================== short test summary info ===========================
FAILED tests/test_module_compliance.py::TestModuleCompliance::test_valid_syntax - assert 61 == 0
 +  where 61 = len([('api_rate_limiter.py', 'unexpected indent (<unknown>, line 18)'), ('auto_optimizer.py', 'unexpected indent (<unknown>, line 17)'), ('auto_recovery.py', 'unexpected indent (<unknown>, line 18)'), ('auto_setup_autonomous.py', 'invalid syntax (<unknown>, line 21)'), ('autonomous_agent.py', 'invalid syntax (<unknown>, line 19)'), ('autonomous_decision_engine.py', 'unexpected indent (<unknown>, line 20)'), ('cors_config.py', 'unexpected indent (<unknown>, line 18)'), ('crewai.py', 'invalid syntax (<unknown>, line 23)'), ('data_analysis.py', 'unexpected indent (<unknown>, line 22)'), ('data_encrypt.py', 'invalid syntax (<unknown>, line 12)'), ('data_masking.py', 'unexpected indent (<unknown>, line 27)'), ('data_quality.py', 'unexpected indent (<unknown>, line 19)'), ('distributed_lock.py', 'unexpected indent (<unknown>, line 17)'), ('enterprise_notifier.py', 'unexpected indent (<unknown>, line 17)'), ('event_bus_pro.py', 'unexpected indent (<unknown>, line 17)'), ('excel_engine.py', 'unexpected indent (<unknown>, line 18)'), ('external_executor.py', 'unexpected indent (<unknown>, line 17)'), ('forex_api.py', 'unexpected indent (<unknown>, line 19)'), ('fts_query.py', 'unexpected indent (<unknown>, line 17)'), ('fund_api.py', 'unexpected indent (<unknown>, line 18)'), ('futures_api.py', 'unexpected indent (<unknown>, line 19)'), ('github_scanner.py', 'unexpected indent (<unknown>, line 17)'), ('header_injector.py', 'unexpected indent (<unknown>, line 17)'), ('health_check.py', 'unexpected indent (<unknown>, line 20)'), ('health_checker.py', 'unexpected indent (<unknown>, line 18)'), ('health_ping.py', 'unexpected indent (<unknown>, line 17)'), ('log_aggregator.py', 'unexpected indent (<unknown>, line 18)'), ('m49_push_notify.py', 'unexpected indent (<unknown>, line 22)'), ('meeting_transcribe.py', 'unexpected indent (<unknown>, line 17)'), ('ml_intern.py', 'unexpected indent (<unknown>, line 19)'), ('model_router.py', 'unexpected indent (<unknown>, line 27)'), ('mongodb_nosql.py', 'invalid syntax (<unknown>, line 18)'), ('multi_agent_crew.py', 'unexpected indent (<unknown>, line 21)'), ('opa_policy_engine.py', 'unexpected indent (<unknown>, line 18)'), ('openhands_agent.py', 'unexpected indent (<unknown>, line 21)'), ('orchestrator_core.py', 'unexpected indent (<unknown>, line 18)'), ('pr_manager.py', 'unexpected indent (<unknown>, line 18)'), ('process_watchdog.py', 'unexpected indent (<unknown>, line 20)'), ('pub_sub.py', 'unexpected indent (<unknown>, line 19)'), ('query_cache_layer.py', 'unexpected indent (<unknown>, line 18)'), ('rag_knowledge_engine.py', 'unexpected indent (<unknown>, line 29)'), ('rate_limit_redis.py', 'unexpected indent (<unknown>, line 20)'), ('rate_limiter.py', 'unexpected indent (<unknown>, line 17)'), ('realtime_collaboration.py', 'unexpected indent (<unknown>, line 18)'), ('recommendation_system.py', 'unexpected indent (<unknown>, line 19)'), ('replication_monitor.py', 'unexpected indent (<unknown>, line 19)'), ('report_generator.py', 'unexpected indent (<unknown>, line 18)'), ('risk_control.py', 'unexpected indent (<unknown>, line 18)'), ('ruoyi_ai.py', 'unexpected indent (<unknown>, line 17)'), ('scan_iterator.py', 'unexpected indent (<unknown>, line 17)'), ('search_engine.py', 'unexpected indent (<unknown>, line 18)'), ('self_evolving_engine.py', 'unexpected indent (<unknown>, line 20)'), ('slow_query.py', 'unexpected indent (<unknown>, line 18)'), ('sql_generator.py', 'unexpected indent (<unknown>, line 20)'), ('static_cache.py', 'unexpected indent (<unknown>, line 18)'), ('storage_encryption.py', 'invalid syntax (<unknown>, line 17)'), ('uni_comm_gateway.py', 'unexpected indent (<unknown>, line 17)'), ('unified_api_adapter.py', 'unexpected indent (<unknown>, line 18)'), ('voice_interaction.py', "closing parenthesis '}' does not match opening parenthesis '[' (<unknown>, line 16)"), ('webhook_dispatcher.py', 'unexpected indent (<unknown>, line 18)'), ('workflow_orchestrator.py', 'unexpected indent (<unknown>, line 17)')])
=================== 1 failed, 49 passed in 95.13s (0:01:35) ===================
