============================= test session starts =============================
platform win32 -- Python 3.14.2, pytest-9.0.3, pluggy-1.6.0 -- C:\Users\Îâº£¾ü\AppData\Local\Python\pythoncore-3.14-64\python.exe
rootdir: D:\AUTO-EVO-AI-V0.1
configfile: pytest.ini
plugins: anyio-4.12.1, langsmith-0.7.33
collecting ... collected 58 items

tests/test_module_compliance.py::TestModuleCompliance::test_all_have_meta PASSED [  1%]
tests/test_module_compliance.py::TestModuleCompliance::test_no_stubs_remain PASSED [  3%]
tests/test_module_compliance.py::TestModuleCompliance::test_valid_syntax PASSED [  5%]
tests/test_module_compliance.py::TestModuleCompliance::test_module_count PASSED [  6%]
tests/test_module_compliance.py::TestModuleCompliance::test_no_dup_ids PASSED [  8%]
tests/test_module_compliance.py::TestModuleCompliance::test_all_inherit_enterprise PASSED [ 10%]
tests/test_module_compliance.py::TestModuleCompliance::test_circuit_breaker_mixin_present FAILED [ 12%]
tests/test_module_compliance.py::TestModuleCompliance::test_file_size_minimum PASSED [ 13%]
tests/test_core_modules.py::TestSystemAPI::test_scheduler_status PASSED  [ 15%]
tests/test_core_modules.py::TestSystemAPI::test_llm_providers PASSED     [ 17%]
tests/test_core_modules.py::TestSystemAPI::test_config PASSED            [ 18%]
tests/test_core_modules.py::TestSystemAPI::test_health PASSED            [ 20%]
tests/test_core_modules.py::TestSystemAPI::test_notify_channels PASSED   [ 22%]
tests/test_core_modules.py::TestSystemAPI::test_security PASSED          [ 24%]
tests/test_core_modules.py::TestSystemAPI::test_auth PASSED              [ 25%]
tests/test_core_modules.py::TestSystemAPI::test_diagnosis PASSED         [ 27%]
tests/test_core_modules.py::TestSystemAPI::test_events_stats PASSED      [ 29%]
tests/test_api_integration.py::TestSystem::test_root PASSED              [ 31%]
tests/test_api_integration.py::TestSystem::test_status PASSED            [ 32%]
tests/test_api_integration.py::TestSystem::test_health PASSED            [ 34%]
tests/test_api_integration.py::TestSystem::test_metrics PASSED           [ 36%]
tests/test_api_integration.py::TestSystem::test_manifest PASSED          [ 37%]
tests/test_api_integration.py::TestModuleRoutes::test_list_modules PASSED [ 39%]
tests/test_api_integration.py::TestModuleRoutes::test_search_modules PASSED [ 41%]
tests/test_api_integration.py::TestModuleRoutes::test_category_modules PASSED [ 43%]
tests/test_api_integration.py::TestConfig::test_get_config PASSED        [ 44%]
tests/test_api_integration.py::TestConfig::test_save_config PASSED       [ 46%]
tests/test_api_integration.py::TestAuth::test_auth_status PASSED         [ 48%]
tests/test_api_integration.py::TestAuth::test_security_status PASSED     [ 50%]
tests/test_api_integration.py::TestScheduler::test_scheduler_status PASSED [ 51%]
tests/test_api_integration.py::TestScheduler::test_scheduler_tasks PASSED [ 53%]
tests/test_api_integration.py::TestLLM::test_providers PASSED            [ 55%]
tests/test_api_integration.py::TestNotify::test_channels PASSED          [ 56%]
tests/test_api_integration.py::TestNotify::test_notify_templates PASSED  [ 58%]
tests/test_api_integration.py::TestCICD::test_git_status PASSED          [ 60%]
tests/test_api_integration.py::TestCICD::test_github_config PASSED       [ 62%]
tests/test_api_integration.py::TestCICD::test_webhooks PASSED            [ 63%]
tests/test_api_integration.py::TestBrowser::test_browser_status PASSED   [ 65%]
tests/test_api_integration.py::TestPlugins::test_plugins_list PASSED     [ 67%]
tests/test_api_integration.py::TestDocs::test_docs_files PASSED          [ 68%]
tests/test_api_integration.py::TestEvents::test_events_stats PASSED      [ 70%]
tests/test_api_integration.py::TestEvents::test_events_recent PASSED     [ 72%]
tests/test_api_integration.py::TestSystemAPI::test_diagnosis PASSED      [ 74%]
tests/test_api_integration.py::TestSystemAPI::test_rate_limit PASSED     [ 75%]
tests/test_api_integration.py::TestSystemAPI::test_logs PASSED           [ 77%]
tests/test_api_integration.py::TestSystemAPI::test_sys_metrics PASSED    [ 79%]
tests/test_api_integration.py::TestPersistence::test_persistence_status PASSED [ 81%]
tests/test_api_integration.py::TestTunnel::test_tunnel_status PASSED     [ 82%]
tests/test_api_integration.py::TestFrontend::test_dashboard PASSED       [ 84%]
tests/test_api_integration.py::TestFrontend::test_i18n PASSED            [ 86%]
tests/test_e2e_workflows.py::TestAuthWorkflow::test_full_jwt_flow FAILED [ 87%]
tests/test_e2e_workflows.py::TestAuthWorkflow::test_rbac_full_flow FAILED [ 89%]
tests/test_e2e_workflows.py::TestDataWorkflow::test_data_analysis FAILED [ 91%]
tests/test_e2e_workflows.py::TestDataWorkflow::test_data_masking FAILED  [ 93%]
tests/test_e2e_workflows.py::TestDataWorkflow::test_forex FAILED         [ 94%]
tests/test_e2e_workflows.py::TestDataWorkflow::test_recommend FAILED     [ 96%]
tests/test_e2e_workflows.py::TestSecurityWorkflow::test_audit_trail FAILED [ 98%]
tests/test_e2e_workflows.py::TestSecurityWorkflow::test_rate_limiter FAILED [100%]

================================== FAILURES ===================================
E   AssertionError: No CB Mixin: ['atom_code.py', 'key_insights.py', 'langfuse_monitor.py', 'trigger_engine.py', 'webhook_handler.py']
    assert 6 == 0
     +  where 6 = len(['atom_code.py', 'key_insights.py', 'langfuse_monitor.py', 'trigger_engine.py', 'webhook_handler.py', 'workflow_manager.py'])
D:\AUTO-EVO-AI-V0.1\tests\test_module_compliance.py:66: AssertionError: No CB Mixin: ['atom_code.py', 'key_insights.py', 'langfuse_monitor.py', 'trigger_engine.py', 'webhook_handler.py']
E   AssertionError: assert None
     +  where None = <built-in method get of dict object at 0x00000283A1C54580>('success')
     +    where <built-in method get of dict object at 0x00000283A1C54580> = {'detail': '\u6a21\u5757\u4e0d\u5b58\u5728: jwt-token'}.get
D:\AUTO-EVO-AI-V0.1\tests\test_e2e_workflows.py:16: AssertionError: assert None
E   AssertionError: assert None
     +  where None = <built-in method get of dict object at 0x00000283A1C79440>('has_permission')
     +    where <built-in method get of dict object at 0x00000283A1C79440> = {'detail': '\u6a21\u5757\u4e0d\u5b58\u5728: permission-rbac'}.get
D:\AUTO-EVO-AI-V0.1\tests\test_e2e_workflows.py:26: AssertionError: assert None
E   AssertionError: assert None
     +  where None = <built-in method get of dict object at 0x00000283A1C7A8C0>('success')
     +    where <built-in method get of dict object at 0x00000283A1C7A8C0> = {'detail': '\u6a21\u5757\u4e0d\u5b58\u5728: data-analysis'}.get
D:\AUTO-EVO-AI-V0.1\tests\test_e2e_workflows.py:33: AssertionError: assert None
E   AssertionError: assert None
     +  where None = <built-in method get of dict object at 0x00000283A1C7B6C0>('success')
     +    where <built-in method get of dict object at 0x00000283A1C7B6C0> = {'detail': '\u6a21\u5757\u4e0d\u5b58\u5728: data-masking'}.get
D:\AUTO-EVO-AI-V0.1\tests\test_e2e_workflows.py:36: AssertionError: assert None
E   AssertionError: assert None
     +  where None = <built-in method get of dict object at 0x00000283A1C8C4C0>('success')
     +    where <built-in method get of dict object at 0x00000283A1C8C4C0> = {'detail': '\u6a21\u5757\u4e0d\u5b58\u5728: forex-api'}.get
D:\AUTO-EVO-AI-V0.1\tests\test_e2e_workflows.py:39: AssertionError: assert None
E   AssertionError: assert None
     +  where None = <built-in method get of dict object at 0x00000283A1C8D2C0>('success')
     +    where <built-in method get of dict object at 0x00000283A1C8D2C0> = {'detail': '\u6a21\u5757\u4e0d\u5b58\u5728: recommendation-system'}.get
D:\AUTO-EVO-AI-V0.1\tests\test_e2e_workflows.py:42: AssertionError: assert None
E   AssertionError: assert None
     +  where None = <built-in method get of dict object at 0x00000283A1C8E100>('success')
     +    where <built-in method get of dict object at 0x00000283A1C8E100> = {'detail': '\u6a21\u5757\u4e0d\u5b58\u5728: audit-trail'}.get
D:\AUTO-EVO-AI-V0.1\tests\test_e2e_workflows.py:47: AssertionError: assert None
E   AssertionError: assert None
     +  where None = <built-in method get of dict object at 0x00000283A1C8EF00>('success')
     +    where <built-in method get of dict object at 0x00000283A1C8EF00> = {'detail': '\u6a21\u5757\u4e0d\u5b58\u5728: api-rate-limiter'}.get
D:\AUTO-EVO-AI-V0.1\tests\test_e2e_workflows.py:50: AssertionError: assert None
=========================== short test summary info ===========================
FAILED tests/test_module_compliance.py::TestModuleCompliance::test_circuit_breaker_mixin_present - AssertionError: No CB Mixin: ['atom_code.py', 'key_insights.py', 'langfuse_monitor.py', 'trigger_engine.py', 'webhook_handler.py']
assert 6 == 0
 +  where 6 = len(['atom_code.py', 'key_insights.py', 'langfuse_monitor.py', 'trigger_engine.py', 'webhook_handler.py', 'workflow_manager.py'])
FAILED tests/test_e2e_workflows.py::TestAuthWorkflow::test_full_jwt_flow - AssertionError: assert None
 +  where None = <built-in method get of dict object at 0x00000283A1C54580>('success')
 +    where <built-in method get of dict object at 0x00000283A1C54580> = {'detail': '\u6a21\u5757\u4e0d\u5b58\u5728: jwt-token'}.get
FAILED tests/test_e2e_workflows.py::TestAuthWorkflow::test_rbac_full_flow - AssertionError: assert None
 +  where None = <built-in method get of dict object at 0x00000283A1C79440>('has_permission')
 +    where <built-in method get of dict object at 0x00000283A1C79440> = {'detail': '\u6a21\u5757\u4e0d\u5b58\u5728: permission-rbac'}.get
FAILED tests/test_e2e_workflows.py::TestDataWorkflow::test_data_analysis - AssertionError: assert None
 +  where None = <built-in method get of dict object at 0x00000283A1C7A8C0>('success')
 +    where <built-in method get of dict object at 0x00000283A1C7A8C0> = {'detail': '\u6a21\u5757\u4e0d\u5b58\u5728: data-analysis'}.get
FAILED tests/test_e2e_workflows.py::TestDataWorkflow::test_data_masking - AssertionError: assert None
 +  where None = <built-in method get of dict object at 0x00000283A1C7B6C0>('success')
 +    where <built-in method get of dict object at 0x00000283A1C7B6C0> = {'detail': '\u6a21\u5757\u4e0d\u5b58\u5728: data-masking'}.get
FAILED tests/test_e2e_workflows.py::TestDataWorkflow::test_forex - AssertionError: assert None
 +  where None = <built-in method get of dict object at 0x00000283A1C8C4C0>('success')
 +    where <built-in method get of dict object at 0x00000283A1C8C4C0> = {'detail': '\u6a21\u5757\u4e0d\u5b58\u5728: forex-api'}.get
FAILED tests/test_e2e_workflows.py::TestDataWorkflow::test_recommend - AssertionError: assert None
 +  where None = <built-in method get of dict object at 0x00000283A1C8D2C0>('success')
 +    where <built-in method get of dict object at 0x00000283A1C8D2C0> = {'detail': '\u6a21\u5757\u4e0d\u5b58\u5728: recommendation-system'}.get
FAILED tests/test_e2e_workflows.py::TestSecurityWorkflow::test_audit_trail - AssertionError: assert None
 +  where None = <built-in method get of dict object at 0x00000283A1C8E100>('success')
 +    where <built-in method get of dict object at 0x00000283A1C8E100> = {'detail': '\u6a21\u5757\u4e0d\u5b58\u5728: audit-trail'}.get
FAILED tests/test_e2e_workflows.py::TestSecurityWorkflow::test_rate_limiter - AssertionError: assert None
 +  where None = <built-in method get of dict object at 0x00000283A1C8EF00>('success')
 +    where <built-in method get of dict object at 0x00000283A1C8EF00> = {'detail': '\u6a21\u5757\u4e0d\u5b58\u5728: api-rate-limiter'}.get
================== 9 failed, 49 passed in 117.73s (0:01:57) ===================
