============================= test session starts =============================
platform win32 -- Python 3.14.2, pytest-9.0.3, pluggy-1.6.0 -- C:\Users\�⺣��\AppData\Local\Python\pythoncore-3.14-64\python.exe
rootdir: D:\AUTO-EVO-AI-V0.1
configfile: pytest.ini
plugins: anyio-4.12.1, langsmith-0.7.33
collecting ... collected 95 items

tests/test_api.py::test_system_root PASSED                               [  1%]
tests/test_api.py::test_system_status PASSED                             [  2%]
tests/test_api.py::test_system_health PASSED                             [  3%]
tests/test_api.py::test_list_modules PASSED                              [  4%]
tests/test_api.py::test_module_categories PASSED                         [  5%]
tests/test_api.py::test_module_detail PASSED                             [  6%]
tests/test_api.py::test_module_health PASSED                             [  7%]
tests/test_api.py::test_search_modules PASSED                            [  8%]
tests/test_api.py::test_batch_execute PASSED                             [  9%]
tests/test_api.py::test_config_list PASSED                               [ 10%]
tests/test_api.py::test_scheduler_status PASSED                          [ 11%]
tests/test_api.py::test_scheduler_tasks PASSED                           [ 12%]
tests/test_api.py::test_llm_providers PASSED                             [ 13%]
tests/test_api.py::test_notify_channels PASSED                           [ 14%]
tests/test_api.py::test_pipeline_stats PASSED                            [ 15%]
tests/test_api.py::test_version_consistency PASSED                       [ 16%]
tests/test_api.py::test_security_status PASSED                           [ 17%]
tests/test_api.py::test_system_diagnosis PASSED                          [ 18%]
tests/test_api.py::test_dashboard_served PASSED                          [ 20%]
tests/test_api.py::test_manifest_served PASSED                           [ 21%]
tests/test_api.py::test_metrics_served PASSED                            [ 22%]
tests/test_api.py::test_system_backup_list PASSED                        [ 23%]
tests/test_api.py::test_execution_log PASSED                             [ 24%]
tests/test_api_integration.py::TestSystem::test_root PASSED              [ 25%]
tests/test_api_integration.py::TestSystem::test_status PASSED            [ 26%]
tests/test_api_integration.py::TestSystem::test_health PASSED            [ 27%]
tests/test_api_integration.py::TestSystem::test_metrics PASSED           [ 28%]
tests/test_api_integration.py::TestSystem::test_manifest PASSED          [ 29%]
tests/test_api_integration.py::TestModuleRoutes::test_list_modules PASSED [ 30%]
tests/test_api_integration.py::TestModuleRoutes::test_search_modules PASSED [ 31%]
tests/test_api_integration.py::TestModuleRoutes::test_category_modules PASSED [ 32%]
tests/test_api_integration.py::TestConfig::test_get_config PASSED        [ 33%]
tests/test_api_integration.py::TestConfig::test_save_config PASSED       [ 34%]
tests/test_api_integration.py::TestAuth::test_auth_status PASSED         [ 35%]
tests/test_api_integration.py::TestAuth::test_security_status PASSED     [ 36%]
tests/test_api_integration.py::TestScheduler::test_scheduler_status PASSED [ 37%]
tests/test_api_integration.py::TestScheduler::test_scheduler_tasks PASSED [ 38%]
tests/test_api_integration.py::TestLLM::test_providers PASSED            [ 40%]
tests/test_api_integration.py::TestNotify::test_channels PASSED          [ 41%]
tests/test_api_integration.py::TestNotify::test_notify_templates PASSED  [ 42%]
tests/test_api_integration.py::TestCICD::test_git_status PASSED          [ 43%]
tests/test_api_integration.py::TestCICD::test_github_config PASSED       [ 44%]
tests/test_api_integration.py::TestCICD::test_webhooks PASSED            [ 45%]
tests/test_api_integration.py::TestBrowser::test_browser_status PASSED   [ 46%]
tests/test_api_integration.py::TestPlugins::test_plugins_list PASSED     [ 47%]
tests/test_api_integration.py::TestDocs::test_docs_files PASSED          [ 48%]
tests/test_api_integration.py::TestEvents::test_events_stats PASSED      [ 49%]
tests/test_api_integration.py::TestEvents::test_events_recent PASSED     [ 50%]
tests/test_api_integration.py::TestSystemAPI::test_diagnosis PASSED      [ 51%]
tests/test_api_integration.py::TestSystemAPI::test_rate_limit PASSED     [ 52%]
tests/test_api_integration.py::TestSystemAPI::test_logs PASSED           [ 53%]
tests/test_api_integration.py::TestSystemAPI::test_sys_metrics PASSED    [ 54%]
tests/test_api_integration.py::TestPersistence::test_persistence_status PASSED [ 55%]
tests/test_api_integration.py::TestTunnel::test_tunnel_status PASSED     [ 56%]
tests/test_api_integration.py::TestFrontend::test_dashboard PASSED       [ 57%]
tests/test_api_integration.py::TestFrontend::test_i18n PASSED            [ 58%]
tests/test_core.py::TestSystemAPI::test_01_status PASSED                 [ 60%]
tests/test_core.py::TestSystemAPI::test_02_scheduler FAILED              [ 61%]
tests/test_core.py::TestSystemAPI::test_03_llm_providers PASSED          [ 62%]
tests/test_core.py::TestSystemAPI::test_04_notify_channels FAILED        [ 63%]
tests/test_core.py::TestSystemAPI::test_05_security FAILED               [ 64%]
tests/test_core.py::TestSystemAPI::test_06_autonomous FAILED             [ 65%]
tests/test_core.py::TestSystemAPI::test_07_module_quality FAILED         [ 66%]
tests/test_core.py::TestSystemAPI::test_08_dashboard_served PASSED       [ 67%]
tests/test_core.py::TestSystemAPI::test_09_wizard_served FAILED          [ 68%]
tests/test_core.py::TestSystemAPI::test_10_i18n_served FAILED            [ 69%]
tests/test_core.py::TestSchedulerTasks::test_tasks_registered FAILED     [ 70%]
tests/test_core.py::TestFileIntegrity::test_core_modules PASSED          [ 71%]
tests/test_core.py::TestFileIntegrity::test_docker_files PASSED          [ 72%]
tests/test_core.py::TestFileIntegrity::test_i18n_exists FAILED           [ 73%]
tests/test_core.py::TestFileIntegrity::test_index_exists PASSED          [ 74%]
tests/test_core_modules.py::TestSystemAPI::test_scheduler_status PASSED  [ 75%]
tests/test_core_modules.py::TestSystemAPI::test_llm_providers PASSED     [ 76%]
tests/test_core_modules.py::TestSystemAPI::test_config PASSED            [ 77%]
tests/test_core_modules.py::TestSystemAPI::test_health PASSED            [ 78%]
tests/test_core_modules.py::TestSystemAPI::test_notify_channels PASSED   [ 80%]
tests/test_core_modules.py::TestSystemAPI::test_security PASSED          [ 81%]
tests/test_core_modules.py::TestSystemAPI::test_auth PASSED              [ 82%]
tests/test_core_modules.py::TestSystemAPI::test_diagnosis PASSED         [ 83%]
tests/test_core_modules.py::TestSystemAPI::test_events_stats PASSED      [ 84%]
tests/test_e2e_workflows.py::TestAuthWorkflow::test_jwt_issue_and_verify FAILED [ 85%]
tests/test_e2e_workflows.py::TestAuthWorkflow::test_rbac_full_flow FAILED [ 86%]
tests/test_e2e_workflows.py::TestDataWorkflow::test_data_analysis FAILED [ 87%]
tests/test_e2e_workflows.py::TestDataWorkflow::test_forex FAILED         [ 88%]
tests/test_e2e_workflows.py::TestDataWorkflow::test_recommend FAILED     [ 89%]
tests/test_e2e_workflows.py::TestSecurityWorkflow::test_audit PASSED     [ 90%]
tests/test_e2e_workflows.py::TestSecurityWorkflow::test_rate_limiter PASSED [ 91%]
tests/test_module_compliance.py::TestModuleCompliance::test_all_have_meta PASSED [ 92%]
tests/test_module_compliance.py::TestModuleCompliance::test_no_stubs_remain PASSED [ 93%]
tests/test_module_compliance.py::TestModuleCompliance::test_valid_syntax FAILED [ 94%]
tests/test_module_compliance.py::TestModuleCompliance::test_module_count PASSED [ 95%]
tests/test_module_compliance.py::TestModuleCompliance::test_no_dup_ids PASSED [ 96%]
tests/test_module_compliance.py::TestModuleCompliance::test_all_inherit_enterprise PASSED [ 97%]
tests/test_module_compliance.py::TestModuleCompliance::test_circuit_breaker_mixin_present PASSED [ 98%]
tests/test_module_compliance.py::TestModuleCompliance::test_file_size_minimum PASSED [100%]

================================== FAILURES ===================================
E   AssertionError: False is not true
C:\Users\�⺣��\AppData\Local\Python\pythoncore-3.14-64\Lib\unittest\case.py:762: AssertionError: False is not true
E   AssertionError: 6 not greater than or equal to 10
C:\Users\�⺣��\AppData\Local\Python\pythoncore-3.14-64\Lib\unittest\case.py:750: AssertionError: 6 not greater than or equal to 10
E   AssertionError: False is not true
C:\Users\�⺣��\AppData\Local\Python\pythoncore-3.14-64\Lib\unittest\case.py:762: AssertionError: False is not true
E   AssertionError: 404 != 200
C:\Users\�⺣��\AppData\Local\Python\pythoncore-3.14-64\Lib\unittest\case.py:918: AssertionError: 404 != 200
E   AssertionError: 404 != 200
C:\Users\�⺣��\AppData\Local\Python\pythoncore-3.14-64\Lib\unittest\case.py:918: AssertionError: 404 != 200
E   AssertionError: 404 != 200
C:\Users\�⺣��\AppData\Local\Python\pythoncore-3.14-64\Lib\unittest\case.py:918: AssertionError: 404 != 200
E   AssertionError: b'setLang' not found in b'{"error":"i18n file not found"}'
C:\Users\�⺣��\AppData\Local\Python\pythoncore-3.14-64\Lib\unittest\case.py:750: AssertionError: b'setLang' not found in b'{"error":"i18n file not found"}'
E   AssertionError: 0 not greater than or equal to 10
C:\Users\�⺣��\AppData\Local\Python\pythoncore-3.14-64\Lib\unittest\case.py:750: AssertionError: 0 not greater than or equal to 10
E   AssertionError: False is not true
C:\Users\�⺣��\AppData\Local\Python\pythoncore-3.14-64\Lib\unittest\case.py:762: AssertionError: False is not true
E   AssertionError: issue failed: {'success': False, 'error': 'user_id is required'}
    assert False
     +  where False = <built-in method get of dict object at 0x000001F63DB90440>('success')
     +    where <built-in method get of dict object at 0x000001F63DB90440> = {'success': False, 'error': 'user_id is required'}.get
D:\AUTO-EVO-AI-V0.1\tests\test_e2e_workflows.py:17: AssertionError: issue failed: {'success': False, 'error': 'user_id is required'}
E   AssertionError: check delete failed: {'success': True, 'allowed': False, 'source': 'rbac'}
    assert None
     +  where None = <built-in method get of dict object at 0x000001F63DB91280>('has_permission')
     +    where <built-in method get of dict object at 0x000001F63DB91280> = {'success': True, 'allowed': False, 'source': 'rbac'}.get
D:\AUTO-EVO-AI-V0.1\tests\test_e2e_workflows.py:31: AssertionError: check delete failed: {'success': True, 'allowed': False, 'source': 'rbac'}
E   AssertionError: analysis failed: {'detail': '�������ڲ�����', 'error': '[TypeError("\'coroutine\' object is not iterable"), TypeError(\'vars() argument must have __dict__ attribute\')]', 'path': '/api/modules/data_analysis/execute'}
    assert None
     +  where None = <built-in method get of dict object at 0x000001F63DB92700>('success')
     +    where <built-in method get of dict object at 0x000001F63DB92700> = {'detail': '\u670d\u52a1\u5668\u5185\u90e8\u9519\u8bef', 'error': '[TypeError("\'coroutine\' object is not iterable"), TypeError(\'vars() argument must have __dict__ attribute\')]', 'path': '/api/modules/data_analysis/execute'}.get
D:\AUTO-EVO-AI-V0.1\tests\test_e2e_workflows.py:37: AssertionError: analysis failed: {'detail': '�������ڲ�����', 'error': '[TypeError("\'coroutine\' object is not iterable"), TypeError(\'vars() argument must have __dict__ attribute\')]', 'path': '/api/modules/data_analysis/execute'}
E   AssertionError: forex failed: {'success': False, 'error': "Unknown action: {'action': 'quote'}"}
    assert False
     +  where False = <built-in method get of dict object at 0x000001F63DB93600>('success')
     +    where <built-in method get of dict object at 0x000001F63DB93600> = {'success': False, 'error': "Unknown action: {'action': 'quote'}"}.get
D:\AUTO-EVO-AI-V0.1\tests\test_e2e_workflows.py:43: AssertionError: forex failed: {'success': False, 'error': "Unknown action: {'action': 'quote'}"}
E   AssertionError: recommend failed: {'detail': 'ģ�鲻����: recommendation_system'}
    assert None
     +  where None = <built-in method get of dict object at 0x000001F63DB9C680>('success')
     +    where <built-in method get of dict object at 0x000001F63DB9C680> = {'detail': '\u6a21\u5757\u4e0d\u5b58\u5728: recommendation_system'}.get
D:\AUTO-EVO-AI-V0.1\tests\test_e2e_workflows.py:48: AssertionError: recommend failed: {'detail': 'ģ�鲻����: recommendation_system'}
E   AssertionError: assert 136 == 0
     +  where 136 = len([('advanced_resilience.py', 'invalid syntax (<unknown>, line 16)'), ('api_gateway.py', 'invalid syntax (<unknown>, line 18)'), ('api_rate_limiter.py', 'invalid syntax (<unknown>, line 17)'), ('auto_optimizer.py', 'invalid syntax (<unknown>, line 16)'), ('auto_recovery.py', 'invalid syntax (<unknown>, line 17)'), ('auto_update.py', 'invalid syntax (<unknown>, line 16)'), ('autonomous_agent.py', 'invalid syntax (<unknown>, line 18)'), ('autonomous_decision_engine.py', 'invalid syntax (<unknown>, line 18)'), ('blockchain_web3.py', 'invalid syntax (<unknown>, line 16)'), ('bot_handler.py', 'invalid syntax (<unknown>, line 16)'), ('cloud_sync.py', 'invalid syntax (<unknown>, line 16)'), ('component_lib.py', 'invalid syntax (<unknown>, line 16)'), ('cors_config.py', 'invalid syntax (<unknown>, line 17)'), ('crewai.py', 'invalid syntax (<unknown>, line 18)'), ('daemon_controller.py', 'invalid syntax (<unknown>, line 16)'), ('data_analysis.py', 'invalid syntax (<unknown>, line 18)'), ('data_catalog.py', 'invalid syntax (<unknown>, line 18)'), ('data_encrypt.py', 'invalid syntax (<unknown>, line 18)'), ('data_masking.py', 'invalid syntax (<unknown>, line 17)'), ('data_quality.py', 'invalid syntax (<unknown>, line 18)'), ('database_manager.py', 'invalid syntax (<unknown>, line 16)'), ('distributed_lock.py', 'invalid syntax (<unknown>, line 16)'), ('document_intelligence.py', 'invalid syntax (<unknown>, line 16)'), ('ecommerce_agent.py', 'invalid syntax (<unknown>, line 16)'), ('elasticsearch_search.py', 'invalid syntax (<unknown>, line 16)'), ('enterprise_notifier.py', 'invalid syntax (<unknown>, line 16)'), ('event_bus_pro.py', 'invalid syntax (<unknown>, line 16)'), ('evo_engine_v2.py', 'invalid syntax (<unknown>, line 16)'), ('evo_plugin_market.py', 'invalid syntax (<unknown>, line 16)'), ('excel_engine.py', 'invalid syntax (<unknown>, line 17)'), ('external_executor.py', 'invalid syntax (<unknown>, line 16)'), ('feishu_notifier.py', 'invalid syntax (<unknown>, line 18)'), ('file_watcher.py', 'invalid syntax (<unknown>, line 16)'), ('file_watcher_engine.py', 'invalid syntax (<unknown>, line 16)'), ('finance_data.py', 'invalid syntax (<unknown>, line 16)'), ('finance_legal_agent.py', 'invalid syntax (<unknown>, line 16)'), ('fincept_terminal.py', 'invalid syntax (<unknown>, line 16)'), ('firewall_rules.py', 'invalid syntax (<unknown>, line 16)'), ('first_run_setup.py', 'invalid syntax (<unknown>, line 16)'), ('forex_api.py', 'invalid syntax (<unknown>, line 18)'), ('form_engine.py', 'invalid syntax (<unknown>, line 16)'), ('fts_query.py', 'invalid syntax (<unknown>, line 16)'), ('fund_api.py', 'invalid syntax (<unknown>, line 17)'), ('futures_api.py', 'invalid syntax (<unknown>, line 18)'), ('game_simulation.py', 'invalid syntax (<unknown>, line 16)'), ('gdpr_compliance.py', 'invalid syntax (<unknown>, line 16)'), ('geo_index.py', 'invalid syntax (<unknown>, line 16)'), ('geo_replication.py', 'invalid syntax (<unknown>, line 16)'), ('github_scanner.py', 'invalid syntax (<unknown>, line 16)'), ('grafana_monitor.py', 'invalid syntax (<unknown>, line 16)'), ('graphql_gateway.py', 'invalid syntax (<unknown>, line 16)'), ('grpc_proxy.py', 'invalid syntax (<unknown>, line 16)'), ('guide_manager.py', 'invalid syntax (<unknown>, line 16)'), ('header_injector.py', 'invalid syntax (<unknown>, line 16)'), ('health_check.py', 'invalid syntax (<unknown>, line 16)'), ('health_checker.py', 'invalid syntax (<unknown>, line 16)'), ('health_dashboard.py', 'invalid syntax (<unknown>, line 16)'), ('health_ping.py', 'invalid syntax (<unknown>, line 16)'), ('heatmap_generator.py', 'invalid syntax (<unknown>, line 16)'), ('help_docs.py', 'invalid syntax (<unknown>, line 16)'), ('hermes_gateway.py', 'invalid syntax (<unknown>, line 16)'), ('hermes_solo.py', 'invalid syntax (<unknown>, line 16)'), ('hermes_webui.py', 'invalid syntax (<unknown>, line 16)'), ('hot_key_detection.py', 'invalid syntax (<unknown>, line 16)'), ('hotkey_events.py', 'invalid syntax (<unknown>, line 16)'), ('icon_manager.py', 'invalid syntax (<unknown>, line 16)'), ('image_engine.py', 'invalid syntax (<unknown>, line 16)'), ('image_generation.py', 'invalid syntax (<unknown>, line 16)'), ('iot_edge.py', 'invalid syntax (<unknown>, line 16)'), ('json_store.py', 'invalid syntax (<unknown>, line 22)'), ('lobehub_ui.py', 'invalid syntax (<unknown>, line 16)'), ('log_aggregator.py', 'invalid syntax (<unknown>, line 17)'), ('longterm_memory.py', 'invalid syntax (<unknown>, line 16)'), ('m49_push_notify.py', 'invalid syntax (<unknown>, line 21)'), ('m54_browser_auto.py', 'invalid syntax (<unknown>, line 16)'), ('m56_scheduler_pro.py', 'invalid syntax (<unknown>, line 16)'), ('mcp_client.py', 'invalid syntax (<unknown>, line 16)'), ('meeting_transcribe.py', 'invalid syntax (<unknown>, line 16)'), ('metric_collector.py', 'invalid syntax (<unknown>, line 17)'), ('ml_intern.py', 'invalid syntax (<unknown>, line 18)'), ('model_router.py', 'invalid syntax (<unknown>, line 27)'), ('mongodb_nosql.py', 'invalid syntax (<unknown>, line 17)'), ('multi_agent_crew.py', 'invalid syntax (<unknown>, line 18)'), ('object_storage.py', 'invalid syntax (<unknown>, line 16)'), ('opa_policy_engine.py', 'invalid syntax (<unknown>, line 17)'), ('open_lovable.py', 'invalid syntax (<unknown>, line 16)'), ('openhands_agent.py', 'invalid syntax (<unknown>, line 17)'), ('orchestrator_core.py', 'invalid syntax (<unknown>, line 16)'), ('page_cache.py', 'invalid syntax (<unknown>, line 16)'), ('postgres_db.py', 'invalid syntax (<unknown>, line 16)'), ('pr_manager.py', 'invalid syntax (<unknown>, line 16)'), ('praisonai_agent.py', 'invalid syntax (<unknown>, line 16)'), ('priority_queue.py', 'invalid syntax (<unknown>, line 16)'), ('process_watchdog.py', 'invalid syntax (<unknown>, line 16)'), ('project_manager.py', 'invalid syntax (<unknown>, line 16)'), ('prometheus_metrics.py', 'invalid syntax (<unknown>, line 19)'), ('pub_sub.py', 'invalid syntax (<unknown>, line 17)'), ('query_cache_layer.py', 'invalid syntax (<unknown>, line 16)'), ('rag_knowledge_engine.py', 'invalid syntax (<unknown>, line 19)'), ('rate_limit_redis.py', 'invalid syntax (<unknown>, line 16)'), ('rate_limiter.py', 'invalid syntax (<unknown>, line 16)'), ('read_write_split.py', 'invalid syntax (<unknown>, line 17)'), ('realtime_collaboration.py', 'invalid syntax (<unknown>, line 16)'), ('rebalance_protocol.py', 'invalid syntax (<unknown>, line 16)'), ('recommendation_system.py', 'invalid syntax (<unknown>, line 19)'), ('replication_monitor.py', 'invalid syntax (<unknown>, line 19)'), ('report_generator.py', 'invalid syntax (<unknown>, line 17)'), ('risk_control.py', 'invalid syntax (<unknown>, line 17)'), ('rpa_fault_tolerance.py', 'invalid syntax (<unknown>, line 16)'), ('ruoyi_ai.py', 'invalid syntax (<unknown>, line 16)'), ('scan_iterator.py', 'invalid syntax (<unknown>, line 16)'), ('scheduler_pro.py', 'invalid syntax (<unknown>, line 16)'), ('schema_evolution.py', 'invalid syntax (<unknown>, line 16)'), ('search_engine.py', 'invalid syntax (<unknown>, line 16)'), ('self_evolving_engine.py', 'invalid syntax (<unknown>, line 19)'), ('session_store.py', 'invalid syntax (<unknown>, line 16)'), ('slow_query.py', 'invalid syntax (<unknown>, line 17)'), ('speech_to_text.py', 'invalid syntax (<unknown>, line 16)'), ('sql_generator.py', 'invalid syntax (<unknown>, line 19)'), ('static_cache.py', 'invalid syntax (<unknown>, line 16)'), ('storage_encryption.py', 'invalid syntax (<unknown>, line 17)'), ('storage_tiering.py', 'invalid syntax (<unknown>, line 16)'), ('telegram_bridge.py', 'invalid syntax (<unknown>, line 18)'), ('template_market.py', 'invalid syntax (<unknown>, line 16)'), ('tenant_isolation.py', 'invalid syntax (<unknown>, line 16)'), ('three_d_ar.py', 'invalid syntax (<unknown>, line 16)'), ('turix_cua_bridge.py', 'invalid syntax (<unknown>, line 16)'), ('uni_comm_gateway.py', 'invalid syntax (<unknown>, line 16)'), ('unified_api_adapter.py', 'invalid syntax (<unknown>, line 17)'), ('visual_rpa_core.py', 'invalid syntax (<unknown>, line 16)'), ('voice_interaction.py', 'invalid syntax (<unknown>, line 17)'), ('web_remote.py', 'invalid syntax (<unknown>, line 16)'), ('webhook_dispatcher.py', 'invalid syntax (<unknown>, line 16)'), ('webtoapp.py', 'invalid syntax (<unknown>, line 16)'), ('whisper_asr.py', 'invalid syntax (<unknown>, line 16)'), ('workflow_orchestrator.py', 'invalid syntax (<unknown>, line 16)')])
D:\AUTO-EVO-AI-V0.1\tests\test_module_compliance.py:37: AssertionError: assert 136 == 0
=========================== short test summary info ===========================
FAILED tests/test_core.py::TestSystemAPI::test_02_scheduler - AssertionError: False is not true
FAILED tests/test_core.py::TestSystemAPI::test_04_notify_channels - AssertionError: 6 not greater than or equal to 10
FAILED tests/test_core.py::TestSystemAPI::test_05_security - AssertionError: False is not true
FAILED tests/test_core.py::TestSystemAPI::test_06_autonomous - AssertionError: 404 != 200
FAILED tests/test_core.py::TestSystemAPI::test_07_module_quality - AssertionError: 404 != 200
FAILED tests/test_core.py::TestSystemAPI::test_09_wizard_served - AssertionError: 404 != 200
FAILED tests/test_core.py::TestSystemAPI::test_10_i18n_served - AssertionError: b'setLang' not found in b'{"error":"i18n file not found"}'
FAILED tests/test_core.py::TestSchedulerTasks::test_tasks_registered - AssertionError: 0 not greater than or equal to 10
FAILED tests/test_core.py::TestFileIntegrity::test_i18n_exists - AssertionError: False is not true
FAILED tests/test_e2e_workflows.py::TestAuthWorkflow::test_jwt_issue_and_verify - AssertionError: issue failed: {'success': False, 'error': 'user_id is required'}
assert False
 +  where False = <built-in method get of dict object at 0x000001F63DB90440>('success')
 +    where <built-in method get of dict object at 0x000001F63DB90440> = {'success': False, 'error': 'user_id is required'}.get
FAILED tests/test_e2e_workflows.py::TestAuthWorkflow::test_rbac_full_flow - AssertionError: check delete failed: {'success': True, 'allowed': False, 'source': 'rbac'}
assert None
 +  where None = <built-in method get of dict object at 0x000001F63DB91280>('has_permission')
 +    where <built-in method get of dict object at 0x000001F63DB91280> = {'success': True, 'allowed': False, 'source': 'rbac'}.get
FAILED tests/test_e2e_workflows.py::TestDataWorkflow::test_data_analysis - AssertionError: analysis failed: {'detail': '�������ڲ�����', 'error': '[TypeError("\'coroutine\' object is not iterable"), TypeError(\'vars() argument must have __dict__ attribute\')]', 'path': '/api/modules/data_analysis/execute'}
assert None
 +  where None = <built-in method get of dict object at 0x000001F63DB92700>('success')
 +    where <built-in method get of dict object at 0x000001F63DB92700> = {'detail': '\u670d\u52a1\u5668\u5185\u90e8\u9519\u8bef', 'error': '[TypeError("\'coroutine\' object is not iterable"), TypeError(\'vars() argument must have __dict__ attribute\')]', 'path': '/api/modules/data_analysis/execute'}.get
FAILED tests/test_e2e_workflows.py::TestDataWorkflow::test_forex - AssertionError: forex failed: {'success': False, 'error': "Unknown action: {'action': 'quote'}"}
assert False
 +  where False = <built-in method get of dict object at 0x000001F63DB93600>('success')
 +    where <built-in method get of dict object at 0x000001F63DB93600> = {'success': False, 'error': "Unknown action: {'action': 'quote'}"}.get
FAILED tests/test_e2e_workflows.py::TestDataWorkflow::test_recommend - AssertionError: recommend failed: {'detail': 'ģ�鲻����: recommendation_system'}
assert None
 +  where None = <built-in method get of dict object at 0x000001F63DB9C680>('success')
 +    where <built-in method get of dict object at 0x000001F63DB9C680> = {'detail': '\u6a21\u5757\u4e0d\u5b58\u5728: recommendation_system'}.get
FAILED tests/test_module_compliance.py::TestModuleCompliance::test_valid_syntax - AssertionError: assert 136 == 0
 +  where 136 = len([('advanced_resilience.py', 'invalid syntax (<unknown>, line 16)'), ('api_gateway.py', 'invalid syntax (<unknown>, line 18)'), ('api_rate_limiter.py', 'invalid syntax (<unknown>, line 17)'), ('auto_optimizer.py', 'invalid syntax (<unknown>, line 16)'), ('auto_recovery.py', 'invalid syntax (<unknown>, line 17)'), ('auto_update.py', 'invalid syntax (<unknown>, line 16)'), ('autonomous_agent.py', 'invalid syntax (<unknown>, line 18)'), ('autonomous_decision_engine.py', 'invalid syntax (<unknown>, line 18)'), ('blockchain_web3.py', 'invalid syntax (<unknown>, line 16)'), ('bot_handler.py', 'invalid syntax (<unknown>, line 16)'), ('cloud_sync.py', 'invalid syntax (<unknown>, line 16)'), ('component_lib.py', 'invalid syntax (<unknown>, line 16)'), ('cors_config.py', 'invalid syntax (<unknown>, line 17)'), ('crewai.py', 'invalid syntax (<unknown>, line 18)'), ('daemon_controller.py', 'invalid syntax (<unknown>, line 16)'), ('data_analysis.py', 'invalid syntax (<unknown>, line 18)'), ('data_catalog.py', 'invalid syntax (<unknown>, line 18)'), ('data_encrypt.py', 'invalid syntax (<unknown>, line 18)'), ('data_masking.py', 'invalid syntax (<unknown>, line 17)'), ('data_quality.py', 'invalid syntax (<unknown>, line 18)'), ('database_manager.py', 'invalid syntax (<unknown>, line 16)'), ('distributed_lock.py', 'invalid syntax (<unknown>, line 16)'), ('document_intelligence.py', 'invalid syntax (<unknown>, line 16)'), ('ecommerce_agent.py', 'invalid syntax (<unknown>, line 16)'), ('elasticsearch_search.py', 'invalid syntax (<unknown>, line 16)'), ('enterprise_notifier.py', 'invalid syntax (<unknown>, line 16)'), ('event_bus_pro.py', 'invalid syntax (<unknown>, line 16)'), ('evo_engine_v2.py', 'invalid syntax (<unknown>, line 16)'), ('evo_plugin_market.py', 'invalid syntax (<unknown>, line 16)'), ('excel_engine.py', 'invalid syntax (<unknown>, line 17)'), ('external_executor.py', 'invalid syntax (<unknown>, line 16)'), ('feishu_notifier.py', 'invalid syntax (<unknown>, line 18)'), ('file_watcher.py', 'invalid syntax (<unknown>, line 16)'), ('file_watcher_engine.py', 'invalid syntax (<unknown>, line 16)'), ('finance_data.py', 'invalid syntax (<unknown>, line 16)'), ('finance_legal_agent.py', 'invalid syntax (<unknown>, line 16)'), ('fincept_terminal.py', 'invalid syntax (<unknown>, line 16)'), ('firewall_rules.py', 'invalid syntax (<unknown>, line 16)'), ('first_run_setup.py', 'invalid syntax (<unknown>, line 16)'), ('forex_api.py', 'invalid syntax (<unknown>, line 18)'), ('form_engine.py', 'invalid syntax (<unknown>, line 16)'), ('fts_query.py', 'invalid syntax (<unknown>, line 16)'), ('fund_api.py', 'invalid syntax (<unknown>, line 17)'), ('futures_api.py', 'invalid syntax (<unknown>, line 18)'), ('game_simulation.py', 'invalid syntax (<unknown>, line 16)'), ('gdpr_compliance.py', 'invalid syntax (<unknown>, line 16)'), ('geo_index.py', 'invalid syntax (<unknown>, line 16)'), ('geo_replication.py', 'invalid syntax (<unknown>, line 16)'), ('github_scanner.py', 'invalid syntax (<unknown>, line 16)'), ('grafana_monitor.py', 'invalid syntax (<unknown>, line 16)'), ('graphql_gateway.py', 'invalid syntax (<unknown>, line 16)'), ('grpc_proxy.py', 'invalid syntax (<unknown>, line 16)'), ('guide_manager.py', 'invalid syntax (<unknown>, line 16)'), ('header_injector.py', 'invalid syntax (<unknown>, line 16)'), ('health_check.py', 'invalid syntax (<unknown>, line 16)'), ('health_checker.py', 'invalid syntax (<unknown>, line 16)'), ('health_dashboard.py', 'invalid syntax (<unknown>, line 16)'), ('health_ping.py', 'invalid syntax (<unknown>, line 16)'), ('heatmap_generator.py', 'invalid syntax (<unknown>, line 16)'), ('help_docs.py', 'invalid syntax (<unknown>, line 16)'), ('hermes_gateway.py', 'invalid syntax (<unknown>, line 16)'), ('hermes_solo.py', 'invalid syntax (<unknown>, line 16)'), ('hermes_webui.py', 'invalid syntax (<unknown>, line 16)'), ('hot_key_detection.py', 'invalid syntax (<unknown>, line 16)'), ('hotkey_events.py', 'invalid syntax (<unknown>, line 16)'), ('icon_manager.py', 'invalid syntax (<unknown>, line 16)'), ('image_engine.py', 'invalid syntax (<unknown>, line 16)'), ('image_generation.py', 'invalid syntax (<unknown>, line 16)'), ('iot_edge.py', 'invalid syntax (<unknown>, line 16)'), ('json_store.py', 'invalid syntax (<unknown>, line 22)'), ('lobehub_ui.py', 'invalid syntax (<unknown>, line 16)'), ('log_aggregator.py', 'invalid syntax (<unknown>, line 17)'), ('longterm_memory.py', 'invalid syntax (<unknown>, line 16)'), ('m49_push_notify.py', 'invalid syntax (<unknown>, line 21)'), ('m54_browser_auto.py', 'invalid syntax (<unknown>, line 16)'), ('m56_scheduler_pro.py', 'invalid syntax (<unknown>, line 16)'), ('mcp_client.py', 'invalid syntax (<unknown>, line 16)'), ('meeting_transcribe.py', 'invalid syntax (<unknown>, line 16)'), ('metric_collector.py', 'invalid syntax (<unknown>, line 17)'), ('ml_intern.py', 'invalid syntax (<unknown>, line 18)'), ('model_router.py', 'invalid syntax (<unknown>, line 27)'), ('mongodb_nosql.py', 'invalid syntax (<unknown>, line 17)'), ('multi_agent_crew.py', 'invalid syntax (<unknown>, line 18)'), ('object_storage.py', 'invalid syntax (<unknown>, line 16)'), ('opa_policy_engine.py', 'invalid syntax (<unknown>, line 17)'), ('open_lovable.py', 'invalid syntax (<unknown>, line 16)'), ('openhands_agent.py', 'invalid syntax (<unknown>, line 17)'), ('orchestrator_core.py', 'invalid syntax (<unknown>, line 16)'), ('page_cache.py', 'invalid syntax (<unknown>, line 16)'), ('postgres_db.py', 'invalid syntax (<unknown>, line 16)'), ('pr_manager.py', 'invalid syntax (<unknown>, line 16)'), ('praisonai_agent.py', 'invalid syntax (<unknown>, line 16)'), ('priority_queue.py', 'invalid syntax (<unknown>, line 16)'), ('process_watchdog.py', 'invalid syntax (<unknown>, line 16)'), ('project_manager.py', 'invalid syntax (<unknown>, line 16)'), ('prometheus_metrics.py', 'invalid syntax (<unknown>, line 19)'), ('pub_sub.py', 'invalid syntax (<unknown>, line 17)'), ('query_cache_layer.py', 'invalid syntax (<unknown>, line 16)'), ('rag_knowledge_engine.py', 'invalid syntax (<unknown>, line 19)'), ('rate_limit_redis.py', 'invalid syntax (<unknown>, line 16)'), ('rate_limiter.py', 'invalid syntax (<unknown>, line 16)'), ('read_write_split.py', 'invalid syntax (<unknown>, line 17)'), ('realtime_collaboration.py', 'invalid syntax (<unknown>, line 16)'), ('rebalance_protocol.py', 'invalid syntax (<unknown>, line 16)'), ('recommendation_system.py', 'invalid syntax (<unknown>, line 19)'), ('replication_monitor.py', 'invalid syntax (<unknown>, line 19)'), ('report_generator.py', 'invalid syntax (<unknown>, line 17)'), ('risk_control.py', 'invalid syntax (<unknown>, line 17)'), ('rpa_fault_tolerance.py', 'invalid syntax (<unknown>, line 16)'), ('ruoyi_ai.py', 'invalid syntax (<unknown>, line 16)'), ('scan_iterator.py', 'invalid syntax (<unknown>, line 16)'), ('scheduler_pro.py', 'invalid syntax (<unknown>, line 16)'), ('schema_evolution.py', 'invalid syntax (<unknown>, line 16)'), ('search_engine.py', 'invalid syntax (<unknown>, line 16)'), ('self_evolving_engine.py', 'invalid syntax (<unknown>, line 19)'), ('session_store.py', 'invalid syntax (<unknown>, line 16)'), ('slow_query.py', 'invalid syntax (<unknown>, line 17)'), ('speech_to_text.py', 'invalid syntax (<unknown>, line 16)'), ('sql_generator.py', 'invalid syntax (<unknown>, line 19)'), ('static_cache.py', 'invalid syntax (<unknown>, line 16)'), ('storage_encryption.py', 'invalid syntax (<unknown>, line 17)'), ('storage_tiering.py', 'invalid syntax (<unknown>, line 16)'), ('telegram_bridge.py', 'invalid syntax (<unknown>, line 18)'), ('template_market.py', 'invalid syntax (<unknown>, line 16)'), ('tenant_isolation.py', 'invalid syntax (<unknown>, line 16)'), ('three_d_ar.py', 'invalid syntax (<unknown>, line 16)'), ('turix_cua_bridge.py', 'invalid syntax (<unknown>, line 16)'), ('uni_comm_gateway.py', 'invalid syntax (<unknown>, line 16)'), ('unified_api_adapter.py', 'invalid syntax (<unknown>, line 17)'), ('visual_rpa_core.py', 'invalid syntax (<unknown>, line 16)'), ('voice_interaction.py', 'invalid syntax (<unknown>, line 17)'), ('web_remote.py', 'invalid syntax (<unknown>, line 16)'), ('webhook_dispatcher.py', 'invalid syntax (<unknown>, line 16)'), ('webtoapp.py', 'invalid syntax (<unknown>, line 16)'), ('whisper_asr.py', 'invalid syntax (<unknown>, line 16)'), ('workflow_orchestrator.py', 'invalid syntax (<unknown>, line 16)')])
================== 15 failed, 80 passed in 191.59s (0:03:11) ==================
